<?xml version="1.0" encoding="UTF-8"?>
<robot generator="Robot 7.2.2 (Python 3.13.2 on win32)" generated="2025-04-14T16:22:11.862599" rpa="false" schemaversion="5">
<suite id="s1" name="SF US23" source="D:\SorafuelAutomationTesting\Inovat8-Project-database-main\tests\SF_US23.robot">
<test id="s1-t1" name="US23 Verifying the Hover Functionality for the Dashboard and Master Data Page" line="7">
<kw name="Login to Sora Fuel" owner="medium_level_keywords">
<kw name="Open Browser" owner="SeleniumLibrary">
<msg time="2025-04-14T16:22:12.336067" level="INFO">Opening browser 'chrome' to base url 'https://sorafuel.inovat8.com/'.</msg>
<arg>https://sorafuel.inovat8.com/</arg>
<arg>chrome</arg>
<doc>Opens a new browser instance to the optional ``url``.</doc>
<status status="PASS" start="2025-04-14T16:22:12.335863" elapsed="4.576652"/>
</kw>
<kw name="Maximize Browser Window" owner="SeleniumLibrary">
<doc>Maximizes current browser window.</doc>
<status status="PASS" start="2025-04-14T16:22:16.912804" elapsed="0.037130"/>
</kw>
<kw name="Click On Composed Locator" owner="low_level_keywords">
<kw name="Evaluate" owner="BuiltIn">
<msg time="2025-04-14T16:22:16.962887" level="INFO">${composed} = //div/label[text() = "Username"]/following-sibling::div/input</msg>
<var>${composed}</var>
<arg>'${locator}' % '${text}'</arg>
<doc>Evaluates the given expression in Python and returns the result.</doc>
<status status="PASS" start="2025-04-14T16:22:16.962357" elapsed="0.000665"/>
</kw>
<kw name="Click On Locator" owner="low_level_keywords">
<kw name="Wait For Locator" owner="low_level_keywords">
<kw name="Wait Until Element Is Visible" owner="SeleniumLibrary">
<arg>${locator}</arg>
<arg>timeout=${timeout}</arg>
<doc>Waits until the element ``locator`` is visible.</doc>
<status status="PASS" start="2025-04-14T16:22:16.980855" elapsed="1.117921"/>
</kw>
<arg>${locator}</arg>
<tag>DONE</tag>
<doc>Verifies that element ``locator`` is found on the current page.</doc>
<status status="PASS" start="2025-04-14T16:22:16.980475" elapsed="1.118483"/>
</kw>
<kw name="Click Element" owner="SeleniumLibrary">
<msg time="2025-04-14T16:22:18.099613" level="INFO">Clicking element '//div/label[text() = "Username"]/following-sibling::div/input'.</msg>
<arg>${locator}</arg>
<doc>Click the element identified by ``locator``.</doc>
<status status="PASS" start="2025-04-14T16:22:18.099269" elapsed="0.097148"/>
</kw>
<arg>${composed}</arg>
<tag>DONE</tag>
<doc>Click the element identified by ``locator``.</doc>
<status status="PASS" start="2025-04-14T16:22:16.970703" elapsed="1.225912"/>
</kw>
<return>
<value>${composed}</value>
<status status="PASS" start="2025-04-14T16:22:18.196757" elapsed="0.000108"/>
</return>
<arg>${login_credenetials}</arg>
<arg>Username</arg>
<tag>DONE</tag>
<doc>Click the element identified by ``locator`` and its text.</doc>
<status status="PASS" start="2025-04-14T16:22:16.961647" elapsed="1.235495"/>
</kw>
<kw name="Send Keys to Composed Locator" owner="low_level_keywords">
<kw name="Evaluate" owner="BuiltIn">
<msg time="2025-04-14T16:22:18.215994" level="INFO">${composed} = //div/label[text() = "Username"]/following-sibling::div/input</msg>
<var>${composed}</var>
<arg>'${locator}' % '${element_required_to_compose}'</arg>
<doc>Evaluates the given expression in Python and returns the result.</doc>
<status status="PASS" start="2025-04-14T16:22:18.215616" elapsed="0.000431"/>
</kw>
<kw name="Send Keys To Locator" owner="low_level_keywords">
<kw name="Wait For Locator" owner="low_level_keywords">
<kw name="Wait Until Element Is Visible" owner="SeleniumLibrary">
<arg>${locator}</arg>
<arg>timeout=${timeout}</arg>
<doc>Waits until the element ``locator`` is visible.</doc>
<status status="PASS" start="2025-04-14T16:22:18.243069" elapsed="0.020613"/>
</kw>
<arg>${locator}</arg>
<tag>DONE</tag>
<doc>Verifies that element ``locator`` is found on the current page.</doc>
<status status="PASS" start="2025-04-14T16:22:18.242372" elapsed="0.021508"/>
</kw>
<kw name="Clear Element Text" owner="SeleniumLibrary">
<arg>${locator}</arg>
<doc>Clears the value of the text-input-element identified by ``locator``.</doc>
<status status="PASS" start="2025-04-14T16:22:18.264198" elapsed="0.037232"/>
</kw>
<kw name="Press Keys" owner="SeleniumLibrary">
<msg time="2025-04-14T16:22:18.302280" level="INFO">Sending key(s) ('Ahmed',) to //div/label[text() = "Username"]/following-sibling::div/input element.</msg>
<msg time="2025-04-14T16:22:18.598845" level="INFO">Sending keys Ahmed</msg>
<arg>${locator}</arg>
<arg>${text}</arg>
<doc>Simulates the user pressing key(s) to an element or on the active browser.</doc>
<status status="PASS" start="2025-04-14T16:22:18.301748" elapsed="0.332374"/>
</kw>
<arg>${composed}</arg>
<arg>${text_to_enter}</arg>
<tag>DONE</tag>
<doc>Simulates the user pressing key(s) to an element or on the active browser.</doc>
<status status="PASS" start="2025-04-14T16:22:18.225127" elapsed="0.409116"/>
</kw>
<arg>${login_credenetials}</arg>
<arg>Username</arg>
<arg>Ahmed</arg>
<tag>DONE</tag>
<doc>Enter input in the element identified by ``locator`` and its text.</doc>
<status status="PASS" start="2025-04-14T16:22:18.214953" elapsed="0.419362"/>
</kw>
<kw name="Click On Composed Locator" owner="low_level_keywords">
<kw name="Evaluate" owner="BuiltIn">
<msg time="2025-04-14T16:22:18.640208" level="INFO">${composed} = //div/label[text() = "Password"]/following-sibling::div/input</msg>
<var>${composed}</var>
<arg>'${locator}' % '${text}'</arg>
<doc>Evaluates the given expression in Python and returns the result.</doc>
<status status="PASS" start="2025-04-14T16:22:18.638854" elapsed="0.001418"/>
</kw>
<kw name="Click On Locator" owner="low_level_keywords">
<kw name="Wait For Locator" owner="low_level_keywords">
<kw name="Wait Until Element Is Visible" owner="SeleniumLibrary">
<arg>${locator}</arg>
<arg>timeout=${timeout}</arg>
<doc>Waits until the element ``locator`` is visible.</doc>
<status status="PASS" start="2025-04-14T16:22:18.651860" elapsed="0.017899"/>
</kw>
<arg>${locator}</arg>
<tag>DONE</tag>
<doc>Verifies that element ``locator`` is found on the current page.</doc>
<status status="PASS" start="2025-04-14T16:22:18.651511" elapsed="0.018369"/>
</kw>
<kw name="Click Element" owner="SeleniumLibrary">
<msg time="2025-04-14T16:22:18.670272" level="INFO">Clicking element '//div/label[text() = "Password"]/following-sibling::div/input'.</msg>
<arg>${locator}</arg>
<doc>Click the element identified by ``locator``.</doc>
<status status="PASS" start="2025-04-14T16:22:18.670067" elapsed="0.064018"/>
</kw>
<arg>${composed}</arg>
<tag>DONE</tag>
<doc>Click the element identified by ``locator``.</doc>
<status status="PASS" start="2025-04-14T16:22:18.645372" elapsed="0.088924"/>
</kw>
<return>
<value>${composed}</value>
<status status="PASS" start="2025-04-14T16:22:18.734593" elapsed="0.000146"/>
</return>
<arg>${login_credenetials}</arg>
<arg>Password</arg>
<tag>DONE</tag>
<doc>Click the element identified by ``locator`` and its text.</doc>
<status status="PASS" start="2025-04-14T16:22:18.637935" elapsed="0.097134"/>
</kw>
<kw name="Send Keys to Composed Locator" owner="low_level_keywords">
<kw name="Evaluate" owner="BuiltIn">
<msg time="2025-04-14T16:22:18.748818" level="INFO">${composed} = //div/label[text() = "Password"]/following-sibling::div/input</msg>
<var>${composed}</var>
<arg>'${locator}' % '${element_required_to_compose}'</arg>
<doc>Evaluates the given expression in Python and returns the result.</doc>
<status status="PASS" start="2025-04-14T16:22:18.748470" elapsed="0.000397"/>
</kw>
<kw name="Send Keys To Locator" owner="low_level_keywords">
<kw name="Wait For Locator" owner="low_level_keywords">
<kw name="Wait Until Element Is Visible" owner="SeleniumLibrary">
<arg>${locator}</arg>
<arg>timeout=${timeout}</arg>
<doc>Waits until the element ``locator`` is visible.</doc>
<status status="PASS" start="2025-04-14T16:22:18.763261" elapsed="0.014266"/>
</kw>
<arg>${locator}</arg>
<tag>DONE</tag>
<doc>Verifies that element ``locator`` is found on the current page.</doc>
<status status="PASS" start="2025-04-14T16:22:18.762894" elapsed="0.014753"/>
</kw>
<kw name="Clear Element Text" owner="SeleniumLibrary">
<arg>${locator}</arg>
<doc>Clears the value of the text-input-element identified by ``locator``.</doc>
<status status="PASS" start="2025-04-14T16:22:18.777939" elapsed="0.027140"/>
</kw>
<kw name="Press Keys" owner="SeleniumLibrary">
<msg time="2025-04-14T16:22:18.806884" level="INFO">Sending key(s) ('Ahmed@123',) to //div/label[text() = "Password"]/following-sibling::div/input element.</msg>
<msg time="2025-04-14T16:22:19.097814" level="INFO">Sending keys Ahmed@123</msg>
<arg>${locator}</arg>
<arg>${text}</arg>
<doc>Simulates the user pressing key(s) to an element or on the active browser.</doc>
<status status="PASS" start="2025-04-14T16:22:18.805988" elapsed="0.379414"/>
</kw>
<arg>${composed}</arg>
<arg>${text_to_enter}</arg>
<tag>DONE</tag>
<doc>Simulates the user pressing key(s) to an element or on the active browser.</doc>
<status status="PASS" start="2025-04-14T16:22:18.752642" elapsed="0.432882"/>
</kw>
<arg>${login_credenetials}</arg>
<arg>Password</arg>
<arg>Ahmed@123</arg>
<tag>DONE</tag>
<doc>Enter input in the element identified by ``locator`` and its text.</doc>
<status status="PASS" start="2025-04-14T16:22:18.748025" elapsed="0.437580"/>
</kw>
<kw name="Capture Page Screenshot" owner="SeleniumLibrary">
<msg time="2025-04-14T16:22:19.412764" level="INFO" html="true">&lt;/td&gt;&lt;/tr&gt;&lt;tr&gt;&lt;td colspan="3"&gt;&lt;a href="selenium-screenshot-25.png"&gt;&lt;img src="selenium-screenshot-25.png" width="800px"&gt;&lt;/a&gt;</msg>
<doc>Takes a screenshot of the current page and embeds it into a log file.</doc>
<status status="PASS" start="2025-04-14T16:22:19.185803" elapsed="0.227105"/>
</kw>
<kw name="Click On Locator" owner="low_level_keywords">
<kw name="Wait For Locator" owner="low_level_keywords">
<kw name="Wait Until Element Is Visible" owner="SeleniumLibrary">
<arg>${locator}</arg>
<arg>timeout=${timeout}</arg>
<doc>Waits until the element ``locator`` is visible.</doc>
<status status="PASS" start="2025-04-14T16:22:19.424280" elapsed="0.018914"/>
</kw>
<arg>${locator}</arg>
<tag>DONE</tag>
<doc>Verifies that element ``locator`` is found on the current page.</doc>
<status status="PASS" start="2025-04-14T16:22:19.423920" elapsed="0.019381"/>
</kw>
<kw name="Click Element" owner="SeleniumLibrary">
<msg time="2025-04-14T16:22:19.443682" level="INFO">Clicking element '//button[text() = "Sign in"]'.</msg>
<arg>${locator}</arg>
<doc>Click the element identified by ``locator``.</doc>
<status status="PASS" start="2025-04-14T16:22:19.443479" elapsed="0.055559"/>
</kw>
<arg>${signin_button}</arg>
<tag>DONE</tag>
<doc>Click the element identified by ``locator``.</doc>
<status status="PASS" start="2025-04-14T16:22:19.416448" elapsed="0.082760"/>
</kw>
<kw name="Wait For Locator" owner="low_level_keywords">
<kw name="Wait Until Element Is Visible" owner="SeleniumLibrary">
<arg>${locator}</arg>
<arg>timeout=${timeout}</arg>
<doc>Waits until the element ``locator`` is visible.</doc>
<status status="PASS" start="2025-04-14T16:22:19.518708" elapsed="3.700519"/>
</kw>
<arg>${new_project_button}</arg>
<tag>DONE</tag>
<doc>Verifies that element ``locator`` is found on the current page.</doc>
<status status="PASS" start="2025-04-14T16:22:19.518162" elapsed="3.701285"/>
</kw>
<kw name="Capture Page Screenshot" owner="SeleniumLibrary">
<msg time="2025-04-14T16:22:23.461958" level="INFO" html="true">&lt;/td&gt;&lt;/tr&gt;&lt;tr&gt;&lt;td colspan="3"&gt;&lt;a href="selenium-screenshot-26.png"&gt;&lt;img src="selenium-screenshot-26.png" width="800px"&gt;&lt;/a&gt;</msg>
<doc>Takes a screenshot of the current page and embeds it into a log file.</doc>
<status status="PASS" start="2025-04-14T16:22:23.219813" elapsed="0.242293"/>
</kw>
<tag>DONE</tag>
<doc>Login to Sora Fuel</doc>
<status status="PASS" start="2025-04-14T16:22:12.335142" elapsed="11.127117"/>
</kw>
<kw name="Hover over all Projects from Dashboard" owner="medium_level_keywords">
<kw name="Get WebElements" owner="SeleniumLibrary">
<msg time="2025-04-14T16:22:23.475378" level="INFO">${Elements} = [&lt;selenium.webdriver.remote.webelement.WebElement (session="b6b2bb234196b0c83b99f71e12cf112b", element="f.7BC756E21BC6E419EDED85B0C2A1EFD6.d.9D95C8A46E4965DE2A013217A0076E10.e.37")&gt;, &lt;selenium.webdriv...</msg>
<var>${Elements}</var>
<arg>${entries_navigation}</arg>
<doc>Returns a list of WebElement objects matching the ``locator``.</doc>
<status status="PASS" start="2025-04-14T16:22:23.462956" elapsed="0.012471"/>
</kw>
<kw name="Get Length" owner="BuiltIn">
<msg time="2025-04-14T16:22:23.475785" level="INFO">Length is 8.</msg>
<msg time="2025-04-14T16:22:23.475865" level="INFO">${numbers} = 8</msg>
<var>${numbers}</var>
<arg>${Elements}</arg>
<doc>Returns and logs the length of the given item as an integer.</doc>
<status status="PASS" start="2025-04-14T16:22:23.475642" elapsed="0.000248"/>
</kw>
<kw name="Convert To Integer" owner="BuiltIn">
<arg>${numbers}</arg>
<doc>Converts the given item to an integer number.</doc>
<status status="PASS" start="2025-04-14T16:22:23.476021" elapsed="0.000150"/>
</kw>
<kw name="Evaluate" owner="BuiltIn">
<msg time="2025-04-14T16:22:23.476475" level="INFO">${numbers} = 10</msg>
<var>${numbers}</var>
<arg>${numbers} + 2</arg>
<doc>Evaluates the given expression in Python and returns the result.</doc>
<status status="PASS" start="2025-04-14T16:22:23.476295" elapsed="0.000208"/>
</kw>
<for flavor="IN RANGE">
<iter>
<kw name="Composed Locator" owner="low_level_keywords">
<kw name="Evaluate" owner="BuiltIn">
<msg time="2025-04-14T16:22:23.481356" level="INFO">${composed} = //div[@class = "tr"][2]/div[contains(@class, "clickable align-column-left")][1]</msg>
<var>${composed}</var>
<arg>'${locator}' % '${text}'</arg>
<doc>Evaluates the given expression in Python and returns the result.</doc>
<status status="PASS" start="2025-04-14T16:22:23.480977" elapsed="0.000426"/>
</kw>
<return>
<value>${composed}</value>
<status status="PASS" start="2025-04-14T16:22:23.481488" elapsed="0.000043"/>
</return>
<msg time="2025-04-14T16:22:23.481651" level="INFO">${locator} = //div[@class = "tr"][2]/div[contains(@class, "clickable align-column-left")][1]</msg>
<var>${locator}</var>
<arg>${entries_navigation_composed}</arg>
<arg>${index}</arg>
<tag>DONE</tag>
<doc>Provides a Composed Locator</doc>
<status status="PASS" start="2025-04-14T16:22:23.480569" elapsed="0.001109"/>
</kw>
<kw name="Mouse Over" owner="SeleniumLibrary">
<msg time="2025-04-14T16:22:23.481999" level="INFO">Simulating Mouse Over on element '//div[@class = "tr"][2]/div[contains(@class, "clickable align-column-left")][1]'.</msg>
<arg>${locator}</arg>
<doc>Simulates hovering the mouse over the element ``locator``.</doc>
<status status="PASS" start="2025-04-14T16:22:23.481840" elapsed="0.303046"/>
</kw>
<kw name="Sleep" owner="BuiltIn">
<msg time="2025-04-14T16:22:23.987008" level="INFO">Slept 200 milliseconds.</msg>
<arg>0.2</arg>
<doc>Pauses the test executed for the given time.</doc>
<status status="PASS" start="2025-04-14T16:22:23.786092" elapsed="0.201136"/>
</kw>
<var name="${index}">2</var>
<status status="PASS" start="2025-04-14T16:22:23.476786" elapsed="0.510582"/>
</iter>
<iter>
<kw name="Composed Locator" owner="low_level_keywords">
<kw name="Evaluate" owner="BuiltIn">
<msg time="2025-04-14T16:22:23.996895" level="INFO">${composed} = //div[@class = "tr"][3]/div[contains(@class, "clickable align-column-left")][1]</msg>
<var>${composed}</var>
<arg>'${locator}' % '${text}'</arg>
<doc>Evaluates the given expression in Python and returns the result.</doc>
<status status="PASS" start="2025-04-14T16:22:23.996383" elapsed="0.000590"/>
</kw>
<return>
<value>${composed}</value>
<status status="PASS" start="2025-04-14T16:22:23.997127" elapsed="0.000087"/>
</return>
<msg time="2025-04-14T16:22:23.997485" level="INFO">${locator} = //div[@class = "tr"][3]/div[contains(@class, "clickable align-column-left")][1]</msg>
<var>${locator}</var>
<arg>${entries_navigation_composed}</arg>
<arg>${index}</arg>
<tag>DONE</tag>
<doc>Provides a Composed Locator</doc>
<status status="PASS" start="2025-04-14T16:22:23.995593" elapsed="0.002134"/>
</kw>
<kw name="Mouse Over" owner="SeleniumLibrary">
<msg time="2025-04-14T16:22:23.998446" level="INFO">Simulating Mouse Over on element '//div[@class = "tr"][3]/div[contains(@class, "clickable align-column-left")][1]'.</msg>
<arg>${locator}</arg>
<doc>Simulates hovering the mouse over the element ``locator``.</doc>
<status status="PASS" start="2025-04-14T16:22:23.998076" elapsed="0.293995"/>
</kw>
<kw name="Sleep" owner="BuiltIn">
<msg time="2025-04-14T16:22:24.492979" level="INFO">Slept 200 milliseconds.</msg>
<arg>0.2</arg>
<doc>Pauses the test executed for the given time.</doc>
<status status="PASS" start="2025-04-14T16:22:24.292507" elapsed="0.200611"/>
</kw>
<var name="${index}">3</var>
<status status="PASS" start="2025-04-14T16:22:23.987765" elapsed="0.505454"/>
</iter>
<iter>
<kw name="Composed Locator" owner="low_level_keywords">
<kw name="Evaluate" owner="BuiltIn">
<msg time="2025-04-14T16:22:24.506886" level="INFO">${composed} = //div[@class = "tr"][4]/div[contains(@class, "clickable align-column-left")][1]</msg>
<var>${composed}</var>
<arg>'${locator}' % '${text}'</arg>
<doc>Evaluates the given expression in Python and returns the result.</doc>
<status status="PASS" start="2025-04-14T16:22:24.506365" elapsed="0.000600"/>
</kw>
<return>
<value>${composed}</value>
<status status="PASS" start="2025-04-14T16:22:24.507129" elapsed="0.000084"/>
</return>
<msg time="2025-04-14T16:22:24.507502" level="INFO">${locator} = //div[@class = "tr"][4]/div[contains(@class, "clickable align-column-left")][1]</msg>
<var>${locator}</var>
<arg>${entries_navigation_composed}</arg>
<arg>${index}</arg>
<tag>DONE</tag>
<doc>Provides a Composed Locator</doc>
<status status="PASS" start="2025-04-14T16:22:24.505337" elapsed="0.002235"/>
</kw>
<kw name="Mouse Over" owner="SeleniumLibrary">
<msg time="2025-04-14T16:22:24.508272" level="INFO">Simulating Mouse Over on element '//div[@class = "tr"][4]/div[contains(@class, "clickable align-column-left")][1]'.</msg>
<arg>${locator}</arg>
<doc>Simulates hovering the mouse over the element ``locator``.</doc>
<status status="PASS" start="2025-04-14T16:22:24.507936" elapsed="0.284315"/>
</kw>
<kw name="Sleep" owner="BuiltIn">
<msg time="2025-04-14T16:22:24.993640" level="INFO">Slept 200 milliseconds.</msg>
<arg>0.2</arg>
<doc>Pauses the test executed for the given time.</doc>
<status status="PASS" start="2025-04-14T16:22:24.792832" elapsed="0.200922"/>
</kw>
<var name="${index}">4</var>
<status status="PASS" start="2025-04-14T16:22:24.493444" elapsed="0.500388"/>
</iter>
<iter>
<kw name="Composed Locator" owner="low_level_keywords">
<kw name="Evaluate" owner="BuiltIn">
<msg time="2025-04-14T16:22:24.999276" level="INFO">${composed} = //div[@class = "tr"][5]/div[contains(@class, "clickable align-column-left")][1]</msg>
<var>${composed}</var>
<arg>'${locator}' % '${text}'</arg>
<doc>Evaluates the given expression in Python and returns the result.</doc>
<status status="PASS" start="2025-04-14T16:22:24.998644" elapsed="0.000706"/>
</kw>
<return>
<value>${composed}</value>
<status status="PASS" start="2025-04-14T16:22:24.999487" elapsed="0.000081"/>
</return>
<msg time="2025-04-14T16:22:24.999848" level="INFO">${locator} = //div[@class = "tr"][5]/div[contains(@class, "clickable align-column-left")][1]</msg>
<var>${locator}</var>
<arg>${entries_navigation_composed}</arg>
<arg>${index}</arg>
<tag>DONE</tag>
<doc>Provides a Composed Locator</doc>
<status status="PASS" start="2025-04-14T16:22:24.998208" elapsed="0.001701"/>
</kw>
<kw name="Mouse Over" owner="SeleniumLibrary">
<msg time="2025-04-14T16:22:25.000588" level="INFO">Simulating Mouse Over on element '//div[@class = "tr"][5]/div[contains(@class, "clickable align-column-left")][1]'.</msg>
<arg>${locator}</arg>
<doc>Simulates hovering the mouse over the element ``locator``.</doc>
<status status="PASS" start="2025-04-14T16:22:25.000309" elapsed="0.291889"/>
</kw>
<kw name="Sleep" owner="BuiltIn">
<msg time="2025-04-14T16:22:25.494264" level="INFO">Slept 200 milliseconds.</msg>
<arg>0.2</arg>
<doc>Pauses the test executed for the given time.</doc>
<status status="PASS" start="2025-04-14T16:22:25.292937" elapsed="0.201715"/>
</kw>
<var name="${index}">5</var>
<status status="PASS" start="2025-04-14T16:22:24.994028" elapsed="0.500972"/>
</iter>
<iter>
<kw name="Composed Locator" owner="low_level_keywords">
<kw name="Evaluate" owner="BuiltIn">
<msg time="2025-04-14T16:22:25.511265" level="INFO">${composed} = //div[@class = "tr"][6]/div[contains(@class, "clickable align-column-left")][1]</msg>
<var>${composed}</var>
<arg>'${locator}' % '${text}'</arg>
<doc>Evaluates the given expression in Python and returns the result.</doc>
<status status="PASS" start="2025-04-14T16:22:25.510785" elapsed="0.000545"/>
</kw>
<return>
<value>${composed}</value>
<status status="PASS" start="2025-04-14T16:22:25.511457" elapsed="0.000073"/>
</return>
<msg time="2025-04-14T16:22:25.511783" level="INFO">${locator} = //div[@class = "tr"][6]/div[contains(@class, "clickable align-column-left")][1]</msg>
<var>${locator}</var>
<arg>${entries_navigation_composed}</arg>
<arg>${index}</arg>
<tag>DONE</tag>
<doc>Provides a Composed Locator</doc>
<status status="PASS" start="2025-04-14T16:22:25.509419" elapsed="0.002416"/>
</kw>
<kw name="Mouse Over" owner="SeleniumLibrary">
<msg time="2025-04-14T16:22:25.512400" level="INFO">Simulating Mouse Over on element '//div[@class = "tr"][6]/div[contains(@class, "clickable align-column-left")][1]'.</msg>
<arg>${locator}</arg>
<doc>Simulates hovering the mouse over the element ``locator``.</doc>
<status status="PASS" start="2025-04-14T16:22:25.512110" elapsed="0.295300"/>
</kw>
<kw name="Sleep" owner="BuiltIn">
<msg time="2025-04-14T16:22:26.008498" level="INFO">Slept 200 milliseconds.</msg>
<arg>0.2</arg>
<doc>Pauses the test executed for the given time.</doc>
<status status="PASS" start="2025-04-14T16:22:25.807931" elapsed="0.200684"/>
</kw>
<var name="${index}">6</var>
<status status="PASS" start="2025-04-14T16:22:25.495488" elapsed="0.513230"/>
</iter>
<iter>
<kw name="Composed Locator" owner="low_level_keywords">
<kw name="Evaluate" owner="BuiltIn">
<msg time="2025-04-14T16:22:26.018399" level="INFO">${composed} = //div[@class = "tr"][7]/div[contains(@class, "clickable align-column-left")][1]</msg>
<var>${composed}</var>
<arg>'${locator}' % '${text}'</arg>
<doc>Evaluates the given expression in Python and returns the result.</doc>
<status status="PASS" start="2025-04-14T16:22:26.017975" elapsed="0.000486"/>
</kw>
<return>
<value>${composed}</value>
<status status="PASS" start="2025-04-14T16:22:26.018581" elapsed="0.000065"/>
</return>
<msg time="2025-04-14T16:22:26.018849" level="INFO">${locator} = //div[@class = "tr"][7]/div[contains(@class, "clickable align-column-left")][1]</msg>
<var>${locator}</var>
<arg>${entries_navigation_composed}</arg>
<arg>${index}</arg>
<tag>DONE</tag>
<doc>Provides a Composed Locator</doc>
<status status="PASS" start="2025-04-14T16:22:26.017217" elapsed="0.001677"/>
</kw>
<kw name="Mouse Over" owner="SeleniumLibrary">
<msg time="2025-04-14T16:22:26.019545" level="INFO">Simulating Mouse Over on element '//div[@class = "tr"][7]/div[contains(@class, "clickable align-column-left")][1]'.</msg>
<arg>${locator}</arg>
<doc>Simulates hovering the mouse over the element ``locator``.</doc>
<status status="PASS" start="2025-04-14T16:22:26.019255" elapsed="0.290066"/>
</kw>
<kw name="Sleep" owner="BuiltIn">
<msg time="2025-04-14T16:22:26.511245" level="INFO">Slept 200 milliseconds.</msg>
<arg>0.2</arg>
<doc>Pauses the test executed for the given time.</doc>
<status status="PASS" start="2025-04-14T16:22:26.310396" elapsed="0.200990"/>
</kw>
<var name="${index}">7</var>
<status status="PASS" start="2025-04-14T16:22:26.008876" elapsed="0.502576"/>
</iter>
<iter>
<kw name="Composed Locator" owner="low_level_keywords">
<kw name="Evaluate" owner="BuiltIn">
<msg time="2025-04-14T16:22:26.516321" level="INFO">${composed} = //div[@class = "tr"][8]/div[contains(@class, "clickable align-column-left")][1]</msg>
<var>${composed}</var>
<arg>'${locator}' % '${text}'</arg>
<doc>Evaluates the given expression in Python and returns the result.</doc>
<status status="PASS" start="2025-04-14T16:22:26.516091" elapsed="0.000262"/>
</kw>
<return>
<value>${composed}</value>
<status status="PASS" start="2025-04-14T16:22:26.516418" elapsed="0.000038"/>
</return>
<msg time="2025-04-14T16:22:26.516567" level="INFO">${locator} = //div[@class = "tr"][8]/div[contains(@class, "clickable align-column-left")][1]</msg>
<var>${locator}</var>
<arg>${entries_navigation_composed}</arg>
<arg>${index}</arg>
<tag>DONE</tag>
<doc>Provides a Composed Locator</doc>
<status status="PASS" start="2025-04-14T16:22:26.515639" elapsed="0.000954"/>
</kw>
<kw name="Mouse Over" owner="SeleniumLibrary">
<msg time="2025-04-14T16:22:26.516882" level="INFO">Simulating Mouse Over on element '//div[@class = "tr"][8]/div[contains(@class, "clickable align-column-left")][1]'.</msg>
<arg>${locator}</arg>
<doc>Simulates hovering the mouse over the element ``locator``.</doc>
<status status="PASS" start="2025-04-14T16:22:26.516730" elapsed="0.276178"/>
</kw>
<kw name="Sleep" owner="BuiltIn">
<msg time="2025-04-14T16:22:26.995196" level="INFO">Slept 200 milliseconds.</msg>
<arg>0.2</arg>
<doc>Pauses the test executed for the given time.</doc>
<status status="PASS" start="2025-04-14T16:22:26.794073" elapsed="0.201257"/>
</kw>
<var name="${index}">8</var>
<status status="PASS" start="2025-04-14T16:22:26.511590" elapsed="0.483839"/>
</iter>
<iter>
<kw name="Composed Locator" owner="low_level_keywords">
<kw name="Evaluate" owner="BuiltIn">
<msg time="2025-04-14T16:22:27.004827" level="INFO">${composed} = //div[@class = "tr"][9]/div[contains(@class, "clickable align-column-left")][1]</msg>
<var>${composed}</var>
<arg>'${locator}' % '${text}'</arg>
<doc>Evaluates the given expression in Python and returns the result.</doc>
<status status="PASS" start="2025-04-14T16:22:27.004417" elapsed="0.000467"/>
</kw>
<return>
<value>${composed}</value>
<status status="PASS" start="2025-04-14T16:22:27.005003" elapsed="0.000073"/>
</return>
<msg time="2025-04-14T16:22:27.005322" level="INFO">${locator} = //div[@class = "tr"][9]/div[contains(@class, "clickable align-column-left")][1]</msg>
<var>${locator}</var>
<arg>${entries_navigation_composed}</arg>
<arg>${index}</arg>
<tag>DONE</tag>
<doc>Provides a Composed Locator</doc>
<status status="PASS" start="2025-04-14T16:22:27.003731" elapsed="0.001641"/>
</kw>
<kw name="Mouse Over" owner="SeleniumLibrary">
<msg time="2025-04-14T16:22:27.005982" level="INFO">Simulating Mouse Over on element '//div[@class = "tr"][9]/div[contains(@class, "clickable align-column-left")][1]'.</msg>
<arg>${locator}</arg>
<doc>Simulates hovering the mouse over the element ``locator``.</doc>
<status status="PASS" start="2025-04-14T16:22:27.005688" elapsed="0.285277"/>
</kw>
<kw name="Sleep" owner="BuiltIn">
<msg time="2025-04-14T16:22:27.493299" level="INFO">Slept 200 milliseconds.</msg>
<arg>0.2</arg>
<doc>Pauses the test executed for the given time.</doc>
<status status="PASS" start="2025-04-14T16:22:27.292262" elapsed="0.201188"/>
</kw>
<var name="${index}">9</var>
<status status="PASS" start="2025-04-14T16:22:26.995632" elapsed="0.497927"/>
</iter>
<var>${index}</var>
<value>2</value>
<value>${numbers}</value>
<status status="PASS" start="2025-04-14T16:22:23.476577" elapsed="4.017079"/>
</for>
<kw name="Capture Page Screenshot" owner="SeleniumLibrary">
<msg time="2025-04-14T16:22:27.666095" level="INFO" html="true">&lt;/td&gt;&lt;/tr&gt;&lt;tr&gt;&lt;td colspan="3"&gt;&lt;a href="selenium-screenshot-27.png"&gt;&lt;img src="selenium-screenshot-27.png" width="800px"&gt;&lt;/a&gt;</msg>
<doc>Takes a screenshot of the current page and embeds it into a log file.</doc>
<status status="PASS" start="2025-04-14T16:22:27.494018" elapsed="0.172236"/>
</kw>
<tag>DONE</tag>
<doc>Hover over all Projects from Dashboard</doc>
<status status="PASS" start="2025-04-14T16:22:23.462670" elapsed="4.203736"/>
</kw>
<kw name="Navigate to Master Data Page" owner="medium_level_keywords">
<kw name="Wait For Locator" owner="low_level_keywords">
<kw name="Wait Until Element Is Visible" owner="SeleniumLibrary">
<arg>${locator}</arg>
<arg>timeout=${timeout}</arg>
<doc>Waits until the element ``locator`` is visible.</doc>
<status status="PASS" start="2025-04-14T16:22:27.686022" elapsed="0.039283"/>
</kw>
<arg>${master_data_navigation}</arg>
<tag>DONE</tag>
<doc>Verifies that element ``locator`` is found on the current page.</doc>
<status status="PASS" start="2025-04-14T16:22:27.685382" elapsed="0.040115"/>
</kw>
<kw name="Click On Locator" owner="low_level_keywords">
<kw name="Wait For Locator" owner="low_level_keywords">
<kw name="Wait Until Element Is Visible" owner="SeleniumLibrary">
<arg>${locator}</arg>
<arg>timeout=${timeout}</arg>
<doc>Waits until the element ``locator`` is visible.</doc>
<status status="PASS" start="2025-04-14T16:22:27.751194" elapsed="0.013475"/>
</kw>
<arg>${locator}</arg>
<tag>DONE</tag>
<doc>Verifies that element ``locator`` is found on the current page.</doc>
<status status="PASS" start="2025-04-14T16:22:27.750681" elapsed="0.014095"/>
</kw>
<kw name="Click Element" owner="SeleniumLibrary">
<msg time="2025-04-14T16:22:27.765199" level="INFO">Clicking element '//a[contains(text(), "Master Data")]/span'.</msg>
<arg>${locator}</arg>
<doc>Click the element identified by ``locator``.</doc>
<status status="PASS" start="2025-04-14T16:22:27.764959" elapsed="0.082529"/>
</kw>
<arg>${master_data_navigation}</arg>
<tag>DONE</tag>
<doc>Click the element identified by ``locator``.</doc>
<status status="PASS" start="2025-04-14T16:22:27.734575" elapsed="0.113355"/>
</kw>
<kw name="Wait For Locator" owner="low_level_keywords">
<kw name="Wait Until Element Is Visible" owner="SeleniumLibrary">
<arg>${locator}</arg>
<arg>timeout=${timeout}</arg>
<doc>Waits until the element ``locator`` is visible.</doc>
<status status="PASS" start="2025-04-14T16:22:27.861918" elapsed="1.327480"/>
</kw>
<arg>${master_data_header}</arg>
<tag>DONE</tag>
<doc>Verifies that element ``locator`` is found on the current page.</doc>
<status status="PASS" start="2025-04-14T16:22:27.861544" elapsed="1.328035"/>
</kw>
<kw name="Capture Page Screenshot" owner="SeleniumLibrary">
<msg time="2025-04-14T16:22:29.376680" level="INFO" html="true">&lt;/td&gt;&lt;/tr&gt;&lt;tr&gt;&lt;td colspan="3"&gt;&lt;a href="selenium-screenshot-28.png"&gt;&lt;img src="selenium-screenshot-28.png" width="800px"&gt;&lt;/a&gt;</msg>
<doc>Takes a screenshot of the current page and embeds it into a log file.</doc>
<status status="PASS" start="2025-04-14T16:22:29.189912" elapsed="0.186922"/>
</kw>
<tag>DONE</tag>
<doc>Navigate to Master Data Page</doc>
<status status="PASS" start="2025-04-14T16:22:27.667119" elapsed="1.709823"/>
</kw>
<kw name="From Master Data Page, Hover over the following Attribute: &quot;Cell&quot;" owner="medium_level_keywords" source_name="From Master Data Page, Hover over the following Attribute: &quot;${Attribute}&quot;">
<kw name="Composed Locator" owner="low_level_keywords">
<kw name="Evaluate" owner="BuiltIn">
<msg time="2025-04-14T16:22:29.384871" level="INFO">${composed} = //span[text() = "Cell"]</msg>
<var>${composed}</var>
<arg>'${locator}' % '${text}'</arg>
<doc>Evaluates the given expression in Python and returns the result.</doc>
<status status="PASS" start="2025-04-14T16:22:29.384639" elapsed="0.000264"/>
</kw>
<return>
<value>${composed}</value>
<status status="PASS" start="2025-04-14T16:22:29.384966" elapsed="0.000039"/>
</return>
<msg time="2025-04-14T16:22:29.385118" level="INFO">${locator} = //span[text() = "Cell"]</msg>
<var>${locator}</var>
<arg>${attribute_master_date}</arg>
<arg>${Attribute}</arg>
<tag>DONE</tag>
<doc>Provides a Composed Locator</doc>
<status status="PASS" start="2025-04-14T16:22:29.384247" elapsed="0.000897"/>
</kw>
<kw name="Wait For Locator" owner="low_level_keywords">
<kw name="Wait Until Element Is Visible" owner="SeleniumLibrary">
<arg>${locator}</arg>
<arg>timeout=${timeout}</arg>
<doc>Waits until the element ``locator`` is visible.</doc>
<status status="PASS" start="2025-04-14T16:22:29.391754" elapsed="0.018981"/>
</kw>
<arg>${locator}</arg>
<tag>DONE</tag>
<doc>Verifies that element ``locator`` is found on the current page.</doc>
<status status="PASS" start="2025-04-14T16:22:29.391388" elapsed="0.019454"/>
</kw>
<kw name="Scroll Element Into View" owner="SeleniumLibrary">
<arg>${locator}</arg>
<doc>Scrolls the element identified by ``locator`` into view.</doc>
<status status="PASS" start="2025-04-14T16:22:29.411026" elapsed="0.274903"/>
</kw>
<kw name="Mouse Over" owner="SeleniumLibrary">
<msg time="2025-04-14T16:22:29.686622" level="INFO">Simulating Mouse Over on element '//span[text() = "Cell"]'.</msg>
<arg>${locator}</arg>
<doc>Simulates hovering the mouse over the element ``locator``.</doc>
<status status="PASS" start="2025-04-14T16:22:29.686281" elapsed="0.291585"/>
</kw>
<kw name="Sleep" owner="BuiltIn">
<msg time="2025-04-14T16:22:30.180361" level="INFO">Slept 200 milliseconds.</msg>
<arg>0.2</arg>
<doc>Pauses the test executed for the given time.</doc>
<status status="PASS" start="2025-04-14T16:22:29.978409" elapsed="0.203027"/>
</kw>
<kw name="Capture Page Screenshot" owner="SeleniumLibrary">
<msg time="2025-04-14T16:22:30.331563" level="INFO" html="true">&lt;/td&gt;&lt;/tr&gt;&lt;tr&gt;&lt;td colspan="3"&gt;&lt;a href="selenium-screenshot-29.png"&gt;&lt;img src="selenium-screenshot-29.png" width="800px"&gt;&lt;/a&gt;</msg>
<doc>Takes a screenshot of the current page and embeds it into a log file.</doc>
<status status="PASS" start="2025-04-14T16:22:30.183306" elapsed="0.148410"/>
</kw>
<tag>DONE</tag>
<doc>From Master Data Page, Hover over the following Attribute</doc>
<status status="PASS" start="2025-04-14T16:22:29.377317" elapsed="0.954528"/>
</kw>
<kw name="From Master Data Page, Hover over the following Attribute: &quot;Membrane&quot;" owner="medium_level_keywords" source_name="From Master Data Page, Hover over the following Attribute: &quot;${Attribute}&quot;">
<kw name="Composed Locator" owner="low_level_keywords">
<kw name="Evaluate" owner="BuiltIn">
<msg time="2025-04-14T16:22:30.335950" level="INFO">${composed} = //span[text() = "Membrane"]</msg>
<var>${composed}</var>
<arg>'${locator}' % '${text}'</arg>
<doc>Evaluates the given expression in Python and returns the result.</doc>
<status status="PASS" start="2025-04-14T16:22:30.335732" elapsed="0.000257"/>
</kw>
<return>
<value>${composed}</value>
<status status="PASS" start="2025-04-14T16:22:30.336050" elapsed="0.000039"/>
</return>
<msg time="2025-04-14T16:22:30.336199" level="INFO">${locator} = //span[text() = "Membrane"]</msg>
<var>${locator}</var>
<arg>${attribute_master_date}</arg>
<arg>${Attribute}</arg>
<tag>DONE</tag>
<doc>Provides a Composed Locator</doc>
<status status="PASS" start="2025-04-14T16:22:30.335441" elapsed="0.000783"/>
</kw>
<kw name="Wait For Locator" owner="low_level_keywords">
<kw name="Wait Until Element Is Visible" owner="SeleniumLibrary">
<arg>${locator}</arg>
<arg>timeout=${timeout}</arg>
<doc>Waits until the element ``locator`` is visible.</doc>
<status status="PASS" start="2025-04-14T16:22:30.342416" elapsed="0.016800"/>
</kw>
<arg>${locator}</arg>
<tag>DONE</tag>
<doc>Verifies that element ``locator`` is found on the current page.</doc>
<status status="PASS" start="2025-04-14T16:22:30.342153" elapsed="0.017169"/>
</kw>
<kw name="Scroll Element Into View" owner="SeleniumLibrary">
<arg>${locator}</arg>
<doc>Scrolls the element identified by ``locator`` into view.</doc>
<status status="PASS" start="2025-04-14T16:22:30.359498" elapsed="0.272073"/>
</kw>
<kw name="Mouse Over" owner="SeleniumLibrary">
<msg time="2025-04-14T16:22:30.631992" level="INFO">Simulating Mouse Over on element '//span[text() = "Membrane"]'.</msg>
<arg>${locator}</arg>
<doc>Simulates hovering the mouse over the element ``locator``.</doc>
<status status="PASS" start="2025-04-14T16:22:30.631777" elapsed="0.292646"/>
</kw>
<kw name="Sleep" owner="BuiltIn">
<msg time="2025-04-14T16:22:31.126183" level="INFO">Slept 200 milliseconds.</msg>
<arg>0.2</arg>
<doc>Pauses the test executed for the given time.</doc>
<status status="PASS" start="2025-04-14T16:22:30.925272" elapsed="0.201328"/>
</kw>
<kw name="Capture Page Screenshot" owner="SeleniumLibrary">
<msg time="2025-04-14T16:22:31.298257" level="INFO" html="true">&lt;/td&gt;&lt;/tr&gt;&lt;tr&gt;&lt;td colspan="3"&gt;&lt;a href="selenium-screenshot-30.png"&gt;&lt;img src="selenium-screenshot-30.png" width="800px"&gt;&lt;/a&gt;</msg>
<doc>Takes a screenshot of the current page and embeds it into a log file.</doc>
<status status="PASS" start="2025-04-14T16:22:31.128824" elapsed="0.169597"/>
</kw>
<tag>DONE</tag>
<doc>From Master Data Page, Hover over the following Attribute</doc>
<status status="PASS" start="2025-04-14T16:22:30.332225" elapsed="0.966358"/>
</kw>
<kw name="From Master Data Page, Hover over the following Attribute: &quot;Catalyst Layer Anode&quot;" owner="medium_level_keywords" source_name="From Master Data Page, Hover over the following Attribute: &quot;${Attribute}&quot;">
<kw name="Composed Locator" owner="low_level_keywords">
<kw name="Evaluate" owner="BuiltIn">
<msg time="2025-04-14T16:22:31.305309" level="INFO">${composed} = //span[text() = "Catalyst Layer Anode"]</msg>
<var>${composed}</var>
<arg>'${locator}' % '${text}'</arg>
<doc>Evaluates the given expression in Python and returns the result.</doc>
<status status="PASS" start="2025-04-14T16:22:31.305007" elapsed="0.000366"/>
</kw>
<return>
<value>${composed}</value>
<status status="PASS" start="2025-04-14T16:22:31.305445" elapsed="0.000054"/>
</return>
<msg time="2025-04-14T16:22:31.305662" level="INFO">${locator} = //span[text() = "Catalyst Layer Anode"]</msg>
<var>${locator}</var>
<arg>${attribute_master_date}</arg>
<arg>${Attribute}</arg>
<tag>DONE</tag>
<doc>Provides a Composed Locator</doc>
<status status="PASS" start="2025-04-14T16:22:31.304484" elapsed="0.001206"/>
</kw>
<kw name="Wait For Locator" owner="low_level_keywords">
<kw name="Wait Until Element Is Visible" owner="SeleniumLibrary">
<arg>${locator}</arg>
<arg>timeout=${timeout}</arg>
<doc>Waits until the element ``locator`` is visible.</doc>
<status status="PASS" start="2025-04-14T16:22:31.316436" elapsed="0.021239"/>
</kw>
<arg>${locator}</arg>
<tag>DONE</tag>
<doc>Verifies that element ``locator`` is found on the current page.</doc>
<status status="PASS" start="2025-04-14T16:22:31.315979" elapsed="0.021843"/>
</kw>
<kw name="Scroll Element Into View" owner="SeleniumLibrary">
<arg>${locator}</arg>
<doc>Scrolls the element identified by ``locator`` into view.</doc>
<status status="PASS" start="2025-04-14T16:22:31.337996" elapsed="0.273258"/>
</kw>
<kw name="Mouse Over" owner="SeleniumLibrary">
<msg time="2025-04-14T16:22:31.614046" level="INFO">Simulating Mouse Over on element '//span[text() = "Catalyst Layer Anode"]'.</msg>
<arg>${locator}</arg>
<doc>Simulates hovering the mouse over the element ``locator``.</doc>
<status status="PASS" start="2025-04-14T16:22:31.612758" elapsed="0.320174"/>
</kw>
<kw name="Sleep" owner="BuiltIn">
<msg time="2025-04-14T16:22:32.134586" level="INFO">Slept 200 milliseconds.</msg>
<arg>0.2</arg>
<doc>Pauses the test executed for the given time.</doc>
<status status="PASS" start="2025-04-14T16:22:31.933550" elapsed="0.201697"/>
</kw>
<kw name="Capture Page Screenshot" owner="SeleniumLibrary">
<msg time="2025-04-14T16:22:32.336769" level="INFO" html="true">&lt;/td&gt;&lt;/tr&gt;&lt;tr&gt;&lt;td colspan="3"&gt;&lt;a href="selenium-screenshot-31.png"&gt;&lt;img src="selenium-screenshot-31.png" width="800px"&gt;&lt;/a&gt;</msg>
<doc>Takes a screenshot of the current page and embeds it into a log file.</doc>
<status status="PASS" start="2025-04-14T16:22:32.136803" elapsed="0.200124"/>
</kw>
<tag>DONE</tag>
<doc>From Master Data Page, Hover over the following Attribute</doc>
<status status="PASS" start="2025-04-14T16:22:31.299272" elapsed="1.037811"/>
</kw>
<kw name="From Master Data Page, Hover over the following Attribute: &quot;Catalyst Layer Cathode&quot;" owner="medium_level_keywords" source_name="From Master Data Page, Hover over the following Attribute: &quot;${Attribute}&quot;">
<kw name="Composed Locator" owner="low_level_keywords">
<kw name="Evaluate" owner="BuiltIn">
<msg time="2025-04-14T16:22:32.341532" level="INFO">${composed} = //span[text() = "Catalyst Layer Cathode"]</msg>
<var>${composed}</var>
<arg>'${locator}' % '${text}'</arg>
<doc>Evaluates the given expression in Python and returns the result.</doc>
<status status="PASS" start="2025-04-14T16:22:32.341305" elapsed="0.000259"/>
</kw>
<return>
<value>${composed}</value>
<status status="PASS" start="2025-04-14T16:22:32.341626" elapsed="0.000037"/>
</return>
<msg time="2025-04-14T16:22:32.341774" level="INFO">${locator} = //span[text() = "Catalyst Layer Cathode"]</msg>
<var>${locator}</var>
<arg>${attribute_master_date}</arg>
<arg>${Attribute}</arg>
<tag>DONE</tag>
<doc>Provides a Composed Locator</doc>
<status status="PASS" start="2025-04-14T16:22:32.341001" elapsed="0.000799"/>
</kw>
<kw name="Wait For Locator" owner="low_level_keywords">
<kw name="Wait Until Element Is Visible" owner="SeleniumLibrary">
<arg>${locator}</arg>
<arg>timeout=${timeout}</arg>
<doc>Waits until the element ``locator`` is visible.</doc>
<status status="PASS" start="2025-04-14T16:22:32.348634" elapsed="0.023439"/>
</kw>
<arg>${locator}</arg>
<tag>DONE</tag>
<doc>Verifies that element ``locator`` is found on the current page.</doc>
<status status="PASS" start="2025-04-14T16:22:32.348281" elapsed="0.023975"/>
</kw>
<kw name="Scroll Element Into View" owner="SeleniumLibrary">
<arg>${locator}</arg>
<doc>Scrolls the element identified by ``locator`` into view.</doc>
<status status="PASS" start="2025-04-14T16:22:32.372596" elapsed="0.299363"/>
</kw>
<kw name="Mouse Over" owner="SeleniumLibrary">
<msg time="2025-04-14T16:22:32.674019" level="INFO">Simulating Mouse Over on element '//span[text() = "Catalyst Layer Cathode"]'.</msg>
<arg>${locator}</arg>
<doc>Simulates hovering the mouse over the element ``locator``.</doc>
<status status="PASS" start="2025-04-14T16:22:32.673027" elapsed="0.303453"/>
</kw>
<kw name="Sleep" owner="BuiltIn">
<msg time="2025-04-14T16:22:33.179397" level="INFO">Slept 200 milliseconds.</msg>
<arg>0.2</arg>
<doc>Pauses the test executed for the given time.</doc>
<status status="PASS" start="2025-04-14T16:22:32.978113" elapsed="0.201507"/>
</kw>
<kw name="Capture Page Screenshot" owner="SeleniumLibrary">
<msg time="2025-04-14T16:22:33.326767" level="INFO" html="true">&lt;/td&gt;&lt;/tr&gt;&lt;tr&gt;&lt;td colspan="3"&gt;&lt;a href="selenium-screenshot-32.png"&gt;&lt;img src="selenium-screenshot-32.png" width="800px"&gt;&lt;/a&gt;</msg>
<doc>Takes a screenshot of the current page and embeds it into a log file.</doc>
<status status="PASS" start="2025-04-14T16:22:33.180027" elapsed="0.146911"/>
</kw>
<tag>DONE</tag>
<doc>From Master Data Page, Hover over the following Attribute</doc>
<status status="PASS" start="2025-04-14T16:22:32.337693" elapsed="0.989390"/>
</kw>
<kw name="From Master Data Page, Hover over the following Attribute: &quot;Flow Field Anode&quot;" owner="medium_level_keywords" source_name="From Master Data Page, Hover over the following Attribute: &quot;${Attribute}&quot;">
<kw name="Composed Locator" owner="low_level_keywords">
<kw name="Evaluate" owner="BuiltIn">
<msg time="2025-04-14T16:22:33.331181" level="INFO">${composed} = //span[text() = "Flow Field Anode"]</msg>
<var>${composed}</var>
<arg>'${locator}' % '${text}'</arg>
<doc>Evaluates the given expression in Python and returns the result.</doc>
<status status="PASS" start="2025-04-14T16:22:33.330970" elapsed="0.000241"/>
</kw>
<return>
<value>${composed}</value>
<status status="PASS" start="2025-04-14T16:22:33.331271" elapsed="0.000037"/>
</return>
<msg time="2025-04-14T16:22:33.331416" level="INFO">${locator} = //span[text() = "Flow Field Anode"]</msg>
<var>${locator}</var>
<arg>${attribute_master_date}</arg>
<arg>${Attribute}</arg>
<tag>DONE</tag>
<doc>Provides a Composed Locator</doc>
<status status="PASS" start="2025-04-14T16:22:33.330669" elapsed="0.000772"/>
</kw>
<kw name="Wait For Locator" owner="low_level_keywords">
<kw name="Wait Until Element Is Visible" owner="SeleniumLibrary">
<arg>${locator}</arg>
<arg>timeout=${timeout}</arg>
<doc>Waits until the element ``locator`` is visible.</doc>
<status status="PASS" start="2025-04-14T16:22:33.337833" elapsed="0.019216"/>
</kw>
<arg>${locator}</arg>
<tag>DONE</tag>
<doc>Verifies that element ``locator`` is found on the current page.</doc>
<status status="PASS" start="2025-04-14T16:22:33.337516" elapsed="0.019736"/>
</kw>
<kw name="Scroll Element Into View" owner="SeleniumLibrary">
<arg>${locator}</arg>
<doc>Scrolls the element identified by ``locator`` into view.</doc>
<status status="PASS" start="2025-04-14T16:22:33.357588" elapsed="0.273476"/>
</kw>
<kw name="Mouse Over" owner="SeleniumLibrary">
<msg time="2025-04-14T16:22:33.632551" level="INFO">Simulating Mouse Over on element '//span[text() = "Flow Field Anode"]'.</msg>
<arg>${locator}</arg>
<doc>Simulates hovering the mouse over the element ``locator``.</doc>
<status status="PASS" start="2025-04-14T16:22:33.631943" elapsed="0.306918"/>
</kw>
<kw name="Sleep" owner="BuiltIn">
<msg time="2025-04-14T16:22:34.142222" level="INFO">Slept 200 milliseconds.</msg>
<arg>0.2</arg>
<doc>Pauses the test executed for the given time.</doc>
<status status="PASS" start="2025-04-14T16:22:33.940604" elapsed="0.201847"/>
</kw>
<kw name="Capture Page Screenshot" owner="SeleniumLibrary">
<msg time="2025-04-14T16:22:34.281723" level="INFO" html="true">&lt;/td&gt;&lt;/tr&gt;&lt;tr&gt;&lt;td colspan="3"&gt;&lt;a href="selenium-screenshot-33.png"&gt;&lt;img src="selenium-screenshot-33.png" width="800px"&gt;&lt;/a&gt;</msg>
<doc>Takes a screenshot of the current page and embeds it into a log file.</doc>
<status status="PASS" start="2025-04-14T16:22:34.143048" elapsed="0.138830"/>
</kw>
<tag>DONE</tag>
<doc>From Master Data Page, Hover over the following Attribute</doc>
<status status="PASS" start="2025-04-14T16:22:33.327531" elapsed="0.954472"/>
</kw>
<kw name="From Master Data Page, Hover over the following Attribute: &quot;Flow Field Cathode&quot;" owner="medium_level_keywords" source_name="From Master Data Page, Hover over the following Attribute: &quot;${Attribute}&quot;">
<kw name="Composed Locator" owner="low_level_keywords">
<kw name="Evaluate" owner="BuiltIn">
<msg time="2025-04-14T16:22:34.286050" level="INFO">${composed} = //span[text() = "Flow Field Cathode"]</msg>
<var>${composed}</var>
<arg>'${locator}' % '${text}'</arg>
<doc>Evaluates the given expression in Python and returns the result.</doc>
<status status="PASS" start="2025-04-14T16:22:34.285843" elapsed="0.000237"/>
</kw>
<return>
<value>${composed}</value>
<status status="PASS" start="2025-04-14T16:22:34.286138" elapsed="0.000036"/>
</return>
<msg time="2025-04-14T16:22:34.286283" level="INFO">${locator} = //span[text() = "Flow Field Cathode"]</msg>
<var>${locator}</var>
<arg>${attribute_master_date}</arg>
<arg>${Attribute}</arg>
<tag>DONE</tag>
<doc>Provides a Composed Locator</doc>
<status status="PASS" start="2025-04-14T16:22:34.285547" elapsed="0.000761"/>
</kw>
<kw name="Wait For Locator" owner="low_level_keywords">
<kw name="Wait Until Element Is Visible" owner="SeleniumLibrary">
<arg>${locator}</arg>
<arg>timeout=${timeout}</arg>
<doc>Waits until the element ``locator`` is visible.</doc>
<status status="PASS" start="2025-04-14T16:22:34.294220" elapsed="0.018129"/>
</kw>
<arg>${locator}</arg>
<tag>DONE</tag>
<doc>Verifies that element ``locator`` is found on the current page.</doc>
<status status="PASS" start="2025-04-14T16:22:34.293855" elapsed="0.018601"/>
</kw>
<kw name="Scroll Element Into View" owner="SeleniumLibrary">
<arg>${locator}</arg>
<doc>Scrolls the element identified by ``locator`` into view.</doc>
<status status="PASS" start="2025-04-14T16:22:34.312631" elapsed="0.266411"/>
</kw>
<kw name="Mouse Over" owner="SeleniumLibrary">
<msg time="2025-04-14T16:22:34.579468" level="INFO">Simulating Mouse Over on element '//span[text() = "Flow Field Cathode"]'.</msg>
<arg>${locator}</arg>
<doc>Simulates hovering the mouse over the element ``locator``.</doc>
<status status="PASS" start="2025-04-14T16:22:34.579269" elapsed="0.290518"/>
</kw>
<kw name="Sleep" owner="BuiltIn">
<msg time="2025-04-14T16:22:35.072403" level="INFO">Slept 200 milliseconds.</msg>
<arg>0.2</arg>
<doc>Pauses the test executed for the given time.</doc>
<status status="PASS" start="2025-04-14T16:22:34.870862" elapsed="0.202019"/>
</kw>
<kw name="Capture Page Screenshot" owner="SeleniumLibrary">
<msg time="2025-04-14T16:22:35.249482" level="INFO" html="true">&lt;/td&gt;&lt;/tr&gt;&lt;tr&gt;&lt;td colspan="3"&gt;&lt;a href="selenium-screenshot-34.png"&gt;&lt;img src="selenium-screenshot-34.png" width="800px"&gt;&lt;/a&gt;</msg>
<doc>Takes a screenshot of the current page and embeds it into a log file.</doc>
<status status="PASS" start="2025-04-14T16:22:35.074491" elapsed="0.175120"/>
</kw>
<tag>DONE</tag>
<doc>From Master Data Page, Hover over the following Attribute</doc>
<status status="PASS" start="2025-04-14T16:22:34.282430" elapsed="0.967275"/>
</kw>
<kw name="From Master Data Page, Hover over the following Attribute: &quot;PTL Anode&quot;" owner="medium_level_keywords" source_name="From Master Data Page, Hover over the following Attribute: &quot;${Attribute}&quot;">
<kw name="Composed Locator" owner="low_level_keywords">
<kw name="Evaluate" owner="BuiltIn">
<msg time="2025-04-14T16:22:35.255920" level="INFO">${composed} = //span[text() = "PTL Anode"]</msg>
<var>${composed}</var>
<arg>'${locator}' % '${text}'</arg>
<doc>Evaluates the given expression in Python and returns the result.</doc>
<status status="PASS" start="2025-04-14T16:22:35.255706" elapsed="0.000244"/>
</kw>
<return>
<value>${composed}</value>
<status status="PASS" start="2025-04-14T16:22:35.256025" elapsed="0.000038"/>
</return>
<msg time="2025-04-14T16:22:35.256175" level="INFO">${locator} = //span[text() = "PTL Anode"]</msg>
<var>${locator}</var>
<arg>${attribute_master_date}</arg>
<arg>${Attribute}</arg>
<tag>DONE</tag>
<doc>Provides a Composed Locator</doc>
<status status="PASS" start="2025-04-14T16:22:35.255381" elapsed="0.000821"/>
</kw>
<kw name="Wait For Locator" owner="low_level_keywords">
<kw name="Wait Until Element Is Visible" owner="SeleniumLibrary">
<arg>${locator}</arg>
<arg>timeout=${timeout}</arg>
<doc>Waits until the element ``locator`` is visible.</doc>
<status status="PASS" start="2025-04-14T16:22:35.263594" elapsed="0.018361"/>
</kw>
<arg>${locator}</arg>
<tag>DONE</tag>
<doc>Verifies that element ``locator`` is found on the current page.</doc>
<status status="PASS" start="2025-04-14T16:22:35.263259" elapsed="0.018830"/>
</kw>
<kw name="Scroll Element Into View" owner="SeleniumLibrary">
<arg>${locator}</arg>
<doc>Scrolls the element identified by ``locator`` into view.</doc>
<status status="PASS" start="2025-04-14T16:22:35.282307" elapsed="0.290772"/>
</kw>
<kw name="Mouse Over" owner="SeleniumLibrary">
<msg time="2025-04-14T16:22:35.576668" level="INFO">Simulating Mouse Over on element '//span[text() = "PTL Anode"]'.</msg>
<arg>${locator}</arg>
<doc>Simulates hovering the mouse over the element ``locator``.</doc>
<status status="PASS" start="2025-04-14T16:22:35.575426" elapsed="0.308496"/>
</kw>
<kw name="Sleep" owner="BuiltIn">
<msg time="2025-04-14T16:22:36.085929" level="INFO">Slept 200 milliseconds.</msg>
<arg>0.2</arg>
<doc>Pauses the test executed for the given time.</doc>
<status status="PASS" start="2025-04-14T16:22:35.884664" elapsed="0.201799"/>
</kw>
<kw name="Capture Page Screenshot" owner="SeleniumLibrary">
<msg time="2025-04-14T16:22:36.269497" level="INFO" html="true">&lt;/td&gt;&lt;/tr&gt;&lt;tr&gt;&lt;td colspan="3"&gt;&lt;a href="selenium-screenshot-35.png"&gt;&lt;img src="selenium-screenshot-35.png" width="800px"&gt;&lt;/a&gt;</msg>
<doc>Takes a screenshot of the current page and embeds it into a log file.</doc>
<status status="PASS" start="2025-04-14T16:22:36.088882" elapsed="0.180754"/>
</kw>
<tag>DONE</tag>
<doc>From Master Data Page, Hover over the following Attribute</doc>
<status status="PASS" start="2025-04-14T16:22:35.250301" elapsed="1.019484"/>
</kw>
<kw name="From Master Data Page, Hover over the following Attribute: &quot;GDL Anode&quot;" owner="medium_level_keywords" source_name="From Master Data Page, Hover over the following Attribute: &quot;${Attribute}&quot;">
<kw name="Composed Locator" owner="low_level_keywords">
<kw name="Evaluate" owner="BuiltIn">
<msg time="2025-04-14T16:22:36.274804" level="INFO">${composed} = //span[text() = "GDL Anode"]</msg>
<var>${composed}</var>
<arg>'${locator}' % '${text}'</arg>
<doc>Evaluates the given expression in Python and returns the result.</doc>
<status status="PASS" start="2025-04-14T16:22:36.274581" elapsed="0.000255"/>
</kw>
<return>
<value>${composed}</value>
<status status="PASS" start="2025-04-14T16:22:36.274899" elapsed="0.000042"/>
</return>
<msg time="2025-04-14T16:22:36.275054" level="INFO">${locator} = //span[text() = "GDL Anode"]</msg>
<var>${locator}</var>
<arg>${attribute_master_date}</arg>
<arg>${Attribute}</arg>
<tag>DONE</tag>
<doc>Provides a Composed Locator</doc>
<status status="PASS" start="2025-04-14T16:22:36.274153" elapsed="0.000926"/>
</kw>
<kw name="Wait For Locator" owner="low_level_keywords">
<kw name="Wait Until Element Is Visible" owner="SeleniumLibrary">
<arg>${locator}</arg>
<arg>timeout=${timeout}</arg>
<doc>Waits until the element ``locator`` is visible.</doc>
<status status="PASS" start="2025-04-14T16:22:36.281867" elapsed="0.020706"/>
</kw>
<arg>${locator}</arg>
<tag>DONE</tag>
<doc>Verifies that element ``locator`` is found on the current page.</doc>
<status status="PASS" start="2025-04-14T16:22:36.281573" elapsed="0.021109"/>
</kw>
<kw name="Scroll Element Into View" owner="SeleniumLibrary">
<arg>${locator}</arg>
<doc>Scrolls the element identified by ``locator`` into view.</doc>
<status status="PASS" start="2025-04-14T16:22:36.302868" elapsed="0.285497"/>
</kw>
<kw name="Mouse Over" owner="SeleniumLibrary">
<msg time="2025-04-14T16:22:36.592950" level="INFO">Simulating Mouse Over on element '//span[text() = "GDL Anode"]'.</msg>
<arg>${locator}</arg>
<doc>Simulates hovering the mouse over the element ``locator``.</doc>
<status status="PASS" start="2025-04-14T16:22:36.590925" elapsed="0.321160"/>
</kw>
<kw name="Sleep" owner="BuiltIn">
<msg time="2025-04-14T16:22:37.113426" level="INFO">Slept 200 milliseconds.</msg>
<arg>0.2</arg>
<doc>Pauses the test executed for the given time.</doc>
<status status="PASS" start="2025-04-14T16:22:36.912496" elapsed="0.201483"/>
</kw>
<kw name="Capture Page Screenshot" owner="SeleniumLibrary">
<msg time="2025-04-14T16:22:37.308699" level="INFO" html="true">&lt;/td&gt;&lt;/tr&gt;&lt;tr&gt;&lt;td colspan="3"&gt;&lt;a href="selenium-screenshot-36.png"&gt;&lt;img src="selenium-screenshot-36.png" width="800px"&gt;&lt;/a&gt;</msg>
<doc>Takes a screenshot of the current page and embeds it into a log file.</doc>
<status status="PASS" start="2025-04-14T16:22:37.115014" elapsed="0.193822"/>
</kw>
<tag>DONE</tag>
<doc>From Master Data Page, Hover over the following Attribute</doc>
<status status="PASS" start="2025-04-14T16:22:36.270182" elapsed="1.038808"/>
</kw>
<kw name="From Master Data Page, Hover over the following Attribute: &quot;PTL Cathode&quot;" owner="medium_level_keywords" source_name="From Master Data Page, Hover over the following Attribute: &quot;${Attribute}&quot;">
<kw name="Composed Locator" owner="low_level_keywords">
<kw name="Evaluate" owner="BuiltIn">
<msg time="2025-04-14T16:22:37.313077" level="INFO">${composed} = //span[text() = "PTL Cathode"]</msg>
<var>${composed}</var>
<arg>'${locator}' % '${text}'</arg>
<doc>Evaluates the given expression in Python and returns the result.</doc>
<status status="PASS" start="2025-04-14T16:22:37.312855" elapsed="0.000252"/>
</kw>
<return>
<value>${composed}</value>
<status status="PASS" start="2025-04-14T16:22:37.313213" elapsed="0.000039"/>
</return>
<msg time="2025-04-14T16:22:37.313363" level="INFO">${locator} = //span[text() = "PTL Cathode"]</msg>
<var>${locator}</var>
<arg>${attribute_master_date}</arg>
<arg>${Attribute}</arg>
<tag>DONE</tag>
<doc>Provides a Composed Locator</doc>
<status status="PASS" start="2025-04-14T16:22:37.312562" elapsed="0.000827"/>
</kw>
<kw name="Wait For Locator" owner="low_level_keywords">
<kw name="Wait Until Element Is Visible" owner="SeleniumLibrary">
<arg>${locator}</arg>
<arg>timeout=${timeout}</arg>
<doc>Waits until the element ``locator`` is visible.</doc>
<status status="PASS" start="2025-04-14T16:22:37.319557" elapsed="0.017070"/>
</kw>
<arg>${locator}</arg>
<tag>DONE</tag>
<doc>Verifies that element ``locator`` is found on the current page.</doc>
<status status="PASS" start="2025-04-14T16:22:37.319293" elapsed="0.017460"/>
</kw>
<kw name="Scroll Element Into View" owner="SeleniumLibrary">
<arg>${locator}</arg>
<doc>Scrolls the element identified by ``locator`` into view.</doc>
<status status="PASS" start="2025-04-14T16:22:37.336927" elapsed="0.277342"/>
</kw>
<kw name="Mouse Over" owner="SeleniumLibrary">
<msg time="2025-04-14T16:22:37.615379" level="INFO">Simulating Mouse Over on element '//span[text() = "PTL Cathode"]'.</msg>
<arg>${locator}</arg>
<doc>Simulates hovering the mouse over the element ``locator``.</doc>
<status status="PASS" start="2025-04-14T16:22:37.614805" elapsed="0.325890"/>
</kw>
<kw name="Sleep" owner="BuiltIn">
<msg time="2025-04-14T16:22:38.141507" level="INFO">Slept 200 milliseconds.</msg>
<arg>0.2</arg>
<doc>Pauses the test executed for the given time.</doc>
<status status="PASS" start="2025-04-14T16:22:37.941050" elapsed="0.201090"/>
</kw>
<kw name="Capture Page Screenshot" owner="SeleniumLibrary">
<msg time="2025-04-14T16:22:38.289080" level="INFO" html="true">&lt;/td&gt;&lt;/tr&gt;&lt;tr&gt;&lt;td colspan="3"&gt;&lt;a href="selenium-screenshot-37.png"&gt;&lt;img src="selenium-screenshot-37.png" width="800px"&gt;&lt;/a&gt;</msg>
<doc>Takes a screenshot of the current page and embeds it into a log file.</doc>
<status status="PASS" start="2025-04-14T16:22:38.143260" elapsed="0.145984"/>
</kw>
<tag>DONE</tag>
<doc>From Master Data Page, Hover over the following Attribute</doc>
<status status="PASS" start="2025-04-14T16:22:37.309410" elapsed="0.979987"/>
</kw>
<kw name="From Master Data Page, Hover over the following Attribute: &quot;GDL Cathode&quot;" owner="medium_level_keywords" source_name="From Master Data Page, Hover over the following Attribute: &quot;${Attribute}&quot;">
<kw name="Composed Locator" owner="low_level_keywords">
<kw name="Evaluate" owner="BuiltIn">
<msg time="2025-04-14T16:22:38.293539" level="INFO">${composed} = //span[text() = "GDL Cathode"]</msg>
<var>${composed}</var>
<arg>'${locator}' % '${text}'</arg>
<doc>Evaluates the given expression in Python and returns the result.</doc>
<status status="PASS" start="2025-04-14T16:22:38.293322" elapsed="0.000249"/>
</kw>
<return>
<value>${composed}</value>
<status status="PASS" start="2025-04-14T16:22:38.293630" elapsed="0.000037"/>
</return>
<msg time="2025-04-14T16:22:38.293774" level="INFO">${locator} = //span[text() = "GDL Cathode"]</msg>
<var>${locator}</var>
<arg>${attribute_master_date}</arg>
<arg>${Attribute}</arg>
<tag>DONE</tag>
<doc>Provides a Composed Locator</doc>
<status status="PASS" start="2025-04-14T16:22:38.293028" elapsed="0.000771"/>
</kw>
<kw name="Wait For Locator" owner="low_level_keywords">
<kw name="Wait Until Element Is Visible" owner="SeleniumLibrary">
<arg>${locator}</arg>
<arg>timeout=${timeout}</arg>
<doc>Waits until the element ``locator`` is visible.</doc>
<status status="PASS" start="2025-04-14T16:22:38.299987" elapsed="0.017424"/>
</kw>
<arg>${locator}</arg>
<tag>DONE</tag>
<doc>Verifies that element ``locator`` is found on the current page.</doc>
<status status="PASS" start="2025-04-14T16:22:38.299725" elapsed="0.017795"/>
</kw>
<kw name="Scroll Element Into View" owner="SeleniumLibrary">
<arg>${locator}</arg>
<doc>Scrolls the element identified by ``locator`` into view.</doc>
<status status="PASS" start="2025-04-14T16:22:38.317696" elapsed="0.275971"/>
</kw>
<kw name="Mouse Over" owner="SeleniumLibrary">
<msg time="2025-04-14T16:22:38.594531" level="INFO">Simulating Mouse Over on element '//span[text() = "GDL Cathode"]'.</msg>
<arg>${locator}</arg>
<doc>Simulates hovering the mouse over the element ``locator``.</doc>
<status status="PASS" start="2025-04-14T16:22:38.594151" elapsed="0.309319"/>
</kw>
<kw name="Sleep" owner="BuiltIn">
<msg time="2025-04-14T16:22:39.107579" level="INFO">Slept 200 milliseconds.</msg>
<arg>0.2</arg>
<doc>Pauses the test executed for the given time.</doc>
<status status="PASS" start="2025-04-14T16:22:38.906085" elapsed="0.202105"/>
</kw>
<kw name="Capture Page Screenshot" owner="SeleniumLibrary">
<msg time="2025-04-14T16:22:39.293700" level="INFO" html="true">&lt;/td&gt;&lt;/tr&gt;&lt;tr&gt;&lt;td colspan="3"&gt;&lt;a href="selenium-screenshot-38.png"&gt;&lt;img src="selenium-screenshot-38.png" width="800px"&gt;&lt;/a&gt;</msg>
<doc>Takes a screenshot of the current page and embeds it into a log file.</doc>
<status status="PASS" start="2025-04-14T16:22:39.109351" elapsed="0.184516"/>
</kw>
<tag>DONE</tag>
<doc>From Master Data Page, Hover over the following Attribute</doc>
<status status="PASS" start="2025-04-14T16:22:38.289864" elapsed="1.004140"/>
</kw>
<kw name="From Master Data Page, Hover over the following Attribute: &quot;Additive Layer Anode&quot;" owner="medium_level_keywords" source_name="From Master Data Page, Hover over the following Attribute: &quot;${Attribute}&quot;">
<kw name="Composed Locator" owner="low_level_keywords">
<kw name="Evaluate" owner="BuiltIn">
<msg time="2025-04-14T16:22:39.298067" level="INFO">${composed} = //span[text() = "Additive Layer Anode"]</msg>
<var>${composed}</var>
<arg>'${locator}' % '${text}'</arg>
<doc>Evaluates the given expression in Python and returns the result.</doc>
<status status="PASS" start="2025-04-14T16:22:39.297830" elapsed="0.000270"/>
</kw>
<return>
<value>${composed}</value>
<status status="PASS" start="2025-04-14T16:22:39.298163" elapsed="0.000041"/>
</return>
<msg time="2025-04-14T16:22:39.298348" level="INFO">${locator} = //span[text() = "Additive Layer Anode"]</msg>
<var>${locator}</var>
<arg>${attribute_master_date}</arg>
<arg>${Attribute}</arg>
<tag>DONE</tag>
<doc>Provides a Composed Locator</doc>
<status status="PASS" start="2025-04-14T16:22:39.297545" elapsed="0.000830"/>
</kw>
<kw name="Wait For Locator" owner="low_level_keywords">
<kw name="Wait Until Element Is Visible" owner="SeleniumLibrary">
<arg>${locator}</arg>
<arg>timeout=${timeout}</arg>
<doc>Waits until the element ``locator`` is visible.</doc>
<status status="PASS" start="2025-04-14T16:22:39.305651" elapsed="0.017115"/>
</kw>
<arg>${locator}</arg>
<tag>DONE</tag>
<doc>Verifies that element ``locator`` is found on the current page.</doc>
<status status="PASS" start="2025-04-14T16:22:39.305284" elapsed="0.017598"/>
</kw>
<kw name="Scroll Element Into View" owner="SeleniumLibrary">
<arg>${locator}</arg>
<doc>Scrolls the element identified by ``locator`` into view.</doc>
<status status="PASS" start="2025-04-14T16:22:39.323062" elapsed="0.271121"/>
</kw>
<kw name="Mouse Over" owner="SeleniumLibrary">
<msg time="2025-04-14T16:22:39.595438" level="INFO">Simulating Mouse Over on element '//span[text() = "Additive Layer Anode"]'.</msg>
<arg>${locator}</arg>
<doc>Simulates hovering the mouse over the element ``locator``.</doc>
<status status="PASS" start="2025-04-14T16:22:39.594912" elapsed="0.289527"/>
</kw>
<kw name="Sleep" owner="BuiltIn">
<msg time="2025-04-14T16:22:40.086784" level="INFO">Slept 200 milliseconds.</msg>
<arg>0.2</arg>
<doc>Pauses the test executed for the given time.</doc>
<status status="PASS" start="2025-04-14T16:22:39.885329" elapsed="0.201687"/>
</kw>
<kw name="Capture Page Screenshot" owner="SeleniumLibrary">
<msg time="2025-04-14T16:22:40.217928" level="INFO" html="true">&lt;/td&gt;&lt;/tr&gt;&lt;tr&gt;&lt;td colspan="3"&gt;&lt;a href="selenium-screenshot-39.png"&gt;&lt;img src="selenium-screenshot-39.png" width="800px"&gt;&lt;/a&gt;</msg>
<doc>Takes a screenshot of the current page and embeds it into a log file.</doc>
<status status="PASS" start="2025-04-14T16:22:40.087583" elapsed="0.130515"/>
</kw>
<tag>DONE</tag>
<doc>From Master Data Page, Hover over the following Attribute</doc>
<status status="PASS" start="2025-04-14T16:22:39.294423" elapsed="0.923822"/>
</kw>
<kw name="From Master Data Page, Hover over the following Attribute: &quot;Additive Layer Cathode&quot;" owner="medium_level_keywords" source_name="From Master Data Page, Hover over the following Attribute: &quot;${Attribute}&quot;">
<kw name="Composed Locator" owner="low_level_keywords">
<kw name="Evaluate" owner="BuiltIn">
<msg time="2025-04-14T16:22:40.224921" level="INFO">${composed} = //span[text() = "Additive Layer Cathode"]</msg>
<var>${composed}</var>
<arg>'${locator}' % '${text}'</arg>
<doc>Evaluates the given expression in Python and returns the result.</doc>
<status status="PASS" start="2025-04-14T16:22:40.224705" elapsed="0.000247"/>
</kw>
<return>
<value>${composed}</value>
<status status="PASS" start="2025-04-14T16:22:40.225015" elapsed="0.000037"/>
</return>
<msg time="2025-04-14T16:22:40.225161" level="INFO">${locator} = //span[text() = "Additive Layer Cathode"]</msg>
<var>${locator}</var>
<arg>${attribute_master_date}</arg>
<arg>${Attribute}</arg>
<tag>DONE</tag>
<doc>Provides a Composed Locator</doc>
<status status="PASS" start="2025-04-14T16:22:40.224318" elapsed="0.000869"/>
</kw>
<kw name="Wait For Locator" owner="low_level_keywords">
<kw name="Wait Until Element Is Visible" owner="SeleniumLibrary">
<arg>${locator}</arg>
<arg>timeout=${timeout}</arg>
<doc>Waits until the element ``locator`` is visible.</doc>
<status status="PASS" start="2025-04-14T16:22:40.231815" elapsed="0.025142"/>
</kw>
<arg>${locator}</arg>
<tag>DONE</tag>
<doc>Verifies that element ``locator`` is found on the current page.</doc>
<status status="PASS" start="2025-04-14T16:22:40.231304" elapsed="0.025789"/>
</kw>
<kw name="Scroll Element Into View" owner="SeleniumLibrary">
<arg>${locator}</arg>
<doc>Scrolls the element identified by ``locator`` into view.</doc>
<status status="PASS" start="2025-04-14T16:22:40.257269" elapsed="0.284512"/>
</kw>
<kw name="Mouse Over" owner="SeleniumLibrary">
<msg time="2025-04-14T16:22:40.542890" level="INFO">Simulating Mouse Over on element '//span[text() = "Additive Layer Cathode"]'.</msg>
<arg>${locator}</arg>
<doc>Simulates hovering the mouse over the element ``locator``.</doc>
<status status="PASS" start="2025-04-14T16:22:40.542444" elapsed="0.308156"/>
</kw>
<kw name="Sleep" owner="BuiltIn">
<msg time="2025-04-14T16:22:41.053940" level="INFO">Slept 200 milliseconds.</msg>
<arg>0.2</arg>
<doc>Pauses the test executed for the given time.</doc>
<status status="PASS" start="2025-04-14T16:22:40.851736" elapsed="0.203100"/>
</kw>
<kw name="Capture Page Screenshot" owner="SeleniumLibrary">
<msg time="2025-04-14T16:22:41.209566" level="INFO" html="true">&lt;/td&gt;&lt;/tr&gt;&lt;tr&gt;&lt;td colspan="3"&gt;&lt;a href="selenium-screenshot-40.png"&gt;&lt;img src="selenium-screenshot-40.png" width="800px"&gt;&lt;/a&gt;</msg>
<doc>Takes a screenshot of the current page and embeds it into a log file.</doc>
<status status="PASS" start="2025-04-14T16:22:41.056848" elapsed="0.152885"/>
</kw>
<tag>DONE</tag>
<doc>From Master Data Page, Hover over the following Attribute</doc>
<status status="PASS" start="2025-04-14T16:22:40.218734" elapsed="0.991137"/>
</kw>
<kw name="From Master Data Page, Hover over the following Attribute: &quot;Test Station&quot;" owner="medium_level_keywords" source_name="From Master Data Page, Hover over the following Attribute: &quot;${Attribute}&quot;">
<kw name="Composed Locator" owner="low_level_keywords">
<kw name="Evaluate" owner="BuiltIn">
<msg time="2025-04-14T16:22:41.213953" level="INFO">${composed} = //span[text() = "Test Station"]</msg>
<var>${composed}</var>
<arg>'${locator}' % '${text}'</arg>
<doc>Evaluates the given expression in Python and returns the result.</doc>
<status status="PASS" start="2025-04-14T16:22:41.213729" elapsed="0.000254"/>
</kw>
<return>
<value>${composed}</value>
<status status="PASS" start="2025-04-14T16:22:41.214043" elapsed="0.000037"/>
</return>
<msg time="2025-04-14T16:22:41.214189" level="INFO">${locator} = //span[text() = "Test Station"]</msg>
<var>${locator}</var>
<arg>${attribute_master_date}</arg>
<arg>${Attribute}</arg>
<tag>DONE</tag>
<doc>Provides a Composed Locator</doc>
<status status="PASS" start="2025-04-14T16:22:41.213434" elapsed="0.000780"/>
</kw>
<kw name="Wait For Locator" owner="low_level_keywords">
<kw name="Wait Until Element Is Visible" owner="SeleniumLibrary">
<arg>${locator}</arg>
<arg>timeout=${timeout}</arg>
<doc>Waits until the element ``locator`` is visible.</doc>
<status status="PASS" start="2025-04-14T16:22:41.221958" elapsed="0.016015"/>
</kw>
<arg>${locator}</arg>
<tag>DONE</tag>
<doc>Verifies that element ``locator`` is found on the current page.</doc>
<status status="PASS" start="2025-04-14T16:22:41.221589" elapsed="0.016502"/>
</kw>
<kw name="Scroll Element Into View" owner="SeleniumLibrary">
<arg>${locator}</arg>
<doc>Scrolls the element identified by ``locator`` into view.</doc>
<status status="PASS" start="2025-04-14T16:22:41.238266" elapsed="0.270481"/>
</kw>
<kw name="Mouse Over" owner="SeleniumLibrary">
<msg time="2025-04-14T16:22:41.509671" level="INFO">Simulating Mouse Over on element '//span[text() = "Test Station"]'.</msg>
<arg>${locator}</arg>
<doc>Simulates hovering the mouse over the element ``locator``.</doc>
<status status="PASS" start="2025-04-14T16:22:41.509223" elapsed="0.324304"/>
</kw>
<kw name="Sleep" owner="BuiltIn">
<msg time="2025-04-14T16:22:42.036218" level="INFO">Slept 200 milliseconds.</msg>
<arg>0.2</arg>
<doc>Pauses the test executed for the given time.</doc>
<status status="PASS" start="2025-04-14T16:22:41.834534" elapsed="0.201998"/>
</kw>
<kw name="Capture Page Screenshot" owner="SeleniumLibrary">
<msg time="2025-04-14T16:22:42.169749" level="INFO" html="true">&lt;/td&gt;&lt;/tr&gt;&lt;tr&gt;&lt;td colspan="3"&gt;&lt;a href="selenium-screenshot-41.png"&gt;&lt;img src="selenium-screenshot-41.png" width="800px"&gt;&lt;/a&gt;</msg>
<doc>Takes a screenshot of the current page and embeds it into a log file.</doc>
<status status="PASS" start="2025-04-14T16:22:42.037347" elapsed="0.132537"/>
</kw>
<tag>DONE</tag>
<doc>From Master Data Page, Hover over the following Attribute</doc>
<status status="PASS" start="2025-04-14T16:22:41.210260" elapsed="0.959756"/>
</kw>
<kw name="From Master Data Page, Hover over the following Attribute: &quot;Anolyte&quot;" owner="medium_level_keywords" source_name="From Master Data Page, Hover over the following Attribute: &quot;${Attribute}&quot;">
<kw name="Composed Locator" owner="low_level_keywords">
<kw name="Evaluate" owner="BuiltIn">
<msg time="2025-04-14T16:22:42.174029" level="INFO">${composed} = //span[text() = "Anolyte"]</msg>
<var>${composed}</var>
<arg>'${locator}' % '${text}'</arg>
<doc>Evaluates the given expression in Python and returns the result.</doc>
<status status="PASS" start="2025-04-14T16:22:42.173821" elapsed="0.000238"/>
</kw>
<return>
<value>${composed}</value>
<status status="PASS" start="2025-04-14T16:22:42.174125" elapsed="0.000037"/>
</return>
<msg time="2025-04-14T16:22:42.174280" level="INFO">${locator} = //span[text() = "Anolyte"]</msg>
<var>${locator}</var>
<arg>${attribute_master_date}</arg>
<arg>${Attribute}</arg>
<tag>DONE</tag>
<doc>Provides a Composed Locator</doc>
<status status="PASS" start="2025-04-14T16:22:42.173535" elapsed="0.000771"/>
</kw>
<kw name="Wait For Locator" owner="low_level_keywords">
<kw name="Wait Until Element Is Visible" owner="SeleniumLibrary">
<arg>${locator}</arg>
<arg>timeout=${timeout}</arg>
<doc>Waits until the element ``locator`` is visible.</doc>
<status status="PASS" start="2025-04-14T16:22:42.180539" elapsed="0.020216"/>
</kw>
<arg>${locator}</arg>
<tag>DONE</tag>
<doc>Verifies that element ``locator`` is found on the current page.</doc>
<status status="PASS" start="2025-04-14T16:22:42.180271" elapsed="0.020611"/>
</kw>
<kw name="Scroll Element Into View" owner="SeleniumLibrary">
<arg>${locator}</arg>
<doc>Scrolls the element identified by ``locator`` into view.</doc>
<status status="PASS" start="2025-04-14T16:22:42.201120" elapsed="0.291063"/>
</kw>
<kw name="Mouse Over" owner="SeleniumLibrary">
<msg time="2025-04-14T16:22:42.492945" level="INFO">Simulating Mouse Over on element '//span[text() = "Anolyte"]'.</msg>
<arg>${locator}</arg>
<doc>Simulates hovering the mouse over the element ``locator``.</doc>
<status status="PASS" start="2025-04-14T16:22:42.492604" elapsed="0.288537"/>
</kw>
<kw name="Sleep" owner="BuiltIn">
<msg time="2025-04-14T16:22:42.984597" level="INFO">Slept 200 milliseconds.</msg>
<arg>0.2</arg>
<doc>Pauses the test executed for the given time.</doc>
<status status="PASS" start="2025-04-14T16:22:42.782467" elapsed="0.203313"/>
</kw>
<kw name="Capture Page Screenshot" owner="SeleniumLibrary">
<msg time="2025-04-14T16:22:43.155764" level="INFO" html="true">&lt;/td&gt;&lt;/tr&gt;&lt;tr&gt;&lt;td colspan="3"&gt;&lt;a href="selenium-screenshot-42.png"&gt;&lt;img src="selenium-screenshot-42.png" width="800px"&gt;&lt;/a&gt;</msg>
<doc>Takes a screenshot of the current page and embeds it into a log file.</doc>
<status status="PASS" start="2025-04-14T16:22:42.987608" elapsed="0.168290"/>
</kw>
<tag>DONE</tag>
<doc>From Master Data Page, Hover over the following Attribute</doc>
<status status="PASS" start="2025-04-14T16:22:42.170380" elapsed="0.985664"/>
</kw>
<kw name="From Master Data Page, Hover over the following Attribute: &quot;Catholyte&quot;" owner="medium_level_keywords" source_name="From Master Data Page, Hover over the following Attribute: &quot;${Attribute}&quot;">
<kw name="Composed Locator" owner="low_level_keywords">
<kw name="Evaluate" owner="BuiltIn">
<msg time="2025-04-14T16:22:43.160535" level="INFO">${composed} = //span[text() = "Catholyte"]</msg>
<var>${composed}</var>
<arg>'${locator}' % '${text}'</arg>
<doc>Evaluates the given expression in Python and returns the result.</doc>
<status status="PASS" start="2025-04-14T16:22:43.160316" elapsed="0.000250"/>
</kw>
<return>
<value>${composed}</value>
<status status="PASS" start="2025-04-14T16:22:43.160627" elapsed="0.000039"/>
</return>
<msg time="2025-04-14T16:22:43.160795" level="INFO">${locator} = //span[text() = "Catholyte"]</msg>
<var>${locator}</var>
<arg>${attribute_master_date}</arg>
<arg>${Attribute}</arg>
<tag>DONE</tag>
<doc>Provides a Composed Locator</doc>
<status status="PASS" start="2025-04-14T16:22:43.160008" elapsed="0.000815"/>
</kw>
<kw name="Wait For Locator" owner="low_level_keywords">
<kw name="Wait Until Element Is Visible" owner="SeleniumLibrary">
<arg>${locator}</arg>
<arg>timeout=${timeout}</arg>
<doc>Waits until the element ``locator`` is visible.</doc>
<status status="PASS" start="2025-04-14T16:22:43.171568" elapsed="0.019664"/>
</kw>
<arg>${locator}</arg>
<tag>DONE</tag>
<doc>Verifies that element ``locator`` is found on the current page.</doc>
<status status="PASS" start="2025-04-14T16:22:43.171211" elapsed="0.020312"/>
</kw>
<kw name="Scroll Element Into View" owner="SeleniumLibrary">
<arg>${locator}</arg>
<doc>Scrolls the element identified by ``locator`` into view.</doc>
<status status="PASS" start="2025-04-14T16:22:43.191877" elapsed="0.303029"/>
</kw>
<kw name="Mouse Over" owner="SeleniumLibrary">
<msg time="2025-04-14T16:22:43.495532" level="INFO">Simulating Mouse Over on element '//span[text() = "Catholyte"]'.</msg>
<arg>${locator}</arg>
<doc>Simulates hovering the mouse over the element ``locator``.</doc>
<status status="PASS" start="2025-04-14T16:22:43.495229" elapsed="0.298309"/>
</kw>
<kw name="Sleep" owner="BuiltIn">
<msg time="2025-04-14T16:22:43.996290" level="INFO">Slept 200 milliseconds.</msg>
<arg>0.2</arg>
<doc>Pauses the test executed for the given time.</doc>
<status status="PASS" start="2025-04-14T16:22:43.794832" elapsed="0.201872"/>
</kw>
<kw name="Capture Page Screenshot" owner="SeleniumLibrary">
<msg time="2025-04-14T16:22:44.201853" level="INFO" html="true">&lt;/td&gt;&lt;/tr&gt;&lt;tr&gt;&lt;td colspan="3"&gt;&lt;a href="selenium-screenshot-43.png"&gt;&lt;img src="selenium-screenshot-43.png" width="800px"&gt;&lt;/a&gt;</msg>
<doc>Takes a screenshot of the current page and embeds it into a log file.</doc>
<status status="PASS" start="2025-04-14T16:22:43.997568" elapsed="0.204439"/>
</kw>
<tag>DONE</tag>
<doc>From Master Data Page, Hover over the following Attribute</doc>
<status status="PASS" start="2025-04-14T16:22:43.156657" elapsed="1.045472"/>
</kw>
<kw name="From Master Data Page, Hover over the following Attribute: &quot;Component&quot;" owner="medium_level_keywords" source_name="From Master Data Page, Hover over the following Attribute: &quot;${Attribute}&quot;">
<kw name="Composed Locator" owner="low_level_keywords">
<kw name="Evaluate" owner="BuiltIn">
<msg time="2025-04-14T16:22:44.206922" level="INFO">${composed} = //span[text() = "Component"]</msg>
<var>${composed}</var>
<arg>'${locator}' % '${text}'</arg>
<doc>Evaluates the given expression in Python and returns the result.</doc>
<status status="PASS" start="2025-04-14T16:22:44.206701" elapsed="0.000253"/>
</kw>
<return>
<value>${composed}</value>
<status status="PASS" start="2025-04-14T16:22:44.207017" elapsed="0.000038"/>
</return>
<msg time="2025-04-14T16:22:44.207176" level="INFO">${locator} = //span[text() = "Component"]</msg>
<var>${locator}</var>
<arg>${attribute_master_date}</arg>
<arg>${Attribute}</arg>
<tag>DONE</tag>
<doc>Provides a Composed Locator</doc>
<status status="PASS" start="2025-04-14T16:22:44.206367" elapsed="0.000836"/>
</kw>
<kw name="Wait For Locator" owner="low_level_keywords">
<kw name="Wait Until Element Is Visible" owner="SeleniumLibrary">
<arg>${locator}</arg>
<arg>timeout=${timeout}</arg>
<doc>Waits until the element ``locator`` is visible.</doc>
<status status="PASS" start="2025-04-14T16:22:44.213765" elapsed="0.017256"/>
</kw>
<arg>${locator}</arg>
<tag>DONE</tag>
<doc>Verifies that element ``locator`` is found on the current page.</doc>
<status status="PASS" start="2025-04-14T16:22:44.213479" elapsed="0.017671"/>
</kw>
<kw name="Scroll Element Into View" owner="SeleniumLibrary">
<arg>${locator}</arg>
<doc>Scrolls the element identified by ``locator`` into view.</doc>
<status status="PASS" start="2025-04-14T16:22:44.231339" elapsed="0.276057"/>
</kw>
<kw name="Mouse Over" owner="SeleniumLibrary">
<msg time="2025-04-14T16:22:44.508831" level="INFO">Simulating Mouse Over on element '//span[text() = "Component"]'.</msg>
<arg>${locator}</arg>
<doc>Simulates hovering the mouse over the element ``locator``.</doc>
<status status="PASS" start="2025-04-14T16:22:44.508139" elapsed="0.303508"/>
</kw>
<kw name="Sleep" owner="BuiltIn">
<msg time="2025-04-14T16:22:45.014293" level="INFO">Slept 200 milliseconds.</msg>
<arg>0.2</arg>
<doc>Pauses the test executed for the given time.</doc>
<status status="PASS" start="2025-04-14T16:22:44.813082" elapsed="0.201336"/>
</kw>
<kw name="Capture Page Screenshot" owner="SeleniumLibrary">
<msg time="2025-04-14T16:22:45.148000" level="INFO" html="true">&lt;/td&gt;&lt;/tr&gt;&lt;tr&gt;&lt;td colspan="3"&gt;&lt;a href="selenium-screenshot-44.png"&gt;&lt;img src="selenium-screenshot-44.png" width="800px"&gt;&lt;/a&gt;</msg>
<doc>Takes a screenshot of the current page and embeds it into a log file.</doc>
<status status="PASS" start="2025-04-14T16:22:45.014701" elapsed="0.133445"/>
</kw>
<tag>DONE</tag>
<doc>From Master Data Page, Hover over the following Attribute</doc>
<status status="PASS" start="2025-04-14T16:22:44.202504" elapsed="0.945766"/>
</kw>
<kw name="From Master Data Page, Hover over the following Attribute: &quot;Gas Chromatography&quot;" owner="medium_level_keywords" source_name="From Master Data Page, Hover over the following Attribute: &quot;${Attribute}&quot;">
<kw name="Composed Locator" owner="low_level_keywords">
<kw name="Evaluate" owner="BuiltIn">
<msg time="2025-04-14T16:22:45.152948" level="INFO">${composed} = //span[text() = "Gas Chromatography"]</msg>
<var>${composed}</var>
<arg>'${locator}' % '${text}'</arg>
<doc>Evaluates the given expression in Python and returns the result.</doc>
<status status="PASS" start="2025-04-14T16:22:45.152734" elapsed="0.000252"/>
</kw>
<return>
<value>${composed}</value>
<status status="PASS" start="2025-04-14T16:22:45.153050" elapsed="0.000039"/>
</return>
<msg time="2025-04-14T16:22:45.153211" level="INFO">${locator} = //span[text() = "Gas Chromatography"]</msg>
<var>${locator}</var>
<arg>${attribute_master_date}</arg>
<arg>${Attribute}</arg>
<tag>DONE</tag>
<doc>Provides a Composed Locator</doc>
<status status="PASS" start="2025-04-14T16:22:45.152384" elapsed="0.000853"/>
</kw>
<kw name="Wait For Locator" owner="low_level_keywords">
<kw name="Wait Until Element Is Visible" owner="SeleniumLibrary">
<arg>${locator}</arg>
<arg>timeout=${timeout}</arg>
<doc>Waits until the element ``locator`` is visible.</doc>
<status status="PASS" start="2025-04-14T16:22:45.159475" elapsed="0.017552"/>
</kw>
<arg>${locator}</arg>
<tag>DONE</tag>
<doc>Verifies that element ``locator`` is found on the current page.</doc>
<status status="PASS" start="2025-04-14T16:22:45.159203" elapsed="0.017947"/>
</kw>
<kw name="Scroll Element Into View" owner="SeleniumLibrary">
<arg>${locator}</arg>
<doc>Scrolls the element identified by ``locator`` into view.</doc>
<status status="PASS" start="2025-04-14T16:22:45.177332" elapsed="0.275761"/>
</kw>
<kw name="Mouse Over" owner="SeleniumLibrary">
<msg time="2025-04-14T16:22:45.453519" level="INFO">Simulating Mouse Over on element '//span[text() = "Gas Chromatography"]'.</msg>
<arg>${locator}</arg>
<doc>Simulates hovering the mouse over the element ``locator``.</doc>
<status status="PASS" start="2025-04-14T16:22:45.453316" elapsed="0.289290"/>
</kw>
<kw name="Sleep" owner="BuiltIn">
<msg time="2025-04-14T16:22:45.944644" level="INFO">Slept 200 milliseconds.</msg>
<arg>0.2</arg>
<doc>Pauses the test executed for the given time.</doc>
<status status="PASS" start="2025-04-14T16:22:45.743286" elapsed="0.201762"/>
</kw>
<kw name="Capture Page Screenshot" owner="SeleniumLibrary">
<msg time="2025-04-14T16:22:46.081100" level="INFO" html="true">&lt;/td&gt;&lt;/tr&gt;&lt;tr&gt;&lt;td colspan="3"&gt;&lt;a href="selenium-screenshot-45.png"&gt;&lt;img src="selenium-screenshot-45.png" width="800px"&gt;&lt;/a&gt;</msg>
<doc>Takes a screenshot of the current page and embeds it into a log file.</doc>
<status status="PASS" start="2025-04-14T16:22:45.946247" elapsed="0.134988"/>
</kw>
<tag>DONE</tag>
<doc>From Master Data Page, Hover over the following Attribute</doc>
<status status="PASS" start="2025-04-14T16:22:45.148751" elapsed="0.932640"/>
</kw>
<kw name="From Master Data Page, Hover over the following Attribute: &quot;DC Power Supply&quot;" owner="medium_level_keywords" source_name="From Master Data Page, Hover over the following Attribute: &quot;${Attribute}&quot;">
<kw name="Composed Locator" owner="low_level_keywords">
<kw name="Evaluate" owner="BuiltIn">
<msg time="2025-04-14T16:22:46.086494" level="INFO">${composed} = //span[text() = "DC Power Supply"]</msg>
<var>${composed}</var>
<arg>'${locator}' % '${text}'</arg>
<doc>Evaluates the given expression in Python and returns the result.</doc>
<status status="PASS" start="2025-04-14T16:22:46.086274" elapsed="0.000252"/>
</kw>
<return>
<value>${composed}</value>
<status status="PASS" start="2025-04-14T16:22:46.086588" elapsed="0.000038"/>
</return>
<msg time="2025-04-14T16:22:46.086736" level="INFO">${locator} = //span[text() = "DC Power Supply"]</msg>
<var>${locator}</var>
<arg>${attribute_master_date}</arg>
<arg>${Attribute}</arg>
<tag>DONE</tag>
<doc>Provides a Composed Locator</doc>
<status status="PASS" start="2025-04-14T16:22:46.085967" elapsed="0.000794"/>
</kw>
<kw name="Wait For Locator" owner="low_level_keywords">
<kw name="Wait Until Element Is Visible" owner="SeleniumLibrary">
<arg>${locator}</arg>
<arg>timeout=${timeout}</arg>
<doc>Waits until the element ``locator`` is visible.</doc>
<status status="PASS" start="2025-04-14T16:22:46.092978" elapsed="0.037739"/>
</kw>
<arg>${locator}</arg>
<tag>DONE</tag>
<doc>Verifies that element ``locator`` is found on the current page.</doc>
<status status="PASS" start="2025-04-14T16:22:46.092704" elapsed="0.038140"/>
</kw>
<kw name="Scroll Element Into View" owner="SeleniumLibrary">
<arg>${locator}</arg>
<doc>Scrolls the element identified by ``locator`` into view.</doc>
<status status="PASS" start="2025-04-14T16:22:46.131059" elapsed="0.297560"/>
</kw>
<kw name="Mouse Over" owner="SeleniumLibrary">
<msg time="2025-04-14T16:22:46.430536" level="INFO">Simulating Mouse Over on element '//span[text() = "DC Power Supply"]'.</msg>
<arg>${locator}</arg>
<doc>Simulates hovering the mouse over the element ``locator``.</doc>
<status status="PASS" start="2025-04-14T16:22:46.429552" elapsed="0.321026"/>
</kw>
<kw name="Sleep" owner="BuiltIn">
<msg time="2025-04-14T16:22:46.951862" level="INFO">Slept 200 milliseconds.</msg>
<arg>0.2</arg>
<doc>Pauses the test executed for the given time.</doc>
<status status="PASS" start="2025-04-14T16:22:46.751014" elapsed="0.201333"/>
</kw>
<kw name="Capture Page Screenshot" owner="SeleniumLibrary">
<msg time="2025-04-14T16:22:47.137237" level="INFO" html="true">&lt;/td&gt;&lt;/tr&gt;&lt;tr&gt;&lt;td colspan="3"&gt;&lt;a href="selenium-screenshot-46.png"&gt;&lt;img src="selenium-screenshot-46.png" width="800px"&gt;&lt;/a&gt;</msg>
<doc>Takes a screenshot of the current page and embeds it into a log file.</doc>
<status status="PASS" start="2025-04-14T16:22:46.953300" elapsed="0.184088"/>
</kw>
<tag>DONE</tag>
<doc>From Master Data Page, Hover over the following Attribute</doc>
<status status="PASS" start="2025-04-14T16:22:46.082186" elapsed="1.055355"/>
</kw>
<kw name="From Master Data Page, Hover over the following Attribute: &quot;Electrochemical Lab Potentiostat&quot;" owner="medium_level_keywords" source_name="From Master Data Page, Hover over the following Attribute: &quot;${Attribute}&quot;">
<kw name="Composed Locator" owner="low_level_keywords">
<kw name="Evaluate" owner="BuiltIn">
<msg time="2025-04-14T16:22:47.141704" level="INFO">${composed} = //span[text() = "Electrochemical Lab Potentiostat"]</msg>
<var>${composed}</var>
<arg>'${locator}' % '${text}'</arg>
<doc>Evaluates the given expression in Python and returns the result.</doc>
<status status="PASS" start="2025-04-14T16:22:47.141436" elapsed="0.000322"/>
</kw>
<return>
<value>${composed}</value>
<status status="PASS" start="2025-04-14T16:22:47.141868" elapsed="0.000064"/>
</return>
<msg time="2025-04-14T16:22:47.142151" level="INFO">${locator} = //span[text() = "Electrochemical Lab Potentiostat"]</msg>
<var>${locator}</var>
<arg>${attribute_master_date}</arg>
<arg>${Attribute}</arg>
<tag>DONE</tag>
<doc>Provides a Composed Locator</doc>
<status status="PASS" start="2025-04-14T16:22:47.141153" elapsed="0.001049"/>
</kw>
<kw name="Wait For Locator" owner="low_level_keywords">
<kw name="Wait Until Element Is Visible" owner="SeleniumLibrary">
<arg>${locator}</arg>
<arg>timeout=${timeout}</arg>
<doc>Waits until the element ``locator`` is visible.</doc>
<status status="PASS" start="2025-04-14T16:22:47.149529" elapsed="0.018444"/>
</kw>
<arg>${locator}</arg>
<tag>DONE</tag>
<doc>Verifies that element ``locator`` is found on the current page.</doc>
<status status="PASS" start="2025-04-14T16:22:47.149150" elapsed="0.018976"/>
</kw>
<kw name="Scroll Element Into View" owner="SeleniumLibrary">
<arg>${locator}</arg>
<doc>Scrolls the element identified by ``locator`` into view.</doc>
<status status="PASS" start="2025-04-14T16:22:47.168412" elapsed="0.291958"/>
</kw>
<kw name="Mouse Over" owner="SeleniumLibrary">
<msg time="2025-04-14T16:22:47.462145" level="INFO">Simulating Mouse Over on element '//span[text() = "Electrochemical Lab Potentiostat"]'.</msg>
<arg>${locator}</arg>
<doc>Simulates hovering the mouse over the element ``locator``.</doc>
<status status="PASS" start="2025-04-14T16:22:47.461362" elapsed="0.310356"/>
</kw>
<kw name="Sleep" owner="BuiltIn">
<msg time="2025-04-14T16:22:47.973305" level="INFO">Slept 200 milliseconds.</msg>
<arg>0.2</arg>
<doc>Pauses the test executed for the given time.</doc>
<status status="PASS" start="2025-04-14T16:22:47.772354" elapsed="0.201345"/>
</kw>
<kw name="Capture Page Screenshot" owner="SeleniumLibrary">
<msg time="2025-04-14T16:22:48.140024" level="INFO" html="true">&lt;/td&gt;&lt;/tr&gt;&lt;tr&gt;&lt;td colspan="3"&gt;&lt;a href="selenium-screenshot-47.png"&gt;&lt;img src="selenium-screenshot-47.png" width="800px"&gt;&lt;/a&gt;</msg>
<doc>Takes a screenshot of the current page and embeds it into a log file.</doc>
<status status="PASS" start="2025-04-14T16:22:47.974596" elapsed="0.165588"/>
</kw>
<tag>DONE</tag>
<doc>From Master Data Page, Hover over the following Attribute</doc>
<status status="PASS" start="2025-04-14T16:22:47.138006" elapsed="1.002316"/>
</kw>
<kw name="Close Browser" owner="SeleniumLibrary" type="TEARDOWN">
<doc>Closes the current browser.</doc>
<status status="PASS" start="2025-04-14T16:22:48.140749" elapsed="2.417746"/>
</kw>
<status status="PASS" start="2025-04-14T16:22:12.334139" elapsed="38.225291"/>
</test>
<status status="PASS" start="2025-04-14T16:22:11.864051" elapsed="38.701540"/>
</suite>
<statistics>
<total>
<stat pass="1" fail="0" skip="0">All Tests</stat>
</total>
<tag>
</tag>
<suite>
<stat name="SF US23" id="s1" pass="1" fail="0" skip="0">SF US23</stat>
</suite>
</statistics>
<errors>
</errors>
</robot>
