<?xml version="1.0" encoding="UTF-8"?>
<robot generator="Robot 7.2.2 (Python 3.13.2 on win32)" generated="2025-04-09T14:19:28.247584" rpa="false" schemaversion="5">
<suite id="s1" name="SF DB US10" source="D:\SorafuelAutomationTesting\Inovat8-Project-database-main\testsDatabase\SF_DB_US10.robot">
<test id="s1-t1" name="US10 Verifying Project Delete Functionality from Database" line="8">
<kw name="Login to Sora Fuel while adding Bezzomate" owner="db_keywords">
<kw name="Open Browser" owner="SeleniumLibrary">
<msg time="2025-04-09T14:19:28.763005" level="INFO">Opening browser 'chrome' to base url 'https://sorafuel.inovat8.com/'.</msg>
<msg time="2025-04-09T14:19:29.145714" level="WARN">The chromedriver version (134.0.6998.35) detected in PATH at D:\chromedriver-win64\chromedriver-win64\chromedriver.exe might not be compatible with the detected chrome version (135.0.7049.84); currently, chromedriver 135.0.7049.84 is recommended for chrome 135.*, so it is advised to delete the driver in PATH and retry</msg>
<arg>https://sorafuel.inovat8.com/</arg>
<arg>chrome</arg>
<arg>options=add_argument("--load-extension=${EXTENSION_PATH_NEW}")</arg>
<doc>Opens a new browser instance to the optional ``url``.</doc>
<status status="PASS" start="2025-04-09T14:19:28.762724" elapsed="5.316773"/>
</kw>
<kw name="Maximize Browser Window" owner="SeleniumLibrary">
<doc>Maximizes current browser window.</doc>
<status status="PASS" start="2025-04-09T14:19:34.080653" elapsed="0.044926"/>
</kw>
<kw name="Click On Composed Locator" owner="low_level_keywords">
<kw name="Evaluate" owner="BuiltIn">
<msg time="2025-04-09T14:19:34.137954" level="INFO">${composed} = //div/label[text() = "Username"]/following-sibling::div/input</msg>
<var>${composed}</var>
<arg>'${locator}' % '${text}'</arg>
<doc>Evaluates the given expression in Python and returns the result.</doc>
<status status="PASS" start="2025-04-09T14:19:34.136899" elapsed="0.001139"/>
</kw>
<kw name="Click On Locator" owner="low_level_keywords">
<kw name="Wait For Locator" owner="low_level_keywords">
<kw name="Wait Until Element Is Visible" owner="SeleniumLibrary">
<arg>${locator}</arg>
<arg>timeout=${timeout}</arg>
<doc>Waits until the element ``locator`` is visible.</doc>
<status status="PASS" start="2025-04-09T14:19:34.158209" elapsed="1.430246"/>
</kw>
<arg>${locator}</arg>
<tag>DONE</tag>
<doc>Verifies that element ``locator`` is found on the current page.</doc>
<status status="PASS" start="2025-04-09T14:19:34.157781" elapsed="1.430873"/>
</kw>
<kw name="Click Element" owner="SeleniumLibrary">
<msg time="2025-04-09T14:19:35.589190" level="INFO">Clicking element '//div/label[text() = "Username"]/following-sibling::div/input'.</msg>
<arg>${locator}</arg>
<doc>Click the element identified by ``locator``.</doc>
<status status="PASS" start="2025-04-09T14:19:35.588976" elapsed="0.063028"/>
</kw>
<arg>${composed}</arg>
<tag>DONE</tag>
<doc>Click the element identified by ``locator``.</doc>
<status status="PASS" start="2025-04-09T14:19:34.146599" elapsed="1.505517"/>
</kw>
<return>
<value>${composed}</value>
<status status="PASS" start="2025-04-09T14:19:35.652187" elapsed="0.000076"/>
</return>
<arg>${login_credenetials}</arg>
<arg>Username</arg>
<tag>DONE</tag>
<doc>Click the element identified by ``locator`` and its text.</doc>
<status status="PASS" start="2025-04-09T14:19:34.135507" elapsed="1.516888"/>
</kw>
<kw name="Send Keys to Composed Locator" owner="low_level_keywords">
<kw name="Evaluate" owner="BuiltIn">
<msg time="2025-04-09T14:19:35.658738" level="INFO">${composed} = //div/label[text() = "Username"]/following-sibling::div/input</msg>
<var>${composed}</var>
<arg>'${locator}' % '${element_required_to_compose}'</arg>
<doc>Evaluates the given expression in Python and returns the result.</doc>
<status status="PASS" start="2025-04-09T14:19:35.658498" elapsed="0.000272"/>
</kw>
<kw name="Send Keys To Locator" owner="low_level_keywords">
<kw name="Wait For Locator" owner="low_level_keywords">
<kw name="Wait Until Element Is Visible" owner="SeleniumLibrary">
<arg>${locator}</arg>
<arg>timeout=${timeout}</arg>
<doc>Waits until the element ``locator`` is visible.</doc>
<status status="PASS" start="2025-04-09T14:19:35.668305" elapsed="0.017880"/>
</kw>
<arg>${locator}</arg>
<tag>DONE</tag>
<doc>Verifies that element ``locator`` is found on the current page.</doc>
<status status="PASS" start="2025-04-09T14:19:35.668012" elapsed="0.018291"/>
</kw>
<kw name="Clear Element Text" owner="SeleniumLibrary">
<arg>${locator}</arg>
<doc>Clears the value of the text-input-element identified by ``locator``.</doc>
<status status="PASS" start="2025-04-09T14:19:35.686492" elapsed="0.031826"/>
</kw>
<kw name="Press Keys" owner="SeleniumLibrary">
<msg time="2025-04-09T14:19:35.719191" level="INFO">Sending key(s) ('Ahmed',) to //div/label[text() = "Username"]/following-sibling::div/input element.</msg>
<msg time="2025-04-09T14:19:36.004366" level="INFO">Sending keys Ahmed</msg>
<arg>${locator}</arg>
<arg>${text}</arg>
<doc>Simulates the user pressing key(s) to an element or on the active browser.</doc>
<status status="PASS" start="2025-04-09T14:19:35.718699" elapsed="0.338788"/>
</kw>
<arg>${composed}</arg>
<arg>${text_to_enter}</arg>
<tag>DONE</tag>
<doc>Simulates the user pressing key(s) to an element or on the active browser.</doc>
<status status="PASS" start="2025-04-09T14:19:35.662210" elapsed="0.395516"/>
</kw>
<arg>${login_credenetials}</arg>
<arg>Username</arg>
<arg>Ahmed</arg>
<tag>DONE</tag>
<doc>Enter input in the element identified by ``locator`` and its text.</doc>
<status status="PASS" start="2025-04-09T14:19:35.658138" elapsed="0.399805"/>
</kw>
<kw name="Click On Composed Locator" owner="low_level_keywords">
<kw name="Evaluate" owner="BuiltIn">
<msg time="2025-04-09T14:19:36.067226" level="INFO">${composed} = //div/label[text() = "Password"]/following-sibling::div/input</msg>
<var>${composed}</var>
<arg>'${locator}' % '${text}'</arg>
<doc>Evaluates the given expression in Python and returns the result.</doc>
<status status="PASS" start="2025-04-09T14:19:36.066993" elapsed="0.000266"/>
</kw>
<kw name="Click On Locator" owner="low_level_keywords">
<kw name="Wait For Locator" owner="low_level_keywords">
<kw name="Wait Until Element Is Visible" owner="SeleniumLibrary">
<arg>${locator}</arg>
<arg>timeout=${timeout}</arg>
<doc>Waits until the element ``locator`` is visible.</doc>
<status status="PASS" start="2025-04-09T14:19:36.077374" elapsed="0.021457"/>
</kw>
<arg>${locator}</arg>
<tag>DONE</tag>
<doc>Verifies that element ``locator`` is found on the current page.</doc>
<status status="PASS" start="2025-04-09T14:19:36.076551" elapsed="0.022390"/>
</kw>
<kw name="Click Element" owner="SeleniumLibrary">
<msg time="2025-04-09T14:19:36.099373" level="INFO">Clicking element '//div/label[text() = "Password"]/following-sibling::div/input'.</msg>
<arg>${locator}</arg>
<doc>Click the element identified by ``locator``.</doc>
<status status="PASS" start="2025-04-09T14:19:36.099129" elapsed="0.071056"/>
</kw>
<arg>${composed}</arg>
<tag>DONE</tag>
<doc>Click the element identified by ``locator``.</doc>
<status status="PASS" start="2025-04-09T14:19:36.070126" elapsed="0.100261"/>
</kw>
<return>
<value>${composed}</value>
<status status="PASS" start="2025-04-09T14:19:36.170509" elapsed="0.000175"/>
</return>
<arg>${login_credenetials}</arg>
<arg>Password</arg>
<tag>DONE</tag>
<doc>Click the element identified by ``locator`` and its text.</doc>
<status status="PASS" start="2025-04-09T14:19:36.066597" elapsed="0.104307"/>
</kw>
<kw name="Send Keys to Composed Locator" owner="low_level_keywords">
<kw name="Evaluate" owner="BuiltIn">
<msg time="2025-04-09T14:19:36.182867" level="INFO">${composed} = //div/label[text() = "Password"]/following-sibling::div/input</msg>
<var>${composed}</var>
<arg>'${locator}' % '${element_required_to_compose}'</arg>
<doc>Evaluates the given expression in Python and returns the result.</doc>
<status status="PASS" start="2025-04-09T14:19:36.182611" elapsed="0.000291"/>
</kw>
<kw name="Send Keys To Locator" owner="low_level_keywords">
<kw name="Wait For Locator" owner="low_level_keywords">
<kw name="Wait Until Element Is Visible" owner="SeleniumLibrary">
<arg>${locator}</arg>
<arg>timeout=${timeout}</arg>
<doc>Waits until the element ``locator`` is visible.</doc>
<status status="PASS" start="2025-04-09T14:19:36.194835" elapsed="0.028387"/>
</kw>
<arg>${locator}</arg>
<tag>DONE</tag>
<doc>Verifies that element ``locator`` is found on the current page.</doc>
<status status="PASS" start="2025-04-09T14:19:36.193343" elapsed="0.030039"/>
</kw>
<kw name="Clear Element Text" owner="SeleniumLibrary">
<arg>${locator}</arg>
<doc>Clears the value of the text-input-element identified by ``locator``.</doc>
<status status="PASS" start="2025-04-09T14:19:36.223909" elapsed="0.038836"/>
</kw>
<kw name="Press Keys" owner="SeleniumLibrary">
<msg time="2025-04-09T14:19:36.264165" level="INFO">Sending key(s) ('Ahmed@123',) to //div/label[text() = "Password"]/following-sibling::div/input element.</msg>
<msg time="2025-04-09T14:19:36.572635" level="INFO">Sending keys Ahmed@123</msg>
<arg>${locator}</arg>
<arg>${text}</arg>
<doc>Simulates the user pressing key(s) to an element or on the active browser.</doc>
<status status="PASS" start="2025-04-09T14:19:36.263149" elapsed="0.383155"/>
</kw>
<arg>${composed}</arg>
<arg>${text_to_enter}</arg>
<tag>DONE</tag>
<doc>Simulates the user pressing key(s) to an element or on the active browser.</doc>
<status status="PASS" start="2025-04-09T14:19:36.186654" elapsed="0.459893"/>
</kw>
<arg>${login_credenetials}</arg>
<arg>Password</arg>
<arg>Ahmed@123</arg>
<tag>DONE</tag>
<doc>Enter input in the element identified by ``locator`` and its text.</doc>
<status status="PASS" start="2025-04-09T14:19:36.182191" elapsed="0.464477"/>
</kw>
<kw name="Capture Page Screenshot" owner="SeleniumLibrary">
<msg time="2025-04-09T14:19:36.822161" level="INFO" html="true">&lt;/td&gt;&lt;/tr&gt;&lt;tr&gt;&lt;td colspan="3"&gt;&lt;a href="selenium-screenshot-65.png"&gt;&lt;img src="selenium-screenshot-65.png" width="800px"&gt;&lt;/a&gt;</msg>
<doc>Takes a screenshot of the current page and embeds it into a log file.</doc>
<status status="PASS" start="2025-04-09T14:19:36.646893" elapsed="0.175425"/>
</kw>
<kw name="Click On Locator" owner="low_level_keywords">
<kw name="Wait For Locator" owner="low_level_keywords">
<kw name="Wait Until Element Is Visible" owner="SeleniumLibrary">
<arg>${locator}</arg>
<arg>timeout=${timeout}</arg>
<doc>Waits until the element ``locator`` is visible.</doc>
<status status="PASS" start="2025-04-09T14:19:36.834163" elapsed="0.019618"/>
</kw>
<arg>${locator}</arg>
<tag>DONE</tag>
<doc>Verifies that element ``locator`` is found on the current page.</doc>
<status status="PASS" start="2025-04-09T14:19:36.833796" elapsed="0.020104"/>
</kw>
<kw name="Click Element" owner="SeleniumLibrary">
<msg time="2025-04-09T14:19:36.854274" level="INFO">Clicking element '//button[text() = "Sign in"]'.</msg>
<arg>${locator}</arg>
<doc>Click the element identified by ``locator``.</doc>
<status status="PASS" start="2025-04-09T14:19:36.854082" elapsed="0.060005"/>
</kw>
<arg>${signin_button}</arg>
<tag>DONE</tag>
<doc>Click the element identified by ``locator``.</doc>
<status status="PASS" start="2025-04-09T14:19:36.826022" elapsed="0.088227"/>
</kw>
<kw name="Wait For Locator" owner="low_level_keywords">
<kw name="Wait Until Element Is Visible" owner="SeleniumLibrary">
<arg>${locator}</arg>
<arg>timeout=${timeout}</arg>
<doc>Waits until the element ``locator`` is visible.</doc>
<status status="PASS" start="2025-04-09T14:19:36.922729" elapsed="3.976763"/>
</kw>
<arg>${new_project_button}</arg>
<tag>DONE</tag>
<doc>Verifies that element ``locator`` is found on the current page.</doc>
<status status="PASS" start="2025-04-09T14:19:36.922357" elapsed="3.977241"/>
</kw>
<kw name="Capture Page Screenshot" owner="SeleniumLibrary">
<msg time="2025-04-09T14:19:41.101688" level="INFO" html="true">&lt;/td&gt;&lt;/tr&gt;&lt;tr&gt;&lt;td colspan="3"&gt;&lt;a href="selenium-screenshot-66.png"&gt;&lt;img src="selenium-screenshot-66.png" width="800px"&gt;&lt;/a&gt;</msg>
<doc>Takes a screenshot of the current page and embeds it into a log file.</doc>
<status status="PASS" start="2025-04-09T14:19:40.899802" elapsed="0.202035"/>
</kw>
<tag>DONE</tag>
<doc>Login to Sora Fuel while adding Bezzomate</doc>
<status status="PASS" start="2025-04-09T14:19:28.761788" elapsed="12.340194"/>
</kw>
<kw name="Access Bezzomate" owner="db_keywords">
<kw name="Press Keys" owner="SeleniumLibrary">
<msg time="2025-04-09T14:19:41.103113" level="INFO">Sending key(s) ('ALT+B',) to page.</msg>
<msg time="2025-04-09T14:19:41.103193" level="INFO">Pressing special key ALT down.</msg>
<msg time="2025-04-09T14:19:41.103227" level="INFO">Sending key B</msg>
<msg time="2025-04-09T14:19:41.103256" level="INFO">Releasing special key ALT.</msg>
<arg>None</arg>
<arg>ALT+B</arg>
<doc>Simulates the user pressing key(s) to an element or on the active browser.</doc>
<status status="PASS" start="2025-04-09T14:19:41.102822" elapsed="0.053078"/>
</kw>
<kw name="Sleep" owner="BuiltIn">
<msg time="2025-04-09T14:19:44.157179" level="INFO">Slept 3 seconds.</msg>
<arg>3s</arg>
<doc>Pauses the test executed for the given time.</doc>
<status status="PASS" start="2025-04-09T14:19:41.156162" elapsed="3.001148"/>
</kw>
<kw name="Capture Page Screenshot" owner="SeleniumLibrary">
<msg time="2025-04-09T14:19:44.273238" level="INFO" html="true">&lt;/td&gt;&lt;/tr&gt;&lt;tr&gt;&lt;td colspan="3"&gt;&lt;a href="selenium-screenshot-67.png"&gt;&lt;img src="selenium-screenshot-67.png" width="800px"&gt;&lt;/a&gt;</msg>
<doc>Takes a screenshot of the current page and embeds it into a log file.</doc>
<status status="PASS" start="2025-04-09T14:19:44.157542" elapsed="0.115822"/>
</kw>
<tag>DONE</tag>
<doc>Access Bezzomate</doc>
<status status="PASS" start="2025-04-09T14:19:41.102477" elapsed="3.171012"/>
</kw>
<kw name="Navigate to the Category &quot;Database&quot; from Bezzomate" owner="db_keywords" source_name="Navigate to the Category &quot;${Category}&quot; from Bezzomate">
<kw name="Wait For Composed Locator" owner="low_level_keywords">
<kw name="Evaluate" owner="BuiltIn">
<msg time="2025-04-09T14:19:44.282943" level="INFO">${composed} = //div[contains(text(), "Database")]</msg>
<var>${composed}</var>
<arg>'${locator}' % '${text}'</arg>
<doc>Evaluates the given expression in Python and returns the result.</doc>
<status status="PASS" start="2025-04-09T14:19:44.282696" elapsed="0.000304"/>
</kw>
<kw name="Wait For Locator" owner="low_level_keywords">
<kw name="Wait Until Element Is Visible" owner="SeleniumLibrary">
<arg>${locator}</arg>
<arg>timeout=${timeout}</arg>
<doc>Waits until the element ``locator`` is visible.</doc>
<status status="PASS" start="2025-04-09T14:19:44.291238" elapsed="0.023574"/>
</kw>
<arg>${composed}</arg>
<arg>timeout=${timeout}</arg>
<tag>DONE</tag>
<doc>Verifies that element ``locator`` is found on the current page.</doc>
<status status="PASS" start="2025-04-09T14:19:44.290856" elapsed="0.024072"/>
</kw>
<arg>${bezzomate_category}</arg>
<arg>${Category}</arg>
<tag>DONE</tag>
<doc>Verifies that element ``composed`` locator is found on the current page.</doc>
<status status="PASS" start="2025-04-09T14:19:44.282292" elapsed="0.032718"/>
</kw>
<kw name="Click On Composed Locator" owner="low_level_keywords">
<kw name="Evaluate" owner="BuiltIn">
<msg time="2025-04-09T14:19:44.318611" level="INFO">${composed} = //div[contains(text(), "Database")]</msg>
<var>${composed}</var>
<arg>'${locator}' % '${text}'</arg>
<doc>Evaluates the given expression in Python and returns the result.</doc>
<status status="PASS" start="2025-04-09T14:19:44.318390" elapsed="0.000251"/>
</kw>
<kw name="Click On Locator" owner="low_level_keywords">
<kw name="Wait For Locator" owner="low_level_keywords">
<kw name="Wait Until Element Is Visible" owner="SeleniumLibrary">
<arg>${locator}</arg>
<arg>timeout=${timeout}</arg>
<doc>Waits until the element ``locator`` is visible.</doc>
<status status="PASS" start="2025-04-09T14:19:44.329605" elapsed="0.014993"/>
</kw>
<arg>${locator}</arg>
<tag>DONE</tag>
<doc>Verifies that element ``locator`` is found on the current page.</doc>
<status status="PASS" start="2025-04-09T14:19:44.329323" elapsed="0.015497"/>
</kw>
<kw name="Click Element" owner="SeleniumLibrary">
<msg time="2025-04-09T14:19:44.345288" level="INFO">Clicking element '//div[contains(text(), "Database")]'.</msg>
<arg>${locator}</arg>
<doc>Click the element identified by ``locator``.</doc>
<status status="PASS" start="2025-04-09T14:19:44.345080" elapsed="0.235038"/>
</kw>
<arg>${composed}</arg>
<tag>DONE</tag>
<doc>Click the element identified by ``locator``.</doc>
<status status="PASS" start="2025-04-09T14:19:44.323555" elapsed="0.256665"/>
</kw>
<return>
<value>${composed}</value>
<status status="PASS" start="2025-04-09T14:19:44.580296" elapsed="0.000060"/>
</return>
<arg>${bezzomate_category}</arg>
<arg>${Category}</arg>
<tag>DONE</tag>
<doc>Click the element identified by ``locator`` and its text.</doc>
<status status="PASS" start="2025-04-09T14:19:44.317931" elapsed="0.262577"/>
</kw>
<kw name="Capture Page Screenshot" owner="SeleniumLibrary">
<msg time="2025-04-09T14:19:44.915256" level="INFO" html="true">&lt;/td&gt;&lt;/tr&gt;&lt;tr&gt;&lt;td colspan="3"&gt;&lt;a href="selenium-screenshot-68.png"&gt;&lt;img src="selenium-screenshot-68.png" width="800px"&gt;&lt;/a&gt;</msg>
<doc>Takes a screenshot of the current page and embeds it into a log file.</doc>
<status status="PASS" start="2025-04-09T14:19:44.580715" elapsed="0.334677"/>
</kw>
<tag>DONE</tag>
<doc>Navigate to the Category from Bezzomate</doc>
<status status="PASS" start="2025-04-09T14:19:44.273876" elapsed="0.641669"/>
</kw>
<kw name="Verify that the readings for &quot;DCPowerSupplyReading&quot; are &quot;181261&quot;" owner="db_keywords" source_name="Verify that the readings for &quot;${Readings}&quot; are &quot;${Value}&quot;">
<kw name="Wait For Locator" owner="low_level_keywords">
<kw name="Wait Until Element Is Visible" owner="SeleniumLibrary">
<arg>${locator}</arg>
<arg>timeout=${timeout}</arg>
<doc>Waits until the element ``locator`` is visible.</doc>
<status status="PASS" start="2025-04-09T14:19:44.926180" elapsed="0.020293"/>
</kw>
<arg>${bezzomate_search_bar}</arg>
<tag>DONE</tag>
<doc>Verifies that element ``locator`` is found on the current page.</doc>
<status status="PASS" start="2025-04-09T14:19:44.925795" elapsed="0.020786"/>
</kw>
<kw name="Scroll Element Into View" owner="SeleniumLibrary">
<arg>${bezzomate_search_bar}</arg>
<doc>Scrolls the element identified by ``locator`` into view.</doc>
<status status="PASS" start="2025-04-09T14:19:44.946780" elapsed="0.280108"/>
</kw>
<kw name="Double Click Element" owner="SeleniumLibrary">
<msg time="2025-04-09T14:19:45.227730" level="INFO">Double clicking element '//div[@class = "mxbt-objs-menu-actions"]/input'.</msg>
<arg>${bezzomate_search_bar}</arg>
<doc>Double clicks the element identified by ``locator``.</doc>
<status status="PASS" start="2025-04-09T14:19:45.227314" elapsed="0.324126"/>
</kw>
<kw name="Click On Locator" owner="low_level_keywords">
<kw name="Wait For Locator" owner="low_level_keywords">
<kw name="Wait Until Element Is Visible" owner="SeleniumLibrary">
<arg>${locator}</arg>
<arg>timeout=${timeout}</arg>
<doc>Waits until the element ``locator`` is visible.</doc>
<status status="PASS" start="2025-04-09T14:19:45.567022" elapsed="0.026010"/>
</kw>
<arg>${locator}</arg>
<tag>DONE</tag>
<doc>Verifies that element ``locator`` is found on the current page.</doc>
<status status="PASS" start="2025-04-09T14:19:45.566629" elapsed="0.026571"/>
</kw>
<kw name="Click Element" owner="SeleniumLibrary">
<msg time="2025-04-09T14:19:45.593849" level="INFO">Clicking element '//div[@class = "mxbt-objs-menu-actions"]/input'.</msg>
<arg>${locator}</arg>
<doc>Click the element identified by ``locator``.</doc>
<status status="PASS" start="2025-04-09T14:19:45.593551" elapsed="0.084085"/>
</kw>
<arg>${bezzomate_search_bar}</arg>
<tag>DONE</tag>
<doc>Click the element identified by ``locator``.</doc>
<status status="PASS" start="2025-04-09T14:19:45.557849" elapsed="0.119902"/>
</kw>
<kw name="Sleep" owner="BuiltIn">
<msg time="2025-04-09T14:19:47.678434" level="INFO">Slept 2 seconds.</msg>
<arg>2</arg>
<doc>Pauses the test executed for the given time.</doc>
<status status="PASS" start="2025-04-09T14:19:45.677931" elapsed="2.000654"/>
</kw>
<kw name="Press Keys" owner="SeleniumLibrary">
<msg time="2025-04-09T14:19:47.679462" level="INFO">Sending key(s) ('CTRL+A',) to page.</msg>
<msg time="2025-04-09T14:19:47.679598" level="INFO">Pressing special key CONTROL down.</msg>
<msg time="2025-04-09T14:19:47.679673" level="INFO">Sending key A</msg>
<msg time="2025-04-09T14:19:47.679736" level="INFO">Releasing special key CONTROL.</msg>
<arg>NONE</arg>
<arg>CTRL+A</arg>
<doc>Simulates the user pressing key(s) to an element or on the active browser.</doc>
<status status="PASS" start="2025-04-09T14:19:47.678952" elapsed="0.009502"/>
</kw>
<kw name="Press Keys" owner="SeleniumLibrary">
<msg time="2025-04-09T14:19:47.689234" level="INFO">Sending key(s) ('BACKSPACE',) to page.</msg>
<msg time="2025-04-09T14:19:47.689338" level="INFO">Pressing special key BACKSPACE to browser.</msg>
<msg time="2025-04-09T14:19:47.689395" level="INFO">Releasing special key BACKSPACE.</msg>
<arg>NONE</arg>
<arg>BACKSPACE</arg>
<doc>Simulates the user pressing key(s) to an element or on the active browser.</doc>
<status status="PASS" start="2025-04-09T14:19:47.688789" elapsed="0.008155"/>
</kw>
<kw name="Send Keys To Locator" owner="low_level_keywords">
<kw name="Wait For Locator" owner="low_level_keywords">
<kw name="Wait Until Element Is Visible" owner="SeleniumLibrary">
<arg>${locator}</arg>
<arg>timeout=${timeout}</arg>
<doc>Waits until the element ``locator`` is visible.</doc>
<status status="PASS" start="2025-04-09T14:19:47.712785" elapsed="0.016333"/>
</kw>
<arg>${locator}</arg>
<tag>DONE</tag>
<doc>Verifies that element ``locator`` is found on the current page.</doc>
<status status="PASS" start="2025-04-09T14:19:47.712419" elapsed="0.016820"/>
</kw>
<kw name="Clear Element Text" owner="SeleniumLibrary">
<arg>${locator}</arg>
<doc>Clears the value of the text-input-element identified by ``locator``.</doc>
<status status="PASS" start="2025-04-09T14:19:47.729422" elapsed="0.033329"/>
</kw>
<kw name="Press Keys" owner="SeleniumLibrary">
<msg time="2025-04-09T14:19:47.763336" level="INFO">Sending key(s) ('DCPowerSupplyReading',) to //div[@class = "mxbt-objs-menu-actions"]/input element.</msg>
<msg time="2025-04-09T14:19:48.052354" level="INFO">Sending keys DCPowerSupplyReading</msg>
<arg>${locator}</arg>
<arg>${text}</arg>
<doc>Simulates the user pressing key(s) to an element or on the active browser.</doc>
<status status="PASS" start="2025-04-09T14:19:47.762976" elapsed="0.580682"/>
</kw>
<arg>${bezzomate_search_bar}</arg>
<arg>${Readings}</arg>
<tag>DONE</tag>
<doc>Simulates the user pressing key(s) to an element or on the active browser.</doc>
<status status="PASS" start="2025-04-09T14:19:47.705572" elapsed="0.638252"/>
</kw>
<kw name="Click On Composed Locator" owner="low_level_keywords">
<kw name="Evaluate" owner="BuiltIn">
<msg time="2025-04-09T14:19:48.352748" level="INFO">${composed} = //div[contains(text(), "DCPowerSupplyReading")]</msg>
<var>${composed}</var>
<arg>'${locator}' % '${text}'</arg>
<doc>Evaluates the given expression in Python and returns the result.</doc>
<status status="PASS" start="2025-04-09T14:19:48.352305" elapsed="0.000504"/>
</kw>
<kw name="Click On Locator" owner="low_level_keywords">
<kw name="Wait For Locator" owner="low_level_keywords">
<kw name="Wait Until Element Is Visible" owner="SeleniumLibrary">
<arg>${locator}</arg>
<arg>timeout=${timeout}</arg>
<doc>Waits until the element ``locator`` is visible.</doc>
<status status="PASS" start="2025-04-09T14:19:48.373341" elapsed="0.025205"/>
</kw>
<arg>${locator}</arg>
<tag>DONE</tag>
<doc>Verifies that element ``locator`` is found on the current page.</doc>
<status status="PASS" start="2025-04-09T14:19:48.372838" elapsed="0.025870"/>
</kw>
<kw name="Click Element" owner="SeleniumLibrary">
<msg time="2025-04-09T14:19:48.401187" level="INFO">Clicking element '//div[contains(text(), "DCPowerSupplyReading")]'.</msg>
<arg>${locator}</arg>
<doc>Click the element identified by ``locator``.</doc>
<status status="PASS" start="2025-04-09T14:19:48.400728" elapsed="0.101442"/>
</kw>
<arg>${composed}</arg>
<tag>DONE</tag>
<doc>Click the element identified by ``locator``.</doc>
<status status="PASS" start="2025-04-09T14:19:48.357961" elapsed="0.144355"/>
</kw>
<return>
<value>${composed}</value>
<status status="PASS" start="2025-04-09T14:19:48.502381" elapsed="0.000049"/>
</return>
<arg>${bezzomate_search_result}</arg>
<arg>${Readings}</arg>
<tag>DONE</tag>
<doc>Click the element identified by ``locator`` and its text.</doc>
<status status="PASS" start="2025-04-09T14:19:48.351525" elapsed="0.151025"/>
</kw>
<kw name="Wait For Locator" owner="low_level_keywords">
<kw name="Wait Until Element Is Visible" owner="SeleniumLibrary">
<arg>${locator}</arg>
<arg>timeout=${timeout}</arg>
<doc>Waits until the element ``locator`` is visible.</doc>
<status status="PASS" start="2025-04-09T14:19:48.519147" elapsed="0.025978"/>
</kw>
<arg>${instance_bezzomate}</arg>
<tag>DONE</tag>
<doc>Verifies that element ``locator`` is found on the current page.</doc>
<status status="PASS" start="2025-04-09T14:19:48.517903" elapsed="0.027348"/>
</kw>
<kw name="Click On Locator" owner="low_level_keywords">
<kw name="Wait For Locator" owner="low_level_keywords">
<kw name="Wait Until Element Is Visible" owner="SeleniumLibrary">
<arg>${locator}</arg>
<arg>timeout=${timeout}</arg>
<doc>Waits until the element ``locator`` is visible.</doc>
<status status="PASS" start="2025-04-09T14:19:48.569351" elapsed="0.012655"/>
</kw>
<arg>${locator}</arg>
<tag>DONE</tag>
<doc>Verifies that element ``locator`` is found on the current page.</doc>
<status status="PASS" start="2025-04-09T14:19:48.565329" elapsed="0.017207"/>
</kw>
<kw name="Click Element" owner="SeleniumLibrary">
<msg time="2025-04-09T14:19:48.584676" level="INFO">Clicking element '//div[@class = "mxbt-paging-position"]'.</msg>
<arg>${locator}</arg>
<doc>Click the element identified by ``locator``.</doc>
<status status="PASS" start="2025-04-09T14:19:48.583451" elapsed="0.066007"/>
</kw>
<arg>${instance_bezzomate}</arg>
<tag>DONE</tag>
<doc>Click the element identified by ``locator``.</doc>
<status status="PASS" start="2025-04-09T14:19:48.553560" elapsed="0.096374"/>
</kw>
<kw name="Wait For Locator" owner="low_level_keywords">
<kw name="Wait Until Element Is Visible" owner="SeleniumLibrary">
<arg>${locator}</arg>
<arg>timeout=${timeout}</arg>
<doc>Waits until the element ``locator`` is visible.</doc>
<status status="PASS" start="2025-04-09T14:19:48.658114" elapsed="0.020181"/>
</kw>
<arg>${header_actions}</arg>
<tag>DONE</tag>
<doc>Verifies that element ``locator`` is found on the current page.</doc>
<status status="PASS" start="2025-04-09T14:19:48.657614" elapsed="0.020813"/>
</kw>
<kw name="Composed Locator" owner="low_level_keywords">
<kw name="Evaluate" owner="BuiltIn">
<msg time="2025-04-09T14:19:48.684359" level="INFO">${composed} = //div[contains(text(), "181261")]</msg>
<var>${composed}</var>
<arg>'${locator}' % '${text}'</arg>
<doc>Evaluates the given expression in Python and returns the result.</doc>
<status status="PASS" start="2025-04-09T14:19:48.682928" elapsed="0.001517"/>
</kw>
<return>
<value>${composed}</value>
<status status="PASS" start="2025-04-09T14:19:48.684599" elapsed="0.000093"/>
</return>
<msg time="2025-04-09T14:19:48.685052" level="INFO">${locator} = //div[contains(text(), "181261")]</msg>
<var>${locator}</var>
<arg>${dc_readings}</arg>
<arg>${Value}</arg>
<tag>DONE</tag>
<doc>Provides a Composed Locator</doc>
<status status="PASS" start="2025-04-09T14:19:48.681784" elapsed="0.003363"/>
</kw>
<kw name="Wait For Locator" owner="low_level_keywords">
<kw name="Wait Until Element Is Visible" owner="SeleniumLibrary">
<arg>${locator}</arg>
<arg>timeout=${timeout}</arg>
<doc>Waits until the element ``locator`` is visible.</doc>
<status status="PASS" start="2025-04-09T14:19:48.694293" elapsed="0.465616"/>
</kw>
<arg>${locator}</arg>
<tag>DONE</tag>
<doc>Verifies that element ``locator`` is found on the current page.</doc>
<status status="PASS" start="2025-04-09T14:19:48.693891" elapsed="0.466187"/>
</kw>
<kw name="Scroll Element Into View" owner="SeleniumLibrary">
<arg>${locator}</arg>
<doc>Scrolls the element identified by ``locator`` into view.</doc>
<status status="PASS" start="2025-04-09T14:19:49.160399" elapsed="0.287837"/>
</kw>
<kw name="Double Click Element" owner="SeleniumLibrary">
<msg time="2025-04-09T14:19:49.450833" level="INFO">Double clicking element '//div[contains(text(), "181261")]'.</msg>
<arg>${locator}</arg>
<doc>Double clicks the element identified by ``locator``.</doc>
<status status="PASS" start="2025-04-09T14:19:49.449574" elapsed="0.336643"/>
</kw>
<kw name="Capture Page Screenshot" owner="SeleniumLibrary">
<msg time="2025-04-09T14:19:49.936888" level="INFO" html="true">&lt;/td&gt;&lt;/tr&gt;&lt;tr&gt;&lt;td colspan="3"&gt;&lt;a href="selenium-screenshot-69.png"&gt;&lt;img src="selenium-screenshot-69.png" width="800px"&gt;&lt;/a&gt;</msg>
<doc>Takes a screenshot of the current page and embeds it into a log file.</doc>
<status status="PASS" start="2025-04-09T14:19:49.786531" elapsed="0.150494"/>
</kw>
<tag>DONE</tag>
<doc>Verify that the new MEA for Category has the ID in the database</doc>
<status status="PASS" start="2025-04-09T14:19:44.916051" elapsed="5.021139"/>
</kw>
<kw name="Verify that the readings for &quot;TCD&quot; are &quot;36&quot;" owner="db_keywords" source_name="Verify that the readings for &quot;${Readings}&quot; are &quot;${Value}&quot;">
<kw name="Wait For Locator" owner="low_level_keywords">
<kw name="Wait Until Element Is Visible" owner="SeleniumLibrary">
<arg>${locator}</arg>
<arg>timeout=${timeout}</arg>
<doc>Waits until the element ``locator`` is visible.</doc>
<status status="PASS" start="2025-04-09T14:19:49.951925" elapsed="0.021292"/>
</kw>
<arg>${bezzomate_search_bar}</arg>
<tag>DONE</tag>
<doc>Verifies that element ``locator`` is found on the current page.</doc>
<status status="PASS" start="2025-04-09T14:19:49.951179" elapsed="0.022255"/>
</kw>
<kw name="Scroll Element Into View" owner="SeleniumLibrary">
<arg>${bezzomate_search_bar}</arg>
<doc>Scrolls the element identified by ``locator`` into view.</doc>
<status status="PASS" start="2025-04-09T14:19:49.973746" elapsed="0.278514"/>
</kw>
<kw name="Double Click Element" owner="SeleniumLibrary">
<msg time="2025-04-09T14:19:50.252672" level="INFO">Double clicking element '//div[@class = "mxbt-objs-menu-actions"]/input'.</msg>
<arg>${bezzomate_search_bar}</arg>
<doc>Double clicks the element identified by ``locator``.</doc>
<status status="PASS" start="2025-04-09T14:19:50.252467" elapsed="0.309986"/>
</kw>
<kw name="Click On Locator" owner="low_level_keywords">
<kw name="Wait For Locator" owner="low_level_keywords">
<kw name="Wait Until Element Is Visible" owner="SeleniumLibrary">
<arg>${locator}</arg>
<arg>timeout=${timeout}</arg>
<doc>Waits until the element ``locator`` is visible.</doc>
<status status="PASS" start="2025-04-09T14:19:50.578382" elapsed="0.021500"/>
</kw>
<arg>${locator}</arg>
<tag>DONE</tag>
<doc>Verifies that element ``locator`` is found on the current page.</doc>
<status status="PASS" start="2025-04-09T14:19:50.578021" elapsed="0.022115"/>
</kw>
<kw name="Click Element" owner="SeleniumLibrary">
<msg time="2025-04-09T14:19:50.600940" level="INFO">Clicking element '//div[@class = "mxbt-objs-menu-actions"]/input'.</msg>
<arg>${locator}</arg>
<doc>Click the element identified by ``locator``.</doc>
<status status="PASS" start="2025-04-09T14:19:50.600638" elapsed="0.077802"/>
</kw>
<arg>${bezzomate_search_bar}</arg>
<tag>DONE</tag>
<doc>Click the element identified by ``locator``.</doc>
<status status="PASS" start="2025-04-09T14:19:50.570986" elapsed="0.107678"/>
</kw>
<kw name="Sleep" owner="BuiltIn">
<msg time="2025-04-09T14:19:52.679813" level="INFO">Slept 2 seconds.</msg>
<arg>2</arg>
<doc>Pauses the test executed for the given time.</doc>
<status status="PASS" start="2025-04-09T14:19:50.679238" elapsed="2.000998"/>
</kw>
<kw name="Press Keys" owner="SeleniumLibrary">
<msg time="2025-04-09T14:19:52.682505" level="INFO">Sending key(s) ('CTRL+A',) to page.</msg>
<msg time="2025-04-09T14:19:52.683005" level="INFO">Pressing special key CONTROL down.</msg>
<msg time="2025-04-09T14:19:52.683320" level="INFO">Sending key A</msg>
<msg time="2025-04-09T14:19:52.683638" level="INFO">Releasing special key CONTROL.</msg>
<arg>NONE</arg>
<arg>CTRL+A</arg>
<doc>Simulates the user pressing key(s) to an element or on the active browser.</doc>
<status status="PASS" start="2025-04-09T14:19:52.681012" elapsed="0.016581"/>
</kw>
<kw name="Press Keys" owner="SeleniumLibrary">
<msg time="2025-04-09T14:19:52.698155" level="INFO">Sending key(s) ('BACKSPACE',) to page.</msg>
<msg time="2025-04-09T14:19:52.698228" level="INFO">Pressing special key BACKSPACE to browser.</msg>
<msg time="2025-04-09T14:19:52.698277" level="INFO">Releasing special key BACKSPACE.</msg>
<arg>NONE</arg>
<arg>BACKSPACE</arg>
<doc>Simulates the user pressing key(s) to an element or on the active browser.</doc>
<status status="PASS" start="2025-04-09T14:19:52.697833" elapsed="0.018583"/>
</kw>
<kw name="Send Keys To Locator" owner="low_level_keywords">
<kw name="Wait For Locator" owner="low_level_keywords">
<kw name="Wait Until Element Is Visible" owner="SeleniumLibrary">
<arg>${locator}</arg>
<arg>timeout=${timeout}</arg>
<doc>Waits until the element ``locator`` is visible.</doc>
<status status="PASS" start="2025-04-09T14:19:52.736595" elapsed="0.015882"/>
</kw>
<arg>${locator}</arg>
<tag>DONE</tag>
<doc>Verifies that element ``locator`` is found on the current page.</doc>
<status status="PASS" start="2025-04-09T14:19:52.736227" elapsed="0.016371"/>
</kw>
<kw name="Clear Element Text" owner="SeleniumLibrary">
<arg>${locator}</arg>
<doc>Clears the value of the text-input-element identified by ``locator``.</doc>
<status status="PASS" start="2025-04-09T14:19:52.752789" elapsed="0.026696"/>
</kw>
<kw name="Press Keys" owner="SeleniumLibrary">
<msg time="2025-04-09T14:19:52.780084" level="INFO">Sending key(s) ('TCD',) to //div[@class = "mxbt-objs-menu-actions"]/input element.</msg>
<msg time="2025-04-09T14:19:53.062710" level="INFO">Sending keys TCD</msg>
<arg>${locator}</arg>
<arg>${text}</arg>
<doc>Simulates the user pressing key(s) to an element or on the active browser.</doc>
<status status="PASS" start="2025-04-09T14:19:52.779708" elapsed="0.331080"/>
</kw>
<arg>${bezzomate_search_bar}</arg>
<arg>${Readings}</arg>
<tag>DONE</tag>
<doc>Simulates the user pressing key(s) to an element or on the active browser.</doc>
<status status="PASS" start="2025-04-09T14:19:52.725596" elapsed="0.385301"/>
</kw>
<kw name="Click On Composed Locator" owner="low_level_keywords">
<kw name="Evaluate" owner="BuiltIn">
<msg time="2025-04-09T14:19:53.118915" level="INFO">${composed} = //div[contains(text(), "TCD")]</msg>
<var>${composed}</var>
<arg>'${locator}' % '${text}'</arg>
<doc>Evaluates the given expression in Python and returns the result.</doc>
<status status="PASS" start="2025-04-09T14:19:53.118683" elapsed="0.000267"/>
</kw>
<kw name="Click On Locator" owner="low_level_keywords">
<kw name="Wait For Locator" owner="low_level_keywords">
<kw name="Wait Until Element Is Visible" owner="SeleniumLibrary">
<arg>${locator}</arg>
<arg>timeout=${timeout}</arg>
<doc>Waits until the element ``locator`` is visible.</doc>
<status status="PASS" start="2025-04-09T14:19:53.127839" elapsed="0.021121"/>
</kw>
<arg>${locator}</arg>
<tag>DONE</tag>
<doc>Verifies that element ``locator`` is found on the current page.</doc>
<status status="PASS" start="2025-04-09T14:19:53.127539" elapsed="0.021525"/>
</kw>
<kw name="Click Element" owner="SeleniumLibrary">
<msg time="2025-04-09T14:19:53.149454" level="INFO">Clicking element '//div[contains(text(), "TCD")]'.</msg>
<arg>${locator}</arg>
<doc>Click the element identified by ``locator``.</doc>
<status status="PASS" start="2025-04-09T14:19:53.149250" elapsed="0.075371"/>
</kw>
<arg>${composed}</arg>
<tag>DONE</tag>
<doc>Click the element identified by ``locator``.</doc>
<status status="PASS" start="2025-04-09T14:19:53.121867" elapsed="0.103014"/>
</kw>
<return>
<value>${composed}</value>
<status status="PASS" start="2025-04-09T14:19:53.225052" elapsed="0.000078"/>
</return>
<arg>${bezzomate_search_result}</arg>
<arg>${Readings}</arg>
<tag>DONE</tag>
<doc>Click the element identified by ``locator`` and its text.</doc>
<status status="PASS" start="2025-04-09T14:19:53.118275" elapsed="0.107083"/>
</kw>
<kw name="Wait For Locator" owner="low_level_keywords">
<kw name="Wait Until Element Is Visible" owner="SeleniumLibrary">
<arg>${locator}</arg>
<arg>timeout=${timeout}</arg>
<doc>Waits until the element ``locator`` is visible.</doc>
<status status="PASS" start="2025-04-09T14:19:53.239943" elapsed="0.017526"/>
</kw>
<arg>${instance_bezzomate}</arg>
<tag>DONE</tag>
<doc>Verifies that element ``locator`` is found on the current page.</doc>
<status status="PASS" start="2025-04-09T14:19:53.239566" elapsed="0.018010"/>
</kw>
<kw name="Click On Locator" owner="low_level_keywords">
<kw name="Wait For Locator" owner="low_level_keywords">
<kw name="Wait Until Element Is Visible" owner="SeleniumLibrary">
<arg>${locator}</arg>
<arg>timeout=${timeout}</arg>
<doc>Waits until the element ``locator`` is visible.</doc>
<status status="PASS" start="2025-04-09T14:19:53.281241" elapsed="0.021464"/>
</kw>
<arg>${locator}</arg>
<tag>DONE</tag>
<doc>Verifies that element ``locator`` is found on the current page.</doc>
<status status="PASS" start="2025-04-09T14:19:53.279472" elapsed="0.023438"/>
</kw>
<kw name="Click Element" owner="SeleniumLibrary">
<msg time="2025-04-09T14:19:53.303648" level="INFO">Clicking element '//div[@class = "mxbt-paging-position"]'.</msg>
<arg>${locator}</arg>
<doc>Click the element identified by ``locator``.</doc>
<status status="PASS" start="2025-04-09T14:19:53.303302" elapsed="0.080989"/>
</kw>
<arg>${instance_bezzomate}</arg>
<tag>DONE</tag>
<doc>Click the element identified by ``locator``.</doc>
<status status="PASS" start="2025-04-09T14:19:53.260642" elapsed="0.123822"/>
</kw>
<kw name="Wait For Locator" owner="low_level_keywords">
<kw name="Wait Until Element Is Visible" owner="SeleniumLibrary">
<arg>${locator}</arg>
<arg>timeout=${timeout}</arg>
<doc>Waits until the element ``locator`` is visible.</doc>
<status status="PASS" start="2025-04-09T14:19:53.401554" elapsed="0.017489"/>
</kw>
<arg>${header_actions}</arg>
<tag>DONE</tag>
<doc>Verifies that element ``locator`` is found on the current page.</doc>
<status status="PASS" start="2025-04-09T14:19:53.400883" elapsed="0.018315"/>
</kw>
<kw name="Composed Locator" owner="low_level_keywords">
<kw name="Evaluate" owner="BuiltIn">
<msg time="2025-04-09T14:19:53.428839" level="INFO">${composed} = //div[contains(text(), "36")]</msg>
<var>${composed}</var>
<arg>'${locator}' % '${text}'</arg>
<doc>Evaluates the given expression in Python and returns the result.</doc>
<status status="PASS" start="2025-04-09T14:19:53.428370" elapsed="0.000535"/>
</kw>
<return>
<value>${composed}</value>
<status status="PASS" start="2025-04-09T14:19:53.429042" elapsed="0.000081"/>
</return>
<msg time="2025-04-09T14:19:53.429430" level="INFO">${locator} = //div[contains(text(), "36")]</msg>
<var>${locator}</var>
<arg>${dc_readings}</arg>
<arg>${Value}</arg>
<tag>DONE</tag>
<doc>Provides a Composed Locator</doc>
<status status="PASS" start="2025-04-09T14:19:53.427549" elapsed="0.002047"/>
</kw>
<kw name="Wait For Locator" owner="low_level_keywords">
<kw name="Wait Until Element Is Visible" owner="SeleniumLibrary">
<arg>${locator}</arg>
<arg>timeout=${timeout}</arg>
<doc>Waits until the element ``locator`` is visible.</doc>
<status status="PASS" start="2025-04-09T14:19:53.436996" elapsed="0.440912"/>
</kw>
<arg>${locator}</arg>
<tag>DONE</tag>
<doc>Verifies that element ``locator`` is found on the current page.</doc>
<status status="PASS" start="2025-04-09T14:19:53.436584" elapsed="0.441518"/>
</kw>
<kw name="Scroll Element Into View" owner="SeleniumLibrary">
<arg>${locator}</arg>
<doc>Scrolls the element identified by ``locator`` into view.</doc>
<status status="PASS" start="2025-04-09T14:19:53.878537" elapsed="0.282423"/>
</kw>
<kw name="Double Click Element" owner="SeleniumLibrary">
<msg time="2025-04-09T14:19:54.162639" level="INFO">Double clicking element '//div[contains(text(), "36")]'.</msg>
<arg>${locator}</arg>
<doc>Double clicks the element identified by ``locator``.</doc>
<status status="PASS" start="2025-04-09T14:19:54.161786" elapsed="0.319977"/>
</kw>
<kw name="Capture Page Screenshot" owner="SeleniumLibrary">
<msg time="2025-04-09T14:19:54.617658" level="INFO" html="true">&lt;/td&gt;&lt;/tr&gt;&lt;tr&gt;&lt;td colspan="3"&gt;&lt;a href="selenium-screenshot-70.png"&gt;&lt;img src="selenium-screenshot-70.png" width="800px"&gt;&lt;/a&gt;</msg>
<doc>Takes a screenshot of the current page and embeds it into a log file.</doc>
<status status="PASS" start="2025-04-09T14:19:54.481994" elapsed="0.135837"/>
</kw>
<tag>DONE</tag>
<doc>Verify that the new MEA for Category has the ID in the database</doc>
<status status="PASS" start="2025-04-09T14:19:49.937766" elapsed="4.680207"/>
</kw>
<kw name="Verify that the readings for &quot;FID&quot; are &quot;72&quot;" owner="db_keywords" source_name="Verify that the readings for &quot;${Readings}&quot; are &quot;${Value}&quot;">
<kw name="Wait For Locator" owner="low_level_keywords">
<kw name="Wait Until Element Is Visible" owner="SeleniumLibrary">
<arg>${locator}</arg>
<arg>timeout=${timeout}</arg>
<doc>Waits until the element ``locator`` is visible.</doc>
<status status="PASS" start="2025-04-09T14:19:54.625083" elapsed="0.015378"/>
</kw>
<arg>${bezzomate_search_bar}</arg>
<tag>DONE</tag>
<doc>Verifies that element ``locator`` is found on the current page.</doc>
<status status="PASS" start="2025-04-09T14:19:54.624630" elapsed="0.016006"/>
</kw>
<kw name="Scroll Element Into View" owner="SeleniumLibrary">
<arg>${bezzomate_search_bar}</arg>
<doc>Scrolls the element identified by ``locator`` into view.</doc>
<status status="PASS" start="2025-04-09T14:19:54.641019" elapsed="0.276440"/>
</kw>
<kw name="Double Click Element" owner="SeleniumLibrary">
<msg time="2025-04-09T14:19:54.919100" level="INFO">Double clicking element '//div[@class = "mxbt-objs-menu-actions"]/input'.</msg>
<arg>${bezzomate_search_bar}</arg>
<doc>Double clicks the element identified by ``locator``.</doc>
<status status="PASS" start="2025-04-09T14:19:54.918242" elapsed="0.326388"/>
</kw>
<kw name="Click On Locator" owner="low_level_keywords">
<kw name="Wait For Locator" owner="low_level_keywords">
<kw name="Wait Until Element Is Visible" owner="SeleniumLibrary">
<arg>${locator}</arg>
<arg>timeout=${timeout}</arg>
<doc>Waits until the element ``locator`` is visible.</doc>
<status status="PASS" start="2025-04-09T14:19:55.259305" elapsed="0.026264"/>
</kw>
<arg>${locator}</arg>
<tag>DONE</tag>
<doc>Verifies that element ``locator`` is found on the current page.</doc>
<status status="PASS" start="2025-04-09T14:19:55.258901" elapsed="0.026784"/>
</kw>
<kw name="Click Element" owner="SeleniumLibrary">
<msg time="2025-04-09T14:19:55.286100" level="INFO">Clicking element '//div[@class = "mxbt-objs-menu-actions"]/input'.</msg>
<arg>${locator}</arg>
<doc>Click the element identified by ``locator``.</doc>
<status status="PASS" start="2025-04-09T14:19:55.285880" elapsed="0.082587"/>
</kw>
<arg>${bezzomate_search_bar}</arg>
<tag>DONE</tag>
<doc>Click the element identified by ``locator``.</doc>
<status status="PASS" start="2025-04-09T14:19:55.252272" elapsed="0.116397"/>
</kw>
<kw name="Sleep" owner="BuiltIn">
<msg time="2025-04-09T14:19:57.369799" level="INFO">Slept 2 seconds.</msg>
<arg>2</arg>
<doc>Pauses the test executed for the given time.</doc>
<status status="PASS" start="2025-04-09T14:19:55.369006" elapsed="2.001163"/>
</kw>
<kw name="Press Keys" owner="SeleniumLibrary">
<msg time="2025-04-09T14:19:57.372258" level="INFO">Sending key(s) ('CTRL+A',) to page.</msg>
<msg time="2025-04-09T14:19:57.372545" level="INFO">Pressing special key CONTROL down.</msg>
<msg time="2025-04-09T14:19:57.372700" level="INFO">Sending key A</msg>
<msg time="2025-04-09T14:19:57.372838" level="INFO">Releasing special key CONTROL.</msg>
<arg>NONE</arg>
<arg>CTRL+A</arg>
<doc>Simulates the user pressing key(s) to an element or on the active browser.</doc>
<status status="PASS" start="2025-04-09T14:19:57.371034" elapsed="0.036099"/>
</kw>
<kw name="Press Keys" owner="SeleniumLibrary">
<msg time="2025-04-09T14:19:57.408105" level="INFO">Sending key(s) ('BACKSPACE',) to page.</msg>
<msg time="2025-04-09T14:19:57.408440" level="INFO">Pressing special key BACKSPACE to browser.</msg>
<msg time="2025-04-09T14:19:57.408556" level="INFO">Releasing special key BACKSPACE.</msg>
<arg>NONE</arg>
<arg>BACKSPACE</arg>
<doc>Simulates the user pressing key(s) to an element or on the active browser.</doc>
<status status="PASS" start="2025-04-09T14:19:57.407576" elapsed="0.026700"/>
</kw>
<kw name="Send Keys To Locator" owner="low_level_keywords">
<kw name="Wait For Locator" owner="low_level_keywords">
<kw name="Wait Until Element Is Visible" owner="SeleniumLibrary">
<arg>${locator}</arg>
<arg>timeout=${timeout}</arg>
<doc>Waits until the element ``locator`` is visible.</doc>
<status status="PASS" start="2025-04-09T14:19:57.454364" elapsed="0.019559"/>
</kw>
<arg>${locator}</arg>
<tag>DONE</tag>
<doc>Verifies that element ``locator`` is found on the current page.</doc>
<status status="PASS" start="2025-04-09T14:19:57.453840" elapsed="0.020188"/>
</kw>
<kw name="Clear Element Text" owner="SeleniumLibrary">
<arg>${locator}</arg>
<doc>Clears the value of the text-input-element identified by ``locator``.</doc>
<status status="PASS" start="2025-04-09T14:19:57.474206" elapsed="0.028711"/>
</kw>
<kw name="Press Keys" owner="SeleniumLibrary">
<msg time="2025-04-09T14:19:57.503490" level="INFO">Sending key(s) ('FID',) to //div[@class = "mxbt-objs-menu-actions"]/input element.</msg>
<msg time="2025-04-09T14:19:57.793895" level="INFO">Sending keys FID</msg>
<arg>${locator}</arg>
<arg>${text}</arg>
<doc>Simulates the user pressing key(s) to an element or on the active browser.</doc>
<status status="PASS" start="2025-04-09T14:19:57.503130" elapsed="0.393950"/>
</kw>
<arg>${bezzomate_search_bar}</arg>
<arg>${Readings}</arg>
<tag>DONE</tag>
<doc>Simulates the user pressing key(s) to an element or on the active browser.</doc>
<status status="PASS" start="2025-04-09T14:19:57.440541" elapsed="0.456650"/>
</kw>
<kw name="Click On Composed Locator" owner="low_level_keywords">
<kw name="Evaluate" owner="BuiltIn">
<msg time="2025-04-09T14:19:57.904950" level="INFO">${composed} = //div[contains(text(), "FID")]</msg>
<var>${composed}</var>
<arg>'${locator}' % '${text}'</arg>
<doc>Evaluates the given expression in Python and returns the result.</doc>
<status status="PASS" start="2025-04-09T14:19:57.904479" elapsed="0.000537"/>
</kw>
<kw name="Click On Locator" owner="low_level_keywords">
<kw name="Wait For Locator" owner="low_level_keywords">
<kw name="Wait Until Element Is Visible" owner="SeleniumLibrary">
<arg>${locator}</arg>
<arg>timeout=${timeout}</arg>
<doc>Waits until the element ``locator`` is visible.</doc>
<status status="PASS" start="2025-04-09T14:19:57.918373" elapsed="0.015247"/>
</kw>
<arg>${locator}</arg>
<tag>DONE</tag>
<doc>Verifies that element ``locator`` is found on the current page.</doc>
<status status="PASS" start="2025-04-09T14:19:57.918067" elapsed="0.015674"/>
</kw>
<kw name="Click Element" owner="SeleniumLibrary">
<msg time="2025-04-09T14:19:57.934114" level="INFO">Clicking element '//div[contains(text(), "FID")]'.</msg>
<arg>${locator}</arg>
<doc>Click the element identified by ``locator``.</doc>
<status status="PASS" start="2025-04-09T14:19:57.933924" elapsed="0.065634"/>
</kw>
<arg>${composed}</arg>
<tag>DONE</tag>
<doc>Click the element identified by ``locator``.</doc>
<status status="PASS" start="2025-04-09T14:19:57.912196" elapsed="0.087572"/>
</kw>
<return>
<value>${composed}</value>
<status status="PASS" start="2025-04-09T14:19:57.999917" elapsed="0.000074"/>
</return>
<arg>${bezzomate_search_result}</arg>
<arg>${Readings}</arg>
<tag>DONE</tag>
<doc>Click the element identified by ``locator`` and its text.</doc>
<status status="PASS" start="2025-04-09T14:19:57.903725" elapsed="0.096531"/>
</kw>
<kw name="Wait For Locator" owner="low_level_keywords">
<kw name="Wait Until Element Is Visible" owner="SeleniumLibrary">
<arg>${locator}</arg>
<arg>timeout=${timeout}</arg>
<doc>Waits until the element ``locator`` is visible.</doc>
<status status="PASS" start="2025-04-09T14:19:58.014402" elapsed="0.016323"/>
</kw>
<arg>${instance_bezzomate}</arg>
<tag>DONE</tag>
<doc>Verifies that element ``locator`` is found on the current page.</doc>
<status status="PASS" start="2025-04-09T14:19:58.013989" elapsed="0.016860"/>
</kw>
<kw name="Click On Locator" owner="low_level_keywords">
<kw name="Wait For Locator" owner="low_level_keywords">
<kw name="Wait Until Element Is Visible" owner="SeleniumLibrary">
<arg>${locator}</arg>
<arg>timeout=${timeout}</arg>
<doc>Waits until the element ``locator`` is visible.</doc>
<status status="PASS" start="2025-04-09T14:19:58.040363" elapsed="0.016940"/>
</kw>
<arg>${locator}</arg>
<tag>DONE</tag>
<doc>Verifies that element ``locator`` is found on the current page.</doc>
<status status="PASS" start="2025-04-09T14:19:58.040074" elapsed="0.017408"/>
</kw>
<kw name="Click Element" owner="SeleniumLibrary">
<msg time="2025-04-09T14:19:58.058513" level="INFO">Clicking element '//div[@class = "mxbt-paging-position"]'.</msg>
<arg>${locator}</arg>
<doc>Click the element identified by ``locator``.</doc>
<status status="PASS" start="2025-04-09T14:19:58.057954" elapsed="0.070054"/>
</kw>
<arg>${instance_bezzomate}</arg>
<tag>DONE</tag>
<doc>Click the element identified by ``locator``.</doc>
<status status="PASS" start="2025-04-09T14:19:58.033976" elapsed="0.094170"/>
</kw>
<kw name="Wait For Locator" owner="low_level_keywords">
<kw name="Wait Until Element Is Visible" owner="SeleniumLibrary">
<arg>${locator}</arg>
<arg>timeout=${timeout}</arg>
<doc>Waits until the element ``locator`` is visible.</doc>
<status status="PASS" start="2025-04-09T14:19:58.135771" elapsed="0.016855"/>
</kw>
<arg>${header_actions}</arg>
<tag>DONE</tag>
<doc>Verifies that element ``locator`` is found on the current page.</doc>
<status status="PASS" start="2025-04-09T14:19:58.135393" elapsed="0.017340"/>
</kw>
<kw name="Composed Locator" owner="low_level_keywords">
<kw name="Evaluate" owner="BuiltIn">
<msg time="2025-04-09T14:19:58.156991" level="INFO">${composed} = //div[contains(text(), "72")]</msg>
<var>${composed}</var>
<arg>'${locator}' % '${text}'</arg>
<doc>Evaluates the given expression in Python and returns the result.</doc>
<status status="PASS" start="2025-04-09T14:19:58.156589" elapsed="0.000464"/>
</kw>
<return>
<value>${composed}</value>
<status status="PASS" start="2025-04-09T14:19:58.157181" elapsed="0.000075"/>
</return>
<msg time="2025-04-09T14:19:58.157691" level="INFO">${locator} = //div[contains(text(), "72")]</msg>
<var>${locator}</var>
<arg>${dc_readings}</arg>
<arg>${Value}</arg>
<tag>DONE</tag>
<doc>Provides a Composed Locator</doc>
<status status="PASS" start="2025-04-09T14:19:58.156006" elapsed="0.001751"/>
</kw>
<kw name="Wait For Locator" owner="low_level_keywords">
<kw name="Wait Until Element Is Visible" owner="SeleniumLibrary">
<arg>${locator}</arg>
<arg>timeout=${timeout}</arg>
<doc>Waits until the element ``locator`` is visible.</doc>
<status status="PASS" start="2025-04-09T14:19:58.168423" elapsed="0.264774"/>
</kw>
<arg>${locator}</arg>
<tag>DONE</tag>
<doc>Verifies that element ``locator`` is found on the current page.</doc>
<status status="PASS" start="2025-04-09T14:19:58.168057" elapsed="0.265292"/>
</kw>
<kw name="Scroll Element Into View" owner="SeleniumLibrary">
<arg>${locator}</arg>
<doc>Scrolls the element identified by ``locator`` into view.</doc>
<status status="PASS" start="2025-04-09T14:19:58.433613" elapsed="0.282150"/>
</kw>
<kw name="Double Click Element" owner="SeleniumLibrary">
<msg time="2025-04-09T14:19:58.716213" level="INFO">Double clicking element '//div[contains(text(), "72")]'.</msg>
<arg>${locator}</arg>
<doc>Double clicks the element identified by ``locator``.</doc>
<status status="PASS" start="2025-04-09T14:19:58.715984" elapsed="0.303500"/>
</kw>
<kw name="Capture Page Screenshot" owner="SeleniumLibrary">
<msg time="2025-04-09T14:19:59.186415" level="INFO" html="true">&lt;/td&gt;&lt;/tr&gt;&lt;tr&gt;&lt;td colspan="3"&gt;&lt;a href="selenium-screenshot-71.png"&gt;&lt;img src="selenium-screenshot-71.png" width="800px"&gt;&lt;/a&gt;</msg>
<doc>Takes a screenshot of the current page and embeds it into a log file.</doc>
<status status="PASS" start="2025-04-09T14:19:59.019806" elapsed="0.166775"/>
</kw>
<tag>DONE</tag>
<doc>Verify that the new MEA for Category has the ID in the database</doc>
<status status="PASS" start="2025-04-09T14:19:54.618561" elapsed="4.568189"/>
</kw>
<kw name="Verify that the readings for &quot;EIS&quot; are &quot;1397&quot;" owner="db_keywords" source_name="Verify that the readings for &quot;${Readings}&quot; are &quot;${Value}&quot;">
<kw name="Wait For Locator" owner="low_level_keywords">
<kw name="Wait Until Element Is Visible" owner="SeleniumLibrary">
<arg>${locator}</arg>
<arg>timeout=${timeout}</arg>
<doc>Waits until the element ``locator`` is visible.</doc>
<status status="PASS" start="2025-04-09T14:19:59.196132" elapsed="0.015775"/>
</kw>
<arg>${bezzomate_search_bar}</arg>
<tag>DONE</tag>
<doc>Verifies that element ``locator`` is found on the current page.</doc>
<status status="PASS" start="2025-04-09T14:19:59.195776" elapsed="0.016251"/>
</kw>
<kw name="Scroll Element Into View" owner="SeleniumLibrary">
<arg>${bezzomate_search_bar}</arg>
<doc>Scrolls the element identified by ``locator`` into view.</doc>
<status status="PASS" start="2025-04-09T14:19:59.212210" elapsed="0.285752"/>
</kw>
<kw name="Double Click Element" owner="SeleniumLibrary">
<msg time="2025-04-09T14:19:59.499585" level="INFO">Double clicking element '//div[@class = "mxbt-objs-menu-actions"]/input'.</msg>
<arg>${bezzomate_search_bar}</arg>
<doc>Double clicks the element identified by ``locator``.</doc>
<status status="PASS" start="2025-04-09T14:19:59.498772" elapsed="0.321128"/>
</kw>
<kw name="Click On Locator" owner="low_level_keywords">
<kw name="Wait For Locator" owner="low_level_keywords">
<kw name="Wait Until Element Is Visible" owner="SeleniumLibrary">
<arg>${locator}</arg>
<arg>timeout=${timeout}</arg>
<doc>Waits until the element ``locator`` is visible.</doc>
<status status="PASS" start="2025-04-09T14:19:59.841800" elapsed="0.024148"/>
</kw>
<arg>${locator}</arg>
<tag>DONE</tag>
<doc>Verifies that element ``locator`` is found on the current page.</doc>
<status status="PASS" start="2025-04-09T14:19:59.840520" elapsed="0.025536"/>
</kw>
<kw name="Click Element" owner="SeleniumLibrary">
<msg time="2025-04-09T14:19:59.866453" level="INFO">Clicking element '//div[@class = "mxbt-objs-menu-actions"]/input'.</msg>
<arg>${locator}</arg>
<doc>Click the element identified by ``locator``.</doc>
<status status="PASS" start="2025-04-09T14:19:59.866242" elapsed="0.131100"/>
</kw>
<arg>${bezzomate_search_bar}</arg>
<tag>DONE</tag>
<doc>Click the element identified by ``locator``.</doc>
<status status="PASS" start="2025-04-09T14:19:59.829621" elapsed="0.167990"/>
</kw>
<kw name="Sleep" owner="BuiltIn">
<msg time="2025-04-09T14:20:01.999235" level="INFO">Slept 2 seconds.</msg>
<arg>2</arg>
<doc>Pauses the test executed for the given time.</doc>
<status status="PASS" start="2025-04-09T14:19:59.998091" elapsed="2.001516"/>
</kw>
<kw name="Press Keys" owner="SeleniumLibrary">
<msg time="2025-04-09T14:20:02.001899" level="INFO">Sending key(s) ('CTRL+A',) to page.</msg>
<msg time="2025-04-09T14:20:02.002180" level="INFO">Pressing special key CONTROL down.</msg>
<msg time="2025-04-09T14:20:02.002337" level="INFO">Sending key A</msg>
<msg time="2025-04-09T14:20:02.002474" level="INFO">Releasing special key CONTROL.</msg>
<arg>NONE</arg>
<arg>CTRL+A</arg>
<doc>Simulates the user pressing key(s) to an element or on the active browser.</doc>
<status status="PASS" start="2025-04-09T14:20:02.000679" elapsed="0.014961"/>
</kw>
<kw name="Press Keys" owner="SeleniumLibrary">
<msg time="2025-04-09T14:20:02.016235" level="INFO">Sending key(s) ('BACKSPACE',) to page.</msg>
<msg time="2025-04-09T14:20:02.016302" level="INFO">Pressing special key BACKSPACE to browser.</msg>
<msg time="2025-04-09T14:20:02.016338" level="INFO">Releasing special key BACKSPACE.</msg>
<arg>NONE</arg>
<arg>BACKSPACE</arg>
<doc>Simulates the user pressing key(s) to an element or on the active browser.</doc>
<status status="PASS" start="2025-04-09T14:20:02.015895" elapsed="0.018137"/>
</kw>
<kw name="Send Keys To Locator" owner="low_level_keywords">
<kw name="Wait For Locator" owner="low_level_keywords">
<kw name="Wait Until Element Is Visible" owner="SeleniumLibrary">
<arg>${locator}</arg>
<arg>timeout=${timeout}</arg>
<doc>Waits until the element ``locator`` is visible.</doc>
<status status="PASS" start="2025-04-09T14:20:02.049601" elapsed="0.015696"/>
</kw>
<arg>${locator}</arg>
<tag>DONE</tag>
<doc>Verifies that element ``locator`` is found on the current page.</doc>
<status status="PASS" start="2025-04-09T14:20:02.049239" elapsed="0.016165"/>
</kw>
<kw name="Clear Element Text" owner="SeleniumLibrary">
<arg>${locator}</arg>
<doc>Clears the value of the text-input-element identified by ``locator``.</doc>
<status status="PASS" start="2025-04-09T14:20:02.065585" elapsed="0.027000"/>
</kw>
<kw name="Press Keys" owner="SeleniumLibrary">
<msg time="2025-04-09T14:20:02.093161" level="INFO">Sending key(s) ('EIS',) to //div[@class = "mxbt-objs-menu-actions"]/input element.</msg>
<msg time="2025-04-09T14:20:02.370618" level="INFO">Sending keys EIS</msg>
<arg>${locator}</arg>
<arg>${text}</arg>
<doc>Simulates the user pressing key(s) to an element or on the active browser.</doc>
<status status="PASS" start="2025-04-09T14:20:02.092812" elapsed="0.332764"/>
</kw>
<arg>${bezzomate_search_bar}</arg>
<arg>${Readings}</arg>
<tag>DONE</tag>
<doc>Simulates the user pressing key(s) to an element or on the active browser.</doc>
<status status="PASS" start="2025-04-09T14:20:02.041244" elapsed="0.384444"/>
</kw>
<kw name="Click On Composed Locator" owner="low_level_keywords">
<kw name="Evaluate" owner="BuiltIn">
<msg time="2025-04-09T14:20:02.429710" level="INFO">${composed} = //div[contains(text(), "EIS")]</msg>
<var>${composed}</var>
<arg>'${locator}' % '${text}'</arg>
<doc>Evaluates the given expression in Python and returns the result.</doc>
<status status="PASS" start="2025-04-09T14:20:02.429479" elapsed="0.000264"/>
</kw>
<kw name="Click On Locator" owner="low_level_keywords">
<kw name="Wait For Locator" owner="low_level_keywords">
<kw name="Wait Until Element Is Visible" owner="SeleniumLibrary">
<arg>${locator}</arg>
<arg>timeout=${timeout}</arg>
<doc>Waits until the element ``locator`` is visible.</doc>
<status status="PASS" start="2025-04-09T14:20:02.439794" elapsed="0.018963"/>
</kw>
<arg>${locator}</arg>
<tag>DONE</tag>
<doc>Verifies that element ``locator`` is found on the current page.</doc>
<status status="PASS" start="2025-04-09T14:20:02.439352" elapsed="0.019527"/>
</kw>
<kw name="Click Element" owner="SeleniumLibrary">
<msg time="2025-04-09T14:20:02.459253" level="INFO">Clicking element '//div[contains(text(), "EIS")]'.</msg>
<arg>${locator}</arg>
<doc>Click the element identified by ``locator``.</doc>
<status status="PASS" start="2025-04-09T14:20:02.459061" elapsed="0.082353"/>
</kw>
<arg>${composed}</arg>
<tag>DONE</tag>
<doc>Click the element identified by ``locator``.</doc>
<status status="PASS" start="2025-04-09T14:20:02.432598" elapsed="0.108983"/>
</kw>
<return>
<value>${composed}</value>
<status status="PASS" start="2025-04-09T14:20:02.541723" elapsed="0.000169"/>
</return>
<arg>${bezzomate_search_result}</arg>
<arg>${Readings}</arg>
<tag>DONE</tag>
<doc>Click the element identified by ``locator`` and its text.</doc>
<status status="PASS" start="2025-04-09T14:20:02.429097" elapsed="0.113025"/>
</kw>
<kw name="Wait For Locator" owner="low_level_keywords">
<kw name="Wait Until Element Is Visible" owner="SeleniumLibrary">
<arg>${locator}</arg>
<arg>timeout=${timeout}</arg>
<doc>Waits until the element ``locator`` is visible.</doc>
<status status="PASS" start="2025-04-09T14:20:02.555460" elapsed="0.018008"/>
</kw>
<arg>${instance_bezzomate}</arg>
<tag>DONE</tag>
<doc>Verifies that element ``locator`` is found on the current page.</doc>
<status status="PASS" start="2025-04-09T14:20:02.554343" elapsed="0.019282"/>
</kw>
<kw name="Click On Locator" owner="low_level_keywords">
<kw name="Wait For Locator" owner="low_level_keywords">
<kw name="Wait Until Element Is Visible" owner="SeleniumLibrary">
<arg>${locator}</arg>
<arg>timeout=${timeout}</arg>
<doc>Waits until the element ``locator`` is visible.</doc>
<status status="PASS" start="2025-04-09T14:20:02.594060" elapsed="0.016911"/>
</kw>
<arg>${locator}</arg>
<tag>DONE</tag>
<doc>Verifies that element ``locator`` is found on the current page.</doc>
<status status="PASS" start="2025-04-09T14:20:02.593520" elapsed="0.017590"/>
</kw>
<kw name="Click Element" owner="SeleniumLibrary">
<msg time="2025-04-09T14:20:02.611495" level="INFO">Clicking element '//div[@class = "mxbt-paging-position"]'.</msg>
<arg>${locator}</arg>
<doc>Click the element identified by ``locator``.</doc>
<status status="PASS" start="2025-04-09T14:20:02.611300" elapsed="0.064680"/>
</kw>
<arg>${instance_bezzomate}</arg>
<tag>DONE</tag>
<doc>Click the element identified by ``locator``.</doc>
<status status="PASS" start="2025-04-09T14:20:02.579838" elapsed="0.096279"/>
</kw>
<kw name="Wait For Locator" owner="low_level_keywords">
<kw name="Wait Until Element Is Visible" owner="SeleniumLibrary">
<arg>${locator}</arg>
<arg>timeout=${timeout}</arg>
<doc>Waits until the element ``locator`` is visible.</doc>
<status status="PASS" start="2025-04-09T14:20:02.688057" elapsed="0.016001"/>
</kw>
<arg>${header_actions}</arg>
<tag>DONE</tag>
<doc>Verifies that element ``locator`` is found on the current page.</doc>
<status status="PASS" start="2025-04-09T14:20:02.687164" elapsed="0.017103"/>
</kw>
<kw name="Composed Locator" owner="low_level_keywords">
<kw name="Evaluate" owner="BuiltIn">
<msg time="2025-04-09T14:20:02.712655" level="INFO">${composed} = //div[contains(text(), "1397")]</msg>
<var>${composed}</var>
<arg>'${locator}' % '${text}'</arg>
<doc>Evaluates the given expression in Python and returns the result.</doc>
<status status="PASS" start="2025-04-09T14:20:02.712333" elapsed="0.000368"/>
</kw>
<return>
<value>${composed}</value>
<status status="PASS" start="2025-04-09T14:20:02.712795" elapsed="0.000052"/>
</return>
<msg time="2025-04-09T14:20:02.713014" level="INFO">${locator} = //div[contains(text(), "1397")]</msg>
<var>${locator}</var>
<arg>${dc_readings}</arg>
<arg>${Value}</arg>
<tag>DONE</tag>
<doc>Provides a Composed Locator</doc>
<status status="PASS" start="2025-04-09T14:20:02.711800" elapsed="0.001254"/>
</kw>
<kw name="Wait For Locator" owner="low_level_keywords">
<kw name="Wait Until Element Is Visible" owner="SeleniumLibrary">
<arg>${locator}</arg>
<arg>timeout=${timeout}</arg>
<doc>Waits until the element ``locator`` is visible.</doc>
<status status="PASS" start="2025-04-09T14:20:02.727196" elapsed="0.225417"/>
</kw>
<arg>${locator}</arg>
<tag>DONE</tag>
<doc>Verifies that element ``locator`` is found on the current page.</doc>
<status status="PASS" start="2025-04-09T14:20:02.726659" elapsed="0.226109"/>
</kw>
<kw name="Scroll Element Into View" owner="SeleniumLibrary">
<arg>${locator}</arg>
<doc>Scrolls the element identified by ``locator`` into view.</doc>
<status status="PASS" start="2025-04-09T14:20:02.953118" elapsed="0.278378"/>
</kw>
<kw name="Double Click Element" owner="SeleniumLibrary">
<msg time="2025-04-09T14:20:03.233345" level="INFO">Double clicking element '//div[contains(text(), "1397")]'.</msg>
<arg>${locator}</arg>
<doc>Double clicks the element identified by ``locator``.</doc>
<status status="PASS" start="2025-04-09T14:20:03.232459" elapsed="0.346872"/>
</kw>
<kw name="Capture Page Screenshot" owner="SeleniumLibrary">
<msg time="2025-04-09T14:20:03.715328" level="INFO" html="true">&lt;/td&gt;&lt;/tr&gt;&lt;tr&gt;&lt;td colspan="3"&gt;&lt;a href="selenium-screenshot-72.png"&gt;&lt;img src="selenium-screenshot-72.png" width="800px"&gt;&lt;/a&gt;</msg>
<doc>Takes a screenshot of the current page and embeds it into a log file.</doc>
<status status="PASS" start="2025-04-09T14:20:03.579544" elapsed="0.135934"/>
</kw>
<tag>DONE</tag>
<doc>Verify that the new MEA for Category has the ID in the database</doc>
<status status="PASS" start="2025-04-09T14:19:59.187291" elapsed="4.528292"/>
</kw>
<kw name="Verify that the readings for &quot;LSV&quot; are &quot;22479&quot;" owner="db_keywords" source_name="Verify that the readings for &quot;${Readings}&quot; are &quot;${Value}&quot;">
<kw name="Wait For Locator" owner="low_level_keywords">
<kw name="Wait Until Element Is Visible" owner="SeleniumLibrary">
<arg>${locator}</arg>
<arg>timeout=${timeout}</arg>
<doc>Waits until the element ``locator`` is visible.</doc>
<status status="PASS" start="2025-04-09T14:20:03.724314" elapsed="0.015053"/>
</kw>
<arg>${bezzomate_search_bar}</arg>
<tag>DONE</tag>
<doc>Verifies that element ``locator`` is found on the current page.</doc>
<status status="PASS" start="2025-04-09T14:20:03.723952" elapsed="0.015537"/>
</kw>
<kw name="Scroll Element Into View" owner="SeleniumLibrary">
<arg>${bezzomate_search_bar}</arg>
<doc>Scrolls the element identified by ``locator`` into view.</doc>
<status status="PASS" start="2025-04-09T14:20:03.739680" elapsed="0.270865"/>
</kw>
<kw name="Double Click Element" owner="SeleniumLibrary">
<msg time="2025-04-09T14:20:04.011404" level="INFO">Double clicking element '//div[@class = "mxbt-objs-menu-actions"]/input'.</msg>
<arg>${bezzomate_search_bar}</arg>
<doc>Double clicks the element identified by ``locator``.</doc>
<status status="PASS" start="2025-04-09T14:20:04.010964" elapsed="0.302643"/>
</kw>
<kw name="Click On Locator" owner="low_level_keywords">
<kw name="Wait For Locator" owner="low_level_keywords">
<kw name="Wait Until Element Is Visible" owner="SeleniumLibrary">
<arg>${locator}</arg>
<arg>timeout=${timeout}</arg>
<doc>Waits until the element ``locator`` is visible.</doc>
<status status="PASS" start="2025-04-09T14:20:04.331166" elapsed="0.020067"/>
</kw>
<arg>${locator}</arg>
<tag>DONE</tag>
<doc>Verifies that element ``locator`` is found on the current page.</doc>
<status status="PASS" start="2025-04-09T14:20:04.330789" elapsed="0.020599"/>
</kw>
<kw name="Click Element" owner="SeleniumLibrary">
<msg time="2025-04-09T14:20:04.351770" level="INFO">Clicking element '//div[@class = "mxbt-objs-menu-actions"]/input'.</msg>
<arg>${locator}</arg>
<doc>Click the element identified by ``locator``.</doc>
<status status="PASS" start="2025-04-09T14:20:04.351568" elapsed="0.073637"/>
</kw>
<arg>${bezzomate_search_bar}</arg>
<tag>DONE</tag>
<doc>Click the element identified by ``locator``.</doc>
<status status="PASS" start="2025-04-09T14:20:04.319994" elapsed="0.105440"/>
</kw>
<kw name="Sleep" owner="BuiltIn">
<msg time="2025-04-09T14:20:06.426606" level="INFO">Slept 2 seconds.</msg>
<arg>2</arg>
<doc>Pauses the test executed for the given time.</doc>
<status status="PASS" start="2025-04-09T14:20:04.425932" elapsed="2.001040"/>
</kw>
<kw name="Press Keys" owner="SeleniumLibrary">
<msg time="2025-04-09T14:20:06.429195" level="INFO">Sending key(s) ('CTRL+A',) to page.</msg>
<msg time="2025-04-09T14:20:06.429476" level="INFO">Pressing special key CONTROL down.</msg>
<msg time="2025-04-09T14:20:06.429634" level="INFO">Sending key A</msg>
<msg time="2025-04-09T14:20:06.429773" level="INFO">Releasing special key CONTROL.</msg>
<arg>NONE</arg>
<arg>CTRL+A</arg>
<doc>Simulates the user pressing key(s) to an element or on the active browser.</doc>
<status status="PASS" start="2025-04-09T14:20:06.427861" elapsed="0.021629"/>
</kw>
<kw name="Press Keys" owner="SeleniumLibrary">
<msg time="2025-04-09T14:20:06.449995" level="INFO">Sending key(s) ('BACKSPACE',) to page.</msg>
<msg time="2025-04-09T14:20:06.450060" level="INFO">Pressing special key BACKSPACE to browser.</msg>
<msg time="2025-04-09T14:20:06.450095" level="INFO">Releasing special key BACKSPACE.</msg>
<arg>NONE</arg>
<arg>BACKSPACE</arg>
<doc>Simulates the user pressing key(s) to an element or on the active browser.</doc>
<status status="PASS" start="2025-04-09T14:20:06.449699" elapsed="0.017521"/>
</kw>
<kw name="Send Keys To Locator" owner="low_level_keywords">
<kw name="Wait For Locator" owner="low_level_keywords">
<kw name="Wait Until Element Is Visible" owner="SeleniumLibrary">
<arg>${locator}</arg>
<arg>timeout=${timeout}</arg>
<doc>Waits until the element ``locator`` is visible.</doc>
<status status="PASS" start="2025-04-09T14:20:06.481633" elapsed="0.015546"/>
</kw>
<arg>${locator}</arg>
<tag>DONE</tag>
<doc>Verifies that element ``locator`` is found on the current page.</doc>
<status status="PASS" start="2025-04-09T14:20:06.481246" elapsed="0.016037"/>
</kw>
<kw name="Clear Element Text" owner="SeleniumLibrary">
<arg>${locator}</arg>
<doc>Clears the value of the text-input-element identified by ``locator``.</doc>
<status status="PASS" start="2025-04-09T14:20:06.497471" elapsed="0.025927"/>
</kw>
<kw name="Press Keys" owner="SeleniumLibrary">
<msg time="2025-04-09T14:20:06.523969" level="INFO">Sending key(s) ('LSV',) to //div[@class = "mxbt-objs-menu-actions"]/input element.</msg>
<msg time="2025-04-09T14:20:06.796140" level="INFO">Sending keys LSV</msg>
<arg>${locator}</arg>
<arg>${text}</arg>
<doc>Simulates the user pressing key(s) to an element or on the active browser.</doc>
<status status="PASS" start="2025-04-09T14:20:06.523611" elapsed="0.301330"/>
</kw>
<arg>${bezzomate_search_bar}</arg>
<arg>${Readings}</arg>
<tag>DONE</tag>
<doc>Simulates the user pressing key(s) to an element or on the active browser.</doc>
<status status="PASS" start="2025-04-09T14:20:06.472409" elapsed="0.352750"/>
</kw>
<kw name="Click On Composed Locator" owner="low_level_keywords">
<kw name="Evaluate" owner="BuiltIn">
<msg time="2025-04-09T14:20:06.828700" level="INFO">${composed} = //div[contains(text(), "LSV")]</msg>
<var>${composed}</var>
<arg>'${locator}' % '${text}'</arg>
<doc>Evaluates the given expression in Python and returns the result.</doc>
<status status="PASS" start="2025-04-09T14:20:06.828483" elapsed="0.000248"/>
</kw>
<kw name="Click On Locator" owner="low_level_keywords">
<kw name="Wait For Locator" owner="low_level_keywords">
<kw name="Wait Until Element Is Visible" owner="SeleniumLibrary">
<arg>${locator}</arg>
<arg>timeout=${timeout}</arg>
<doc>Waits until the element ``locator`` is visible.</doc>
<status status="PASS" start="2025-04-09T14:20:06.842463" elapsed="0.018016"/>
</kw>
<arg>${locator}</arg>
<tag>DONE</tag>
<doc>Verifies that element ``locator`` is found on the current page.</doc>
<status status="PASS" start="2025-04-09T14:20:06.842085" elapsed="0.018502"/>
</kw>
<kw name="Click Element" owner="SeleniumLibrary">
<msg time="2025-04-09T14:20:06.861015" level="INFO">Clicking element '//div[contains(text(), "LSV")]'.</msg>
<arg>${locator}</arg>
<doc>Click the element identified by ``locator``.</doc>
<status status="PASS" start="2025-04-09T14:20:06.860809" elapsed="0.065415"/>
</kw>
<arg>${composed}</arg>
<tag>DONE</tag>
<doc>Click the element identified by ``locator``.</doc>
<status status="PASS" start="2025-04-09T14:20:06.831552" elapsed="0.094855"/>
</kw>
<return>
<value>${composed}</value>
<status status="PASS" start="2025-04-09T14:20:06.926624" elapsed="0.000077"/>
</return>
<arg>${bezzomate_search_result}</arg>
<arg>${Readings}</arg>
<tag>DONE</tag>
<doc>Click the element identified by ``locator`` and its text.</doc>
<status status="PASS" start="2025-04-09T14:20:06.828144" elapsed="0.098795"/>
</kw>
<kw name="Wait For Locator" owner="low_level_keywords">
<kw name="Wait Until Element Is Visible" owner="SeleniumLibrary">
<arg>${locator}</arg>
<arg>timeout=${timeout}</arg>
<doc>Waits until the element ``locator`` is visible.</doc>
<status status="PASS" start="2025-04-09T14:20:06.942490" elapsed="0.018316"/>
</kw>
<arg>${instance_bezzomate}</arg>
<tag>DONE</tag>
<doc>Verifies that element ``locator`` is found on the current page.</doc>
<status status="PASS" start="2025-04-09T14:20:06.942110" elapsed="0.018803"/>
</kw>
<kw name="Click On Locator" owner="low_level_keywords">
<kw name="Wait For Locator" owner="low_level_keywords">
<kw name="Wait Until Element Is Visible" owner="SeleniumLibrary">
<arg>${locator}</arg>
<arg>timeout=${timeout}</arg>
<doc>Waits until the element ``locator`` is visible.</doc>
<status status="PASS" start="2025-04-09T14:20:06.974142" elapsed="0.016702"/>
</kw>
<arg>${locator}</arg>
<tag>DONE</tag>
<doc>Verifies that element ``locator`` is found on the current page.</doc>
<status status="PASS" start="2025-04-09T14:20:06.973758" elapsed="0.017221"/>
</kw>
<kw name="Click Element" owner="SeleniumLibrary">
<msg time="2025-04-09T14:20:06.991373" level="INFO">Clicking element '//div[@class = "mxbt-paging-position"]'.</msg>
<arg>${locator}</arg>
<doc>Click the element identified by ``locator``.</doc>
<status status="PASS" start="2025-04-09T14:20:06.991177" elapsed="0.059611"/>
</kw>
<arg>${instance_bezzomate}</arg>
<tag>DONE</tag>
<doc>Click the element identified by ``locator``.</doc>
<status status="PASS" start="2025-04-09T14:20:06.964035" elapsed="0.086923"/>
</kw>
<kw name="Wait For Locator" owner="low_level_keywords">
<kw name="Wait Until Element Is Visible" owner="SeleniumLibrary">
<arg>${locator}</arg>
<arg>timeout=${timeout}</arg>
<doc>Waits until the element ``locator`` is visible.</doc>
<status status="PASS" start="2025-04-09T14:20:07.058920" elapsed="0.016185"/>
</kw>
<arg>${header_actions}</arg>
<tag>DONE</tag>
<doc>Verifies that element ``locator`` is found on the current page.</doc>
<status status="PASS" start="2025-04-09T14:20:07.058548" elapsed="0.016679"/>
</kw>
<kw name="Composed Locator" owner="low_level_keywords">
<kw name="Evaluate" owner="BuiltIn">
<msg time="2025-04-09T14:20:07.078885" level="INFO">${composed} = //div[contains(text(), "22479")]</msg>
<var>${composed}</var>
<arg>'${locator}' % '${text}'</arg>
<doc>Evaluates the given expression in Python and returns the result.</doc>
<status status="PASS" start="2025-04-09T14:20:07.078663" elapsed="0.000252"/>
</kw>
<return>
<value>${composed}</value>
<status status="PASS" start="2025-04-09T14:20:07.078975" elapsed="0.000038"/>
</return>
<msg time="2025-04-09T14:20:07.079124" level="INFO">${locator} = //div[contains(text(), "22479")]</msg>
<var>${locator}</var>
<arg>${dc_readings}</arg>
<arg>${Value}</arg>
<tag>DONE</tag>
<doc>Provides a Composed Locator</doc>
<status status="PASS" start="2025-04-09T14:20:07.078350" elapsed="0.000800"/>
</kw>
<kw name="Wait For Locator" owner="low_level_keywords">
<kw name="Wait Until Element Is Visible" owner="SeleniumLibrary">
<arg>${locator}</arg>
<arg>timeout=${timeout}</arg>
<doc>Waits until the element ``locator`` is visible.</doc>
<status status="PASS" start="2025-04-09T14:20:07.087705" elapsed="0.251901"/>
</kw>
<arg>${locator}</arg>
<tag>DONE</tag>
<doc>Verifies that element ``locator`` is found on the current page.</doc>
<status status="PASS" start="2025-04-09T14:20:07.087308" elapsed="0.252450"/>
</kw>
<kw name="Scroll Element Into View" owner="SeleniumLibrary">
<arg>${locator}</arg>
<doc>Scrolls the element identified by ``locator`` into view.</doc>
<status status="PASS" start="2025-04-09T14:20:07.339993" elapsed="0.285475"/>
</kw>
<kw name="Double Click Element" owner="SeleniumLibrary">
<msg time="2025-04-09T14:20:07.626883" level="INFO">Double clicking element '//div[contains(text(), "22479")]'.</msg>
<arg>${locator}</arg>
<doc>Double clicks the element identified by ``locator``.</doc>
<status status="PASS" start="2025-04-09T14:20:07.626189" elapsed="0.299674"/>
</kw>
<kw name="Capture Page Screenshot" owner="SeleniumLibrary">
<msg time="2025-04-09T14:20:08.058310" level="INFO" html="true">&lt;/td&gt;&lt;/tr&gt;&lt;tr&gt;&lt;td colspan="3"&gt;&lt;a href="selenium-screenshot-73.png"&gt;&lt;img src="selenium-screenshot-73.png" width="800px"&gt;&lt;/a&gt;</msg>
<doc>Takes a screenshot of the current page and embeds it into a log file.</doc>
<status status="PASS" start="2025-04-09T14:20:07.926090" elapsed="0.132391"/>
</kw>
<tag>DONE</tag>
<doc>Verify that the new MEA for Category has the ID in the database</doc>
<status status="PASS" start="2025-04-09T14:20:03.716026" elapsed="4.342607"/>
</kw>
<kw name="Unaccess Bezzomate" owner="db_keywords">
<kw name="Press Keys" owner="SeleniumLibrary">
<msg time="2025-04-09T14:20:08.059605" level="INFO">Sending key(s) ('ALT+B',) to page.</msg>
<msg time="2025-04-09T14:20:08.059671" level="INFO">Pressing special key ALT down.</msg>
<msg time="2025-04-09T14:20:08.059703" level="INFO">Sending key B</msg>
<msg time="2025-04-09T14:20:08.059732" level="INFO">Releasing special key ALT.</msg>
<arg>None</arg>
<arg>ALT+B</arg>
<doc>Simulates the user pressing key(s) to an element or on the active browser.</doc>
<status status="PASS" start="2025-04-09T14:20:08.059334" elapsed="0.016282"/>
</kw>
<kw name="Sleep" owner="BuiltIn">
<msg time="2025-04-09T14:20:11.076666" level="INFO">Slept 3 seconds.</msg>
<arg>3s</arg>
<doc>Pauses the test executed for the given time.</doc>
<status status="PASS" start="2025-04-09T14:20:08.075996" elapsed="3.000995"/>
</kw>
<kw name="Capture Page Screenshot" owner="SeleniumLibrary">
<msg time="2025-04-09T14:20:11.216805" level="INFO" html="true">&lt;/td&gt;&lt;/tr&gt;&lt;tr&gt;&lt;td colspan="3"&gt;&lt;a href="selenium-screenshot-74.png"&gt;&lt;img src="selenium-screenshot-74.png" width="800px"&gt;&lt;/a&gt;</msg>
<doc>Takes a screenshot of the current page and embeds it into a log file.</doc>
<status status="PASS" start="2025-04-09T14:20:11.077765" elapsed="0.139192"/>
</kw>
<tag>DONE</tag>
<doc>Access/Unacess Bezzomate</doc>
<status status="PASS" start="2025-04-09T14:20:08.059047" elapsed="3.158049"/>
</kw>
<kw name="Create a New Project from Dashboard" owner="medium_level_keywords">
<kw name="Wait For Locator" owner="low_level_keywords">
<kw name="Wait Until Element Is Visible" owner="SeleniumLibrary">
<arg>${locator}</arg>
<arg>timeout=${timeout}</arg>
<doc>Waits until the element ``locator`` is visible.</doc>
<status status="PASS" start="2025-04-09T14:20:11.224235" elapsed="0.014879"/>
</kw>
<arg>${new_project_button}</arg>
<tag>DONE</tag>
<doc>Verifies that element ``locator`` is found on the current page.</doc>
<status status="PASS" start="2025-04-09T14:20:11.223922" elapsed="0.015297"/>
</kw>
<kw name="Click On Locator" owner="low_level_keywords">
<kw name="Wait For Locator" owner="low_level_keywords">
<kw name="Wait Until Element Is Visible" owner="SeleniumLibrary">
<arg>${locator}</arg>
<arg>timeout=${timeout}</arg>
[...]
</kw>
<kw name="Click Element" owner="SeleniumLibrary">
<msg time="2025-04-09T14:23:34.076194" level="INFO">Clicking element '//div[contains(text(), "EIS")]'.</msg>
<arg>${locator}</arg>
<doc>Click the element identified by ``locator``.</doc>
<status status="PASS" start="2025-04-09T14:23:34.076000" elapsed="0.064504"/>
</kw>
<arg>${composed}</arg>
<tag>DONE</tag>
<doc>Click the element identified by ``locator``.</doc>
<status status="PASS" start="2025-04-09T14:23:34.051580" elapsed="0.089164"/>
</kw>
<return>
<value>${composed}</value>
<status status="PASS" start="2025-04-09T14:23:34.140858" elapsed="0.000072"/>
</return>
<arg>${bezzomate_search_result}</arg>
<arg>${Readings}</arg>
<tag>DONE</tag>
<doc>Click the element identified by ``locator`` and its text.</doc>
<status status="PASS" start="2025-04-09T14:23:34.046689" elapsed="0.094435"/>
</kw>
<kw name="Wait For Locator" owner="low_level_keywords">
<kw name="Wait Until Element Is Visible" owner="SeleniumLibrary">
<arg>${locator}</arg>
<arg>timeout=${timeout}</arg>
<doc>Waits until the element ``locator`` is visible.</doc>
<status status="PASS" start="2025-04-09T14:23:34.156180" elapsed="0.016702"/>
</kw>
<arg>${instance_bezzomate}</arg>
<tag>DONE</tag>
<doc>Verifies that element ``locator`` is found on the current page.</doc>
<status status="PASS" start="2025-04-09T14:23:34.155817" elapsed="0.017176"/>
</kw>
<kw name="Click On Locator" owner="low_level_keywords">
<kw name="Wait For Locator" owner="low_level_keywords">
<kw name="Wait Until Element Is Visible" owner="SeleniumLibrary">
<arg>${locator}</arg>
<arg>timeout=${timeout}</arg>
<doc>Waits until the element ``locator`` is visible.</doc>
<status status="PASS" start="2025-04-09T14:23:34.185474" elapsed="0.015159"/>
</kw>
<arg>${locator}</arg>
<tag>DONE</tag>
<doc>Verifies that element ``locator`` is found on the current page.</doc>
<status status="PASS" start="2025-04-09T14:23:34.185035" elapsed="0.015715"/>
</kw>
<kw name="Click Element" owner="SeleniumLibrary">
<msg time="2025-04-09T14:23:34.201127" level="INFO">Clicking element '//div[@class = "mxbt-paging-position"]'.</msg>
<arg>${locator}</arg>
<doc>Click the element identified by ``locator``.</doc>
<status status="PASS" start="2025-04-09T14:23:34.200934" elapsed="0.057637"/>
</kw>
<arg>${instance_bezzomate}</arg>
<tag>DONE</tag>
<doc>Click the element identified by ``locator``.</doc>
<status status="PASS" start="2025-04-09T14:23:34.175987" elapsed="0.082686"/>
</kw>
<kw name="Wait For Locator" owner="low_level_keywords">
<kw name="Wait Until Element Is Visible" owner="SeleniumLibrary">
<arg>${locator}</arg>
<arg>timeout=${timeout}</arg>
<doc>Waits until the element ``locator`` is visible.</doc>
<status status="PASS" start="2025-04-09T14:23:34.267681" elapsed="0.014966"/>
</kw>
<arg>${header_actions}</arg>
<tag>DONE</tag>
<doc>Verifies that element ``locator`` is found on the current page.</doc>
<status status="PASS" start="2025-04-09T14:23:34.267307" elapsed="0.015488"/>
</kw>
<kw name="Composed Locator" owner="low_level_keywords">
<kw name="Evaluate" owner="BuiltIn">
<msg time="2025-04-09T14:23:34.286368" level="INFO">${composed} = //div[contains(text(), "1397")]</msg>
<var>${composed}</var>
<arg>'${locator}' % '${text}'</arg>
<doc>Evaluates the given expression in Python and returns the result.</doc>
<status status="PASS" start="2025-04-09T14:23:34.286124" elapsed="0.000275"/>
</kw>
<return>
<value>${composed}</value>
<status status="PASS" start="2025-04-09T14:23:34.286456" elapsed="0.000039"/>
</return>
<msg time="2025-04-09T14:23:34.286605" level="INFO">${locator} = //div[contains(text(), "1397")]</msg>
<var>${locator}</var>
<arg>${dc_readings}</arg>
<arg>${Value}</arg>
<tag>DONE</tag>
<doc>Provides a Composed Locator</doc>
<status status="PASS" start="2025-04-09T14:23:34.285795" elapsed="0.000835"/>
</kw>
<kw name="Wait For Locator" owner="low_level_keywords">
<kw name="Wait Until Element Is Visible" owner="SeleniumLibrary">
<arg>${locator}</arg>
<arg>timeout=${timeout}</arg>
<doc>Waits until the element ``locator`` is visible.</doc>
<status status="PASS" start="2025-04-09T14:23:34.292511" elapsed="0.266455"/>
</kw>
<arg>${locator}</arg>
<tag>DONE</tag>
<doc>Verifies that element ``locator`` is found on the current page.</doc>
<status status="PASS" start="2025-04-09T14:23:34.292230" elapsed="0.266908"/>
</kw>
<kw name="Scroll Element Into View" owner="SeleniumLibrary">
<arg>${locator}</arg>
<doc>Scrolls the element identified by ``locator`` into view.</doc>
<status status="PASS" start="2025-04-09T14:23:34.559433" elapsed="0.296489"/>
</kw>
<kw name="Double Click Element" owner="SeleniumLibrary">
<msg time="2025-04-09T14:23:34.857692" level="INFO">Double clicking element '//div[contains(text(), "1397")]'.</msg>
<arg>${locator}</arg>
<doc>Double clicks the element identified by ``locator``.</doc>
<status status="PASS" start="2025-04-09T14:23:34.856904" elapsed="0.318563"/>
</kw>
<kw name="Capture Page Screenshot" owner="SeleniumLibrary">
<msg time="2025-04-09T14:23:35.321550" level="INFO" html="true">&lt;/td&gt;&lt;/tr&gt;&lt;tr&gt;&lt;td colspan="3"&gt;&lt;a href="selenium-screenshot-130.png"&gt;&lt;img src="selenium-screenshot-130.png" width="800px"&gt;&lt;/a&gt;</msg>
<doc>Takes a screenshot of the current page and embeds it into a log file.</doc>
<status status="PASS" start="2025-04-09T14:23:35.175689" elapsed="0.146012"/>
</kw>
<tag>DONE</tag>
<doc>Verify that the new MEA for Category has the ID in the database</doc>
<status status="PASS" start="2025-04-09T14:23:30.855062" elapsed="4.466778"/>
</kw>
<kw name="Verify that the readings for &quot;LSV&quot; are &quot;22479&quot;" owner="db_keywords" source_name="Verify that the readings for &quot;${Readings}&quot; are &quot;${Value}&quot;">
<kw name="Wait For Locator" owner="low_level_keywords">
<kw name="Wait Until Element Is Visible" owner="SeleniumLibrary">
<arg>${locator}</arg>
<arg>timeout=${timeout}</arg>
<doc>Waits until the element ``locator`` is visible.</doc>
<status status="PASS" start="2025-04-09T14:23:35.328481" elapsed="0.014866"/>
</kw>
<arg>${bezzomate_search_bar}</arg>
<tag>DONE</tag>
<doc>Verifies that element ``locator`` is found on the current page.</doc>
<status status="PASS" start="2025-04-09T14:23:35.328170" elapsed="0.015280"/>
</kw>
<kw name="Scroll Element Into View" owner="SeleniumLibrary">
<arg>${bezzomate_search_bar}</arg>
<doc>Scrolls the element identified by ``locator`` into view.</doc>
<status status="PASS" start="2025-04-09T14:23:35.343625" elapsed="0.274378"/>
</kw>
<kw name="Double Click Element" owner="SeleniumLibrary">
<msg time="2025-04-09T14:23:35.618551" level="INFO">Double clicking element '//div[@class = "mxbt-objs-menu-actions"]/input'.</msg>
<arg>${bezzomate_search_bar}</arg>
<doc>Double clicks the element identified by ``locator``.</doc>
<status status="PASS" start="2025-04-09T14:23:35.618275" elapsed="0.307589"/>
</kw>
<kw name="Click On Locator" owner="low_level_keywords">
<kw name="Wait For Locator" owner="low_level_keywords">
<kw name="Wait Until Element Is Visible" owner="SeleniumLibrary">
<arg>${locator}</arg>
<arg>timeout=${timeout}</arg>
<doc>Waits until the element ``locator`` is visible.</doc>
<status status="PASS" start="2025-04-09T14:23:35.941237" elapsed="0.019611"/>
</kw>
<arg>${locator}</arg>
<tag>DONE</tag>
<doc>Verifies that element ``locator`` is found on the current page.</doc>
<status status="PASS" start="2025-04-09T14:23:35.940855" elapsed="0.020099"/>
</kw>
<kw name="Click Element" owner="SeleniumLibrary">
<msg time="2025-04-09T14:23:35.961335" level="INFO">Clicking element '//div[@class = "mxbt-objs-menu-actions"]/input'.</msg>
<arg>${locator}</arg>
<doc>Click the element identified by ``locator``.</doc>
<status status="PASS" start="2025-04-09T14:23:35.961146" elapsed="0.073024"/>
</kw>
<arg>${bezzomate_search_bar}</arg>
<tag>DONE</tag>
<doc>Click the element identified by ``locator``.</doc>
<status status="PASS" start="2025-04-09T14:23:35.934518" elapsed="0.099795"/>
</kw>
<kw name="Sleep" owner="BuiltIn">
<msg time="2025-04-09T14:23:38.035479" level="INFO">Slept 2 seconds.</msg>
<arg>2</arg>
<doc>Pauses the test executed for the given time.</doc>
<status status="PASS" start="2025-04-09T14:23:36.034560" elapsed="2.001292"/>
</kw>
<kw name="Press Keys" owner="SeleniumLibrary">
<msg time="2025-04-09T14:23:38.037948" level="INFO">Sending key(s) ('CTRL+A',) to page.</msg>
<msg time="2025-04-09T14:23:38.038229" level="INFO">Pressing special key CONTROL down.</msg>
<msg time="2025-04-09T14:23:38.038381" level="INFO">Sending key A</msg>
<msg time="2025-04-09T14:23:38.038517" level="INFO">Releasing special key CONTROL.</msg>
<arg>NONE</arg>
<arg>CTRL+A</arg>
<doc>Simulates the user pressing key(s) to an element or on the active browser.</doc>
<status status="PASS" start="2025-04-09T14:23:38.036752" elapsed="0.033662"/>
</kw>
<kw name="Press Keys" owner="SeleniumLibrary">
<msg time="2025-04-09T14:23:38.071170" level="INFO">Sending key(s) ('BACKSPACE',) to page.</msg>
<msg time="2025-04-09T14:23:38.071267" level="INFO">Pressing special key BACKSPACE to browser.</msg>
<msg time="2025-04-09T14:23:38.071322" level="INFO">Releasing special key BACKSPACE.</msg>
<arg>NONE</arg>
<arg>BACKSPACE</arg>
<doc>Simulates the user pressing key(s) to an element or on the active browser.</doc>
<status status="PASS" start="2025-04-09T14:23:38.070743" elapsed="0.020049"/>
</kw>
<kw name="Send Keys To Locator" owner="low_level_keywords">
<kw name="Wait For Locator" owner="low_level_keywords">
<kw name="Wait Until Element Is Visible" owner="SeleniumLibrary">
<arg>${locator}</arg>
<arg>timeout=${timeout}</arg>
<doc>Waits until the element ``locator`` is visible.</doc>
<status status="PASS" start="2025-04-09T14:23:38.106184" elapsed="0.015148"/>
</kw>
<arg>${locator}</arg>
<tag>DONE</tag>
<doc>Verifies that element ``locator`` is found on the current page.</doc>
<status status="PASS" start="2025-04-09T14:23:38.105809" elapsed="0.015629"/>
</kw>
<kw name="Clear Element Text" owner="SeleniumLibrary">
<arg>${locator}</arg>
<doc>Clears the value of the text-input-element identified by ``locator``.</doc>
<status status="PASS" start="2025-04-09T14:23:38.121621" elapsed="0.026168"/>
</kw>
<kw name="Press Keys" owner="SeleniumLibrary">
<msg time="2025-04-09T14:23:38.148368" level="INFO">Sending key(s) ('LSV',) to //div[@class = "mxbt-objs-menu-actions"]/input element.</msg>
<msg time="2025-04-09T14:23:38.429472" level="INFO">Sending keys LSV</msg>
<arg>${locator}</arg>
<arg>${text}</arg>
<doc>Simulates the user pressing key(s) to an element or on the active browser.</doc>
<status status="PASS" start="2025-04-09T14:23:38.148005" elapsed="0.332225"/>
</kw>
<arg>${bezzomate_search_bar}</arg>
<arg>${Readings}</arg>
<tag>DONE</tag>
<doc>Simulates the user pressing key(s) to an element or on the active browser.</doc>
<status status="PASS" start="2025-04-09T14:23:38.096673" elapsed="0.383677"/>
</kw>
<kw name="Click On Composed Locator" owner="low_level_keywords">
<kw name="Evaluate" owner="BuiltIn">
<msg time="2025-04-09T14:23:38.484436" level="INFO">${composed} = //div[contains(text(), "LSV")]</msg>
<var>${composed}</var>
<arg>'${locator}' % '${text}'</arg>
<doc>Evaluates the given expression in Python and returns the result.</doc>
<status status="PASS" start="2025-04-09T14:23:38.484214" elapsed="0.000254"/>
</kw>
<kw name="Click On Locator" owner="low_level_keywords">
<kw name="Wait For Locator" owner="low_level_keywords">
<kw name="Wait Until Element Is Visible" owner="SeleniumLibrary">
<arg>${locator}</arg>
<arg>timeout=${timeout}</arg>
<doc>Waits until the element ``locator`` is visible.</doc>
<status status="PASS" start="2025-04-09T14:23:38.493529" elapsed="0.019120"/>
</kw>
<arg>${locator}</arg>
<tag>DONE</tag>
<doc>Verifies that element ``locator`` is found on the current page.</doc>
<status status="PASS" start="2025-04-09T14:23:38.492987" elapsed="0.019770"/>
</kw>
<kw name="Click Element" owner="SeleniumLibrary">
<msg time="2025-04-09T14:23:38.513162" level="INFO">Clicking element '//div[contains(text(), "LSV")]'.</msg>
<arg>${locator}</arg>
<doc>Click the element identified by ``locator``.</doc>
<status status="PASS" start="2025-04-09T14:23:38.512958" elapsed="0.065327"/>
</kw>
<arg>${composed}</arg>
<tag>DONE</tag>
<doc>Click the element identified by ``locator``.</doc>
<status status="PASS" start="2025-04-09T14:23:38.487305" elapsed="0.091166"/>
</kw>
<return>
<value>${composed}</value>
<status status="PASS" start="2025-04-09T14:23:38.578634" elapsed="0.000074"/>
</return>
<arg>${bezzomate_search_result}</arg>
<arg>${Readings}</arg>
<tag>DONE</tag>
<doc>Click the element identified by ``locator`` and its text.</doc>
<status status="PASS" start="2025-04-09T14:23:38.483835" elapsed="0.095047"/>
</kw>
<kw name="Wait For Locator" owner="low_level_keywords">
<kw name="Wait Until Element Is Visible" owner="SeleniumLibrary">
<arg>${locator}</arg>
<arg>timeout=${timeout}</arg>
<doc>Waits until the element ``locator`` is visible.</doc>
<status status="PASS" start="2025-04-09T14:23:38.590681" elapsed="0.016371"/>
</kw>
<arg>${instance_bezzomate}</arg>
<tag>DONE</tag>
<doc>Verifies that element ``locator`` is found on the current page.</doc>
<status status="PASS" start="2025-04-09T14:23:38.590279" elapsed="0.016881"/>
</kw>
<kw name="Click On Locator" owner="low_level_keywords">
<kw name="Wait For Locator" owner="low_level_keywords">
<kw name="Wait Until Element Is Visible" owner="SeleniumLibrary">
<arg>${locator}</arg>
<arg>timeout=${timeout}</arg>
<doc>Waits until the element ``locator`` is visible.</doc>
<status status="PASS" start="2025-04-09T14:23:38.619042" elapsed="0.017771"/>
</kw>
<arg>${locator}</arg>
<tag>DONE</tag>
<doc>Verifies that element ``locator`` is found on the current page.</doc>
<status status="PASS" start="2025-04-09T14:23:38.618666" elapsed="0.018266"/>
</kw>
<kw name="Click Element" owner="SeleniumLibrary">
<msg time="2025-04-09T14:23:38.637322" level="INFO">Clicking element '//div[@class = "mxbt-paging-position"]'.</msg>
<arg>${locator}</arg>
<doc>Click the element identified by ``locator``.</doc>
<status status="PASS" start="2025-04-09T14:23:38.637129" elapsed="0.058489"/>
</kw>
<arg>${instance_bezzomate}</arg>
<tag>DONE</tag>
<doc>Click the element identified by ``locator``.</doc>
<status status="PASS" start="2025-04-09T14:23:38.612238" elapsed="0.083498"/>
</kw>
<kw name="Wait For Locator" owner="low_level_keywords">
<kw name="Wait Until Element Is Visible" owner="SeleniumLibrary">
<arg>${locator}</arg>
<arg>timeout=${timeout}</arg>
<doc>Waits until the element ``locator`` is visible.</doc>
<status status="PASS" start="2025-04-09T14:23:38.701736" elapsed="0.016661"/>
</kw>
<arg>${header_actions}</arg>
<tag>DONE</tag>
<doc>Verifies that element ``locator`` is found on the current page.</doc>
<status status="PASS" start="2025-04-09T14:23:38.701421" elapsed="0.017115"/>
</kw>
<kw name="Composed Locator" owner="low_level_keywords">
<kw name="Evaluate" owner="BuiltIn">
<msg time="2025-04-09T14:23:38.722066" level="INFO">${composed} = //div[contains(text(), "22479")]</msg>
<var>${composed}</var>
<arg>'${locator}' % '${text}'</arg>
<doc>Evaluates the given expression in Python and returns the result.</doc>
<status status="PASS" start="2025-04-09T14:23:38.721841" elapsed="0.000256"/>
</kw>
<return>
<value>${composed}</value>
<status status="PASS" start="2025-04-09T14:23:38.722155" elapsed="0.000038"/>
</return>
<msg time="2025-04-09T14:23:38.722302" level="INFO">${locator} = //div[contains(text(), "22479")]</msg>
<var>${locator}</var>
<arg>${dc_readings}</arg>
<arg>${Value}</arg>
<tag>DONE</tag>
<doc>Provides a Composed Locator</doc>
<status status="PASS" start="2025-04-09T14:23:38.721509" elapsed="0.000818"/>
</kw>
<kw name="Wait For Locator" owner="low_level_keywords">
<kw name="Wait Until Element Is Visible" owner="SeleniumLibrary">
<arg>${locator}</arg>
<arg>timeout=${timeout}</arg>
<doc>Waits until the element ``locator`` is visible.</doc>
<status status="PASS" start="2025-04-09T14:23:38.730430" elapsed="0.238166"/>
</kw>
<arg>${locator}</arg>
<tag>DONE</tag>
<doc>Verifies that element ``locator`` is found on the current page.</doc>
<status status="PASS" start="2025-04-09T14:23:38.730038" elapsed="0.238740"/>
</kw>
<kw name="Scroll Element Into View" owner="SeleniumLibrary">
<arg>${locator}</arg>
<doc>Scrolls the element identified by ``locator`` into view.</doc>
<status status="PASS" start="2025-04-09T14:23:38.969123" elapsed="0.297480"/>
</kw>
<kw name="Double Click Element" owner="SeleniumLibrary">
<msg time="2025-04-09T14:23:39.268134" level="INFO">Double clicking element '//div[contains(text(), "22479")]'.</msg>
<arg>${locator}</arg>
<doc>Double clicks the element identified by ``locator``.</doc>
<status status="PASS" start="2025-04-09T14:23:39.267411" elapsed="0.291145"/>
</kw>
<kw name="Capture Page Screenshot" owner="SeleniumLibrary">
<msg time="2025-04-09T14:23:39.731679" level="INFO" html="true">&lt;/td&gt;&lt;/tr&gt;&lt;tr&gt;&lt;td colspan="3"&gt;&lt;a href="selenium-screenshot-131.png"&gt;&lt;img src="selenium-screenshot-131.png" width="800px"&gt;&lt;/a&gt;</msg>
<doc>Takes a screenshot of the current page and embeds it into a log file.</doc>
<status status="PASS" start="2025-04-09T14:23:39.558770" elapsed="0.173056"/>
</kw>
<tag>DONE</tag>
<doc>Verify that the new MEA for Category has the ID in the database</doc>
<status status="PASS" start="2025-04-09T14:23:35.322314" elapsed="4.409641"/>
</kw>
<kw name="Unaccess Bezzomate" owner="db_keywords">
<kw name="Press Keys" owner="SeleniumLibrary">
<msg time="2025-04-09T14:23:39.732887" level="INFO">Sending key(s) ('ALT+B',) to page.</msg>
<msg time="2025-04-09T14:23:39.732955" level="INFO">Pressing special key ALT down.</msg>
<msg time="2025-04-09T14:23:39.732990" level="INFO">Sending key B</msg>
<msg time="2025-04-09T14:23:39.733021" level="INFO">Releasing special key ALT.</msg>
<arg>None</arg>
<arg>ALT+B</arg>
<doc>Simulates the user pressing key(s) to an element or on the active browser.</doc>
<status status="PASS" start="2025-04-09T14:23:39.732607" elapsed="0.016694"/>
</kw>
<kw name="Sleep" owner="BuiltIn">
<msg time="2025-04-09T14:23:42.751471" level="INFO">Slept 3 seconds.</msg>
<arg>3s</arg>
<doc>Pauses the test executed for the given time.</doc>
<status status="PASS" start="2025-04-09T14:23:39.750494" elapsed="3.001441"/>
</kw>
<kw name="Capture Page Screenshot" owner="SeleniumLibrary">
<msg time="2025-04-09T14:23:42.909901" level="INFO" html="true">&lt;/td&gt;&lt;/tr&gt;&lt;tr&gt;&lt;td colspan="3"&gt;&lt;a href="selenium-screenshot-132.png"&gt;&lt;img src="selenium-screenshot-132.png" width="800px"&gt;&lt;/a&gt;</msg>
<doc>Takes a screenshot of the current page and embeds it into a log file.</doc>
<status status="PASS" start="2025-04-09T14:23:42.752776" elapsed="0.157291"/>
</kw>
<tag>DONE</tag>
<doc>Access/Unacess Bezzomate</doc>
<status status="PASS" start="2025-04-09T14:23:39.732321" elapsed="3.177888"/>
</kw>
<kw name="Close Browser" owner="SeleniumLibrary" type="TEARDOWN">
<doc>Closes the current browser.</doc>
<status status="PASS" start="2025-04-09T14:23:42.910718" elapsed="2.518993"/>
</kw>
<status status="PASS" start="2025-04-09T14:19:28.760746" elapsed="256.669818"/>
</test>
<status status="PASS" start="2025-04-09T14:19:28.249379" elapsed="257.185019"/>
</suite>
<statistics>
<total>
<stat pass="1" fail="0" skip="0">All Tests</stat>
</total>
<tag>
</tag>
<suite>
<stat name="SF DB US10" id="s1" pass="1" fail="0" skip="0">SF DB US10</stat>
</suite>
</statistics>
<errors>
<msg time="2025-04-09T14:19:29.145714" level="WARN">The chromedriver version (134.0.6998.35) detected in PATH at D:\chromedriver-win64\chromedriver-win64\chromedriver.exe might not be compatible with the detected chrome version (135.0.7049.84); currently, chromedriver 135.0.7049.84 is recommended for chrome 135.*, so it is advised to delete the driver in PATH and retry</msg>
</errors>
</robot>
