<?xml version="1.0" encoding="UTF-8"?>
<robot generator="Robot 7.2.2 (Python 3.13.2 on win32)" generated="2025-03-13T18:47:09.446038" rpa="false" schemaversion="5">
<suite id="s1" name="SF DB US1" source="D:\SorafuelAutomationTesting\Inovat8-Project-database-main\testsDatabase\SF_DB_US1.robot">
<test id="s1-t1" name="US1 Testing 1 to 1 Association of Project with Project Entry" line="8">
<kw name="Login to Sora Fuel while adding Bezzomate" owner="db_keywords">
<kw name="Open Browser" owner="SeleniumLibrary">
<msg time="2025-03-13T18:47:09.882474" level="INFO">Opening browser 'chrome' to base url 'https://sorafuel.inovat8.com/'.</msg>
<arg>https://sorafuel.inovat8.com/</arg>
<arg>chrome</arg>
<arg>options=add_argument("--load-extension=${EXTENSION_PATH_NEW}")</arg>
<doc>Opens a new browser instance to the optional ``url``.</doc>
<status status="PASS" start="2025-03-13T18:47:09.882194" elapsed="5.412194"/>
</kw>
<kw name="Maximize Browser Window" owner="SeleniumLibrary">
<doc>Maximizes current browser window.</doc>
<status status="PASS" start="2025-03-13T18:47:15.294738" elapsed="0.037252"/>
</kw>
<kw name="Click On Composed Locator" owner="low_level_keywords">
<kw name="Evaluate" owner="BuiltIn">
<msg time="2025-03-13T18:47:15.343378" level="INFO">${composed} = //div/label[text() = "Username"]/following-sibling::div/input</msg>
<var>${composed}</var>
<arg>'${locator}' % '${text}'</arg>
<doc>Evaluates the given expression in Python and returns the result.</doc>
<status status="PASS" start="2025-03-13T18:47:15.342606" elapsed="0.000877"/>
</kw>
<kw name="Click On Locator" owner="low_level_keywords">
<kw name="Wait For Locator" owner="low_level_keywords">
<kw name="Wait Until Element Is Visible" owner="SeleniumLibrary">
<arg>${locator}</arg>
<arg>timeout=${timeout}</arg>
<doc>Waits until the element ``locator`` is visible.</doc>
<status status="PASS" start="2025-03-13T18:47:15.369750" elapsed="1.387009"/>
</kw>
<arg>${locator}</arg>
<tag>DONE</tag>
<doc>Verifies that element ``locator`` is found on the current page.</doc>
<status status="PASS" start="2025-03-13T18:47:15.369367" elapsed="1.387575"/>
</kw>
<kw name="Click Element" owner="SeleniumLibrary">
<msg time="2025-03-13T18:47:16.757593" level="INFO">Clicking element '//div/label[text() = "Username"]/following-sibling::div/input'.</msg>
<arg>${locator}</arg>
<doc>Click the element identified by ``locator``.</doc>
<status status="PASS" start="2025-03-13T18:47:16.757255" elapsed="0.120163"/>
</kw>
<arg>${composed}</arg>
<tag>DONE</tag>
<doc>Click the element identified by ``locator``.</doc>
<status status="PASS" start="2025-03-13T18:47:15.358824" elapsed="1.518715"/>
</kw>
<return>
<value>${composed}</value>
<status status="PASS" start="2025-03-13T18:47:16.877613" elapsed="0.000068"/>
</return>
<arg>${login_credenetials}</arg>
<arg>Username</arg>
<tag>DONE</tag>
<doc>Click the element identified by ``locator`` and its text.</doc>
<status status="PASS" start="2025-03-13T18:47:15.341798" elapsed="1.536085"/>
</kw>
<kw name="Send Keys to Composed Locator" owner="low_level_keywords">
<kw name="Evaluate" owner="BuiltIn">
<msg time="2025-03-13T18:47:16.885875" level="INFO">${composed} = //div/label[text() = "Username"]/following-sibling::div/input</msg>
<var>${composed}</var>
<arg>'${locator}' % '${element_required_to_compose}'</arg>
<doc>Evaluates the given expression in Python and returns the result.</doc>
<status status="PASS" start="2025-03-13T18:47:16.885615" elapsed="0.000294"/>
</kw>
<kw name="Send Keys To Locator" owner="low_level_keywords">
<kw name="Wait For Locator" owner="low_level_keywords">
<kw name="Wait Until Element Is Visible" owner="SeleniumLibrary">
<arg>${locator}</arg>
<arg>timeout=${timeout}</arg>
<doc>Waits until the element ``locator`` is visible.</doc>
<status status="PASS" start="2025-03-13T18:47:16.897347" elapsed="0.030146"/>
</kw>
<arg>${locator}</arg>
<tag>DONE</tag>
<doc>Verifies that element ``locator`` is found on the current page.</doc>
<status status="PASS" start="2025-03-13T18:47:16.896657" elapsed="0.031062"/>
</kw>
<kw name="Clear Element Text" owner="SeleniumLibrary">
<arg>${locator}</arg>
<doc>Clears the value of the text-input-element identified by ``locator``.</doc>
<status status="PASS" start="2025-03-13T18:47:16.928097" elapsed="0.038917"/>
</kw>
<kw name="Press Keys" owner="SeleniumLibrary">
<msg time="2025-03-13T18:47:16.967634" level="INFO">Sending key(s) ('Ahmed',) to //div/label[text() = "Username"]/following-sibling::div/input element.</msg>
<msg time="2025-03-13T18:47:17.270554" level="INFO">Sending keys Ahmed</msg>
<arg>${locator}</arg>
<arg>${text}</arg>
<doc>Simulates the user pressing key(s) to an element or on the active browser.</doc>
<status status="PASS" start="2025-03-13T18:47:16.967238" elapsed="0.393738"/>
</kw>
<arg>${composed}</arg>
<arg>${text_to_enter}</arg>
<tag>DONE</tag>
<doc>Simulates the user pressing key(s) to an element or on the active browser.</doc>
<status status="PASS" start="2025-03-13T18:47:16.890695" elapsed="0.470388"/>
</kw>
<arg>${login_credenetials}</arg>
<arg>Username</arg>
<arg>Ahmed</arg>
<tag>DONE</tag>
<doc>Enter input in the element identified by ``locator`` and its text.</doc>
<status status="PASS" start="2025-03-13T18:47:16.885061" elapsed="0.476093"/>
</kw>
<kw name="Click On Composed Locator" owner="low_level_keywords">
<kw name="Evaluate" owner="BuiltIn">
<msg time="2025-03-13T18:47:17.368214" level="INFO">${composed} = //div/label[text() = "Password"]/following-sibling::div/input</msg>
<var>${composed}</var>
<arg>'${locator}' % '${text}'</arg>
<doc>Evaluates the given expression in Python and returns the result.</doc>
<status status="PASS" start="2025-03-13T18:47:17.367924" elapsed="0.000329"/>
</kw>
<kw name="Click On Locator" owner="low_level_keywords">
<kw name="Wait For Locator" owner="low_level_keywords">
<kw name="Wait Until Element Is Visible" owner="SeleniumLibrary">
<arg>${locator}</arg>
<arg>timeout=${timeout}</arg>
<doc>Waits until the element ``locator`` is visible.</doc>
<status status="PASS" start="2025-03-13T18:47:17.377671" elapsed="0.018238"/>
</kw>
<arg>${locator}</arg>
<tag>DONE</tag>
<doc>Verifies that element ``locator`` is found on the current page.</doc>
<status status="PASS" start="2025-03-13T18:47:17.377386" elapsed="0.018768"/>
</kw>
<kw name="Click Element" owner="SeleniumLibrary">
<msg time="2025-03-13T18:47:17.396544" level="INFO">Clicking element '//div/label[text() = "Password"]/following-sibling::div/input'.</msg>
<arg>${locator}</arg>
<doc>Click the element identified by ``locator``.</doc>
<status status="PASS" start="2025-03-13T18:47:17.396336" elapsed="0.056036"/>
</kw>
<arg>${composed}</arg>
<tag>DONE</tag>
<doc>Click the element identified by ``locator``.</doc>
<status status="PASS" start="2025-03-13T18:47:17.371530" elapsed="0.081088"/>
</kw>
<return>
<value>${composed}</value>
<status status="PASS" start="2025-03-13T18:47:17.452752" elapsed="0.000092"/>
</return>
<arg>${login_credenetials}</arg>
<arg>Password</arg>
<tag>DONE</tag>
<doc>Click the element identified by ``locator`` and its text.</doc>
<status status="PASS" start="2025-03-13T18:47:17.367465" elapsed="0.085535"/>
</kw>
<kw name="Send Keys to Composed Locator" owner="low_level_keywords">
<kw name="Evaluate" owner="BuiltIn">
<msg time="2025-03-13T18:47:17.460502" level="INFO">${composed} = //div/label[text() = "Password"]/following-sibling::div/input</msg>
<var>${composed}</var>
<arg>'${locator}' % '${element_required_to_compose}'</arg>
<doc>Evaluates the given expression in Python and returns the result.</doc>
<status status="PASS" start="2025-03-13T18:47:17.460261" elapsed="0.000276"/>
</kw>
<kw name="Send Keys To Locator" owner="low_level_keywords">
<kw name="Wait For Locator" owner="low_level_keywords">
<kw name="Wait Until Element Is Visible" owner="SeleniumLibrary">
<arg>${locator}</arg>
<arg>timeout=${timeout}</arg>
<doc>Waits until the element ``locator`` is visible.</doc>
<status status="PASS" start="2025-03-13T18:47:17.473043" elapsed="0.016314"/>
</kw>
<arg>${locator}</arg>
<tag>DONE</tag>
<doc>Verifies that element ``locator`` is found on the current page.</doc>
<status status="PASS" start="2025-03-13T18:47:17.472683" elapsed="0.016922"/>
</kw>
<kw name="Clear Element Text" owner="SeleniumLibrary">
<arg>${locator}</arg>
<doc>Clears the value of the text-input-element identified by ``locator``.</doc>
<status status="PASS" start="2025-03-13T18:47:17.489802" elapsed="0.032824"/>
</kw>
<kw name="Press Keys" owner="SeleniumLibrary">
<msg time="2025-03-13T18:47:17.523247" level="INFO">Sending key(s) ('Ahmed@123',) to //div/label[text() = "Password"]/following-sibling::div/input element.</msg>
<msg time="2025-03-13T18:47:17.810000" level="INFO">Sending keys Ahmed@123</msg>
<arg>${locator}</arg>
<arg>${text}</arg>
<doc>Simulates the user pressing key(s) to an element or on the active browser.</doc>
<status status="PASS" start="2025-03-13T18:47:17.522862" elapsed="0.335330"/>
</kw>
<arg>${composed}</arg>
<arg>${text_to_enter}</arg>
<tag>DONE</tag>
<doc>Simulates the user pressing key(s) to an element or on the active browser.</doc>
<status status="PASS" start="2025-03-13T18:47:17.466374" elapsed="0.391953"/>
</kw>
<arg>${login_credenetials}</arg>
<arg>Password</arg>
<arg>Ahmed@123</arg>
<tag>DONE</tag>
<doc>Enter input in the element identified by ``locator`` and its text.</doc>
<status status="PASS" start="2025-03-13T18:47:17.459867" elapsed="0.398545"/>
</kw>
<kw name="Capture Page Screenshot" owner="SeleniumLibrary">
<msg time="2025-03-13T18:47:18.006721" level="INFO" html="true">&lt;/td&gt;&lt;/tr&gt;&lt;tr&gt;&lt;td colspan="3"&gt;&lt;a href="selenium-screenshot-10.png"&gt;&lt;img src="selenium-screenshot-10.png" width="800px"&gt;&lt;/a&gt;</msg>
<doc>Takes a screenshot of the current page and embeds it into a log file.</doc>
<status status="PASS" start="2025-03-13T18:47:17.858645" elapsed="0.148228"/>
</kw>
<kw name="Click On Locator" owner="low_level_keywords">
<kw name="Wait For Locator" owner="low_level_keywords">
<kw name="Wait Until Element Is Visible" owner="SeleniumLibrary">
<arg>${locator}</arg>
<arg>timeout=${timeout}</arg>
<doc>Waits until the element ``locator`` is visible.</doc>
<status status="PASS" start="2025-03-13T18:47:18.015424" elapsed="0.017543"/>
</kw>
<arg>${locator}</arg>
<tag>DONE</tag>
<doc>Verifies that element ``locator`` is found on the current page.</doc>
<status status="PASS" start="2025-03-13T18:47:18.015134" elapsed="0.017937"/>
</kw>
<kw name="Click Element" owner="SeleniumLibrary">
<msg time="2025-03-13T18:47:18.033446" level="INFO">Clicking element '//button[text() = "Sign in"]'.</msg>
<arg>${locator}</arg>
<doc>Click the element identified by ``locator``.</doc>
<status status="PASS" start="2025-03-13T18:47:18.033247" elapsed="0.058052"/>
</kw>
<arg>${signin_button}</arg>
<tag>DONE</tag>
<doc>Click the element identified by ``locator``.</doc>
<status status="PASS" start="2025-03-13T18:47:18.009772" elapsed="0.081707"/>
</kw>
<kw name="Wait For Locator" owner="low_level_keywords">
<kw name="Wait Until Element Is Visible" owner="SeleniumLibrary">
<arg>${locator}</arg>
<arg>timeout=${timeout}</arg>
<doc>Waits until the element ``locator`` is visible.</doc>
<status status="PASS" start="2025-03-13T18:47:18.099074" elapsed="4.441163"/>
</kw>
<arg>${new_project_button}</arg>
<tag>DONE</tag>
<doc>Verifies that element ``locator`` is found on the current page.</doc>
<status status="PASS" start="2025-03-13T18:47:18.098706" elapsed="4.441730"/>
</kw>
<kw name="Capture Page Screenshot" owner="SeleniumLibrary">
<msg time="2025-03-13T18:47:22.844717" level="INFO" html="true">&lt;/td&gt;&lt;/tr&gt;&lt;tr&gt;&lt;td colspan="3"&gt;&lt;a href="selenium-screenshot-11.png"&gt;&lt;img src="selenium-screenshot-11.png" width="800px"&gt;&lt;/a&gt;</msg>
<doc>Takes a screenshot of the current page and embeds it into a log file.</doc>
<status status="PASS" start="2025-03-13T18:47:22.540871" elapsed="0.303989"/>
</kw>
<tag>DONE</tag>
<doc>Login to Sora Fuel while adding Bezzomate</doc>
<status status="PASS" start="2025-03-13T18:47:09.881460" elapsed="12.963570"/>
</kw>
<kw name="Create a New Project from Dashboard" owner="medium_level_keywords">
<kw name="Wait For Locator" owner="low_level_keywords">
<kw name="Wait Until Element Is Visible" owner="SeleniumLibrary">
<arg>${locator}</arg>
<arg>timeout=${timeout}</arg>
<doc>Waits until the element ``locator`` is visible.</doc>
<status status="PASS" start="2025-03-13T18:47:22.854268" elapsed="0.018647"/>
</kw>
<arg>${new_project_button}</arg>
<tag>DONE</tag>
<doc>Verifies that element ``locator`` is found on the current page.</doc>
<status status="PASS" start="2025-03-13T18:47:22.853888" elapsed="0.019148"/>
</kw>
<kw name="Click On Locator" owner="low_level_keywords">
<kw name="Wait For Locator" owner="low_level_keywords">
<kw name="Wait Until Element Is Visible" owner="SeleniumLibrary">
<arg>${locator}</arg>
<arg>timeout=${timeout}</arg>
<doc>Waits until the element ``locator`` is visible.</doc>
<status status="PASS" start="2025-03-13T18:47:22.884943" elapsed="0.011941"/>
</kw>
<arg>${locator}</arg>
<tag>DONE</tag>
<doc>Verifies that element ``locator`` is found on the current page.</doc>
<status status="PASS" start="2025-03-13T18:47:22.884093" elapsed="0.012898"/>
</kw>
<kw name="Click Element" owner="SeleniumLibrary">
<msg time="2025-03-13T18:47:22.897370" level="INFO">Clicking element '//button[text() = "New Project"]'.</msg>
<arg>${locator}</arg>
<doc>Click the element identified by ``locator``.</doc>
<status status="PASS" start="2025-03-13T18:47:22.897179" elapsed="0.066826"/>
</kw>
<arg>${new_project_button}</arg>
<tag>DONE</tag>
<doc>Click the element identified by ``locator``.</doc>
<status status="PASS" start="2025-03-13T18:47:22.876113" elapsed="0.087994"/>
</kw>
<kw name="Wait For Locator" owner="low_level_keywords">
<kw name="Wait Until Element Is Visible" owner="SeleniumLibrary">
<arg>${locator}</arg>
<arg>timeout=${timeout}</arg>
<doc>Waits until the element ``locator`` is visible.</doc>
<status status="PASS" start="2025-03-13T18:47:22.972631" elapsed="2.219821"/>
</kw>
<arg>${new_project_id}</arg>
<tag>DONE</tag>
<doc>Verifies that element ``locator`` is found on the current page.</doc>
<status status="PASS" start="2025-03-13T18:47:22.972252" elapsed="2.220303"/>
</kw>
<kw name="Capture Page Screenshot" owner="SeleniumLibrary">
<msg time="2025-03-13T18:47:25.511697" level="INFO" html="true">&lt;/td&gt;&lt;/tr&gt;&lt;tr&gt;&lt;td colspan="3"&gt;&lt;a href="selenium-screenshot-12.png"&gt;&lt;img src="selenium-screenshot-12.png" width="800px"&gt;&lt;/a&gt;</msg>
<doc>Takes a screenshot of the current page and embeds it into a log file.</doc>
<status status="PASS" start="2025-03-13T18:47:25.192729" elapsed="0.319114"/>
</kw>
<tag>DONE</tag>
<doc>Create a New Project from Dashboard</doc>
<status status="PASS" start="2025-03-13T18:47:22.845473" elapsed="2.666521"/>
</kw>
<kw name="Enter all the credentials in New Project Page &quot;Database testing&quot;, &quot;Via Robot Framework&quot;, &quot;2/18/2025&quot;, &quot;Ahmed&quot;" owner="high_level_keywords" source_name="Enter all the credentials in New Project Page &quot;${Name}&quot;, &quot;${Details}&quot;, &quot;${SDate}&quot;, &quot;${Owner}&quot;">
<kw name="Click On Locator" owner="low_level_keywords">
<kw name="Wait For Locator" owner="low_level_keywords">
<kw name="Wait Until Element Is Visible" owner="SeleniumLibrary">
<arg>${locator}</arg>
<arg>timeout=${timeout}</arg>
<doc>Waits until the element ``locator`` is visible.</doc>
<status status="PASS" start="2025-03-13T18:47:25.525226" elapsed="0.021415"/>
</kw>
<arg>${locator}</arg>
<tag>DONE</tag>
<doc>Verifies that element ``locator`` is found on the current page.</doc>
<status status="PASS" start="2025-03-13T18:47:25.524866" elapsed="0.021996"/>
</kw>
<kw name="Click Element" owner="SeleniumLibrary">
<msg time="2025-03-13T18:47:25.548252" level="INFO">Clicking element '//label[text() = "Project Name"]/parent::div/input'.</msg>
<arg>${locator}</arg>
<doc>Click the element identified by ``locator``.</doc>
<status status="PASS" start="2025-03-13T18:47:25.547340" elapsed="0.075608"/>
</kw>
<arg>${new_project_name}</arg>
<tag>DONE</tag>
<doc>Click the element identified by ``locator``.</doc>
<status status="PASS" start="2025-03-13T18:47:25.518281" elapsed="0.104946"/>
</kw>
<kw name="Write On Locator" owner="low_level_keywords">
<kw name="Wait For Locator" owner="low_level_keywords">
<kw name="Wait Until Element Is Visible" owner="SeleniumLibrary">
<arg>${locator}</arg>
<arg>timeout=${timeout}</arg>
<doc>Waits until the element ``locator`` is visible.</doc>
<status status="PASS" start="2025-03-13T18:47:25.636741" elapsed="0.014672"/>
</kw>
<arg>${locator}</arg>
<tag>DONE</tag>
<doc>Verifies that element ``locator`` is found on the current page.</doc>
<status status="PASS" start="2025-03-13T18:47:25.636368" elapsed="0.015221"/>
</kw>
<kw name="Input Text" owner="SeleniumLibrary">
<msg time="2025-03-13T18:47:25.652099" level="INFO">Typing text 'Database testing' into text field '//label[text() = "Project Name"]/parent::div/input'.</msg>
<arg>${locator}</arg>
<arg>${text}</arg>
<doc>Types the given ``text`` into the text field identified by ``locator``.</doc>
<status status="PASS" start="2025-03-13T18:47:25.651836" elapsed="0.119244"/>
</kw>
<arg>${new_project_name}</arg>
<arg>${Name}</arg>
<tag>DONE</tag>
<doc>Click the element identified by ``locator``.</doc>
<status status="PASS" start="2025-03-13T18:47:25.627249" elapsed="0.144036"/>
</kw>
<kw name="Click On Locator" owner="low_level_keywords">
<kw name="Wait For Locator" owner="low_level_keywords">
<kw name="Wait Until Element Is Visible" owner="SeleniumLibrary">
<arg>${locator}</arg>
<arg>timeout=${timeout}</arg>
<doc>Waits until the element ``locator`` is visible.</doc>
<status status="PASS" start="2025-03-13T18:47:25.799108" elapsed="0.038212"/>
</kw>
<arg>${locator}</arg>
<tag>DONE</tag>
<doc>Verifies that element ``locator`` is found on the current page.</doc>
<status status="PASS" start="2025-03-13T18:47:25.797524" elapsed="0.039958"/>
</kw>
<kw name="Click Element" owner="SeleniumLibrary">
<msg time="2025-03-13T18:47:25.837925" level="INFO">Clicking element '//label[text() = "Project detail"]/parent::div/textarea'.</msg>
<arg>${locator}</arg>
<doc>Click the element identified by ``locator``.</doc>
<status status="PASS" start="2025-03-13T18:47:25.837697" elapsed="0.079214"/>
</kw>
<arg>${new_project_detail}</arg>
<tag>DONE</tag>
<doc>Click the element identified by ``locator``.</doc>
<status status="PASS" start="2025-03-13T18:47:25.779513" elapsed="0.137618"/>
</kw>
<kw name="Capture Page Screenshot" owner="SeleniumLibrary">
<msg time="2025-03-13T18:47:26.103586" level="INFO" html="true">&lt;/td&gt;&lt;/tr&gt;&lt;tr&gt;&lt;td colspan="3"&gt;&lt;a href="selenium-screenshot-13.png"&gt;&lt;img src="selenium-screenshot-13.png" width="800px"&gt;&lt;/a&gt;</msg>
<doc>Takes a screenshot of the current page and embeds it into a log file.</doc>
<status status="PASS" start="2025-03-13T18:47:25.917560" elapsed="0.186172"/>
</kw>
<kw name="Write On Locator" owner="low_level_keywords">
<kw name="Wait For Locator" owner="low_level_keywords">
<kw name="Wait Until Element Is Visible" owner="SeleniumLibrary">
<arg>${locator}</arg>
<arg>timeout=${timeout}</arg>
<doc>Waits until the element ``locator`` is visible.</doc>
<status status="PASS" start="2025-03-13T18:47:26.117791" elapsed="0.020617"/>
</kw>
<arg>${locator}</arg>
<tag>DONE</tag>
<doc>Verifies that element ``locator`` is found on the current page.</doc>
<status status="PASS" start="2025-03-13T18:47:26.117043" elapsed="0.021562"/>
</kw>
<kw name="Input Text" owner="SeleniumLibrary">
<msg time="2025-03-13T18:47:26.139335" level="INFO">Typing text 'Via Robot Framework' into text field '//label[text() = "Project detail"]/parent::div/textarea'.</msg>
<arg>${locator}</arg>
<arg>${text}</arg>
<doc>Types the given ``text`` into the text field identified by ``locator``.</doc>
<status status="PASS" start="2025-03-13T18:47:26.138921" elapsed="0.155603"/>
</kw>
<arg>${new_project_detail}</arg>
<arg>${Details}</arg>
<tag>DONE</tag>
<doc>Click the element identified by ``locator``.</doc>
<status status="PASS" start="2025-03-13T18:47:26.106616" elapsed="0.188084"/>
</kw>
<kw name="Click On Locator" owner="low_level_keywords">
<kw name="Wait For Locator" owner="low_level_keywords">
<kw name="Wait Until Element Is Visible" owner="SeleniumLibrary">
<arg>${locator}</arg>
<arg>timeout=${timeout}</arg>
<doc>Waits until the element ``locator`` is visible.</doc>
<status status="PASS" start="2025-03-13T18:47:26.322152" elapsed="0.025513"/>
</kw>
<arg>${locator}</arg>
<tag>DONE</tag>
<doc>Verifies that element ``locator`` is found on the current page.</doc>
<status status="PASS" start="2025-03-13T18:47:26.321470" elapsed="0.026359"/>
</kw>
<kw name="Click Element" owner="SeleniumLibrary">
<msg time="2025-03-13T18:47:26.348462" level="INFO">Clicking element '//div[@class= "mx-compound-control"]/input'.</msg>
<arg>${locator}</arg>
<doc>Click the element identified by ``locator``.</doc>
<status status="PASS" start="2025-03-13T18:47:26.348110" elapsed="0.111679"/>
</kw>
<arg>${new_project_start_date}</arg>
<tag>DONE</tag>
<doc>Click the element identified by ``locator``.</doc>
<status status="PASS" start="2025-03-13T18:47:26.305292" elapsed="0.154659"/>
</kw>
<kw name="Mouse Over" owner="SeleniumLibrary">
<msg time="2025-03-13T18:47:26.460586" level="INFO">Simulating Mouse Over on element '//div[@class= "mx-compound-control"]/input'.</msg>
<arg>${new_project_start_date}</arg>
<doc>Simulates hovering the mouse over the element ``locator``.</doc>
<status status="PASS" start="2025-03-13T18:47:26.460254" elapsed="0.318334"/>
</kw>
<kw name="Sleep" owner="BuiltIn">
<msg time="2025-03-13T18:47:27.279935" level="INFO">Slept 500 milliseconds.</msg>
<arg>0.5</arg>
<doc>Pauses the test executed for the given time.</doc>
<status status="PASS" start="2025-03-13T18:47:26.778931" elapsed="0.501408"/>
</kw>
<kw name="Press Keys" owner="SeleniumLibrary">
<msg time="2025-03-13T18:47:27.281100" level="INFO">Sending key(s) ('CTRL+A',) to page.</msg>
<msg time="2025-03-13T18:47:27.281183" level="INFO">Pressing special key CONTROL down.</msg>
<msg time="2025-03-13T18:47:27.281268" level="INFO">Sending key A</msg>
<msg time="2025-03-13T18:47:27.281322" level="INFO">Releasing special key CONTROL.</msg>
<arg>NONE</arg>
<arg>CTRL+A</arg>
<doc>Simulates the user pressing key(s) to an element or on the active browser.</doc>
<status status="PASS" start="2025-03-13T18:47:27.280658" elapsed="0.013248"/>
</kw>
<kw name="Sleep" owner="BuiltIn">
<msg time="2025-03-13T18:47:27.794860" level="INFO">Slept 500 milliseconds.</msg>
<arg>0.5</arg>
<doc>Pauses the test executed for the given time.</doc>
<status status="PASS" start="2025-03-13T18:47:27.294105" elapsed="0.501172"/>
</kw>
<kw name="Press Keys" owner="SeleniumLibrary">
<msg time="2025-03-13T18:47:27.797483" level="INFO">Sending key(s) ('BACKSPACE',) to page.</msg>
<msg time="2025-03-13T18:47:27.797802" level="INFO">Pressing special key BACKSPACE to browser.</msg>
<msg time="2025-03-13T18:47:27.797993" level="INFO">Releasing special key BACKSPACE.</msg>
<arg>NONE</arg>
<arg>BACKSPACE</arg>
<doc>Simulates the user pressing key(s) to an element or on the active browser.</doc>
<status status="PASS" start="2025-03-13T18:47:27.796131" elapsed="0.045432"/>
</kw>
<kw name="Write On Locator" owner="low_level_keywords">
<kw name="Wait For Locator" owner="low_level_keywords">
<kw name="Wait Until Element Is Visible" owner="SeleniumLibrary">
<arg>${locator}</arg>
<arg>timeout=${timeout}</arg>
<doc>Waits until the element ``locator`` is visible.</doc>
<status status="PASS" start="2025-03-13T18:47:27.858213" elapsed="0.015588"/>
</kw>
<arg>${locator}</arg>
<tag>DONE</tag>
<doc>Verifies that element ``locator`` is found on the current page.</doc>
<status status="PASS" start="2025-03-13T18:47:27.857775" elapsed="0.016134"/>
</kw>
<kw name="Input Text" owner="SeleniumLibrary">
<msg time="2025-03-13T18:47:27.874370" level="INFO">Typing text '2/18/2025' into text field '//div[@class= "mx-compound-control"]/input'.</msg>
<arg>${locator}</arg>
<arg>${text}</arg>
<doc>Types the given ``text`` into the text field identified by ``locator``.</doc>
<status status="PASS" start="2025-03-13T18:47:27.874083" elapsed="0.069552"/>
</kw>
<arg>${new_project_start_date}</arg>
<arg>${SDate}</arg>
<tag>DONE</tag>
<doc>Click the element identified by ``locator``.</doc>
<status status="PASS" start="2025-03-13T18:47:27.847896" elapsed="0.095923"/>
</kw>
<kw name="Click On Locator" owner="low_level_keywords">
<kw name="Wait For Locator" owner="low_level_keywords">
<kw name="Wait Until Element Is Visible" owner="SeleniumLibrary">
<arg>${locator}</arg>
<arg>timeout=${timeout}</arg>
<doc>Waits until the element ``locator`` is visible.</doc>
<status status="PASS" start="2025-03-13T18:47:27.954516" elapsed="0.017891"/>
</kw>
<arg>${locator}</arg>
<tag>DONE</tag>
<doc>Verifies that element ``locator`` is found on the current page.</doc>
<status status="PASS" start="2025-03-13T18:47:27.954225" elapsed="0.018358"/>
</kw>
<kw name="Click Element" owner="SeleniumLibrary">
<msg time="2025-03-13T18:47:27.973010" level="INFO">Clicking element '//span[@class = "widget-combobox-icon-container"]'.</msg>
<arg>${locator}</arg>
<doc>Click the element identified by ``locator``.</doc>
<status status="PASS" start="2025-03-13T18:47:27.972798" elapsed="0.063256"/>
</kw>
<arg>${new_project_owner_dropdown}</arg>
<tag>DONE</tag>
<doc>Click the element identified by ``locator``.</doc>
<status status="PASS" start="2025-03-13T18:47:27.948810" elapsed="0.087483"/>
</kw>
<kw name="Send Keys To Locator" owner="low_level_keywords">
<kw name="Wait For Locator" owner="low_level_keywords">
<kw name="Wait Until Element Is Visible" owner="SeleniumLibrary">
<arg>${locator}</arg>
<arg>timeout=${timeout}</arg>
<doc>Waits until the element ``locator`` is visible.</doc>
<status status="PASS" start="2025-03-13T18:47:28.051083" elapsed="0.021108"/>
</kw>
<arg>${locator}</arg>
<tag>DONE</tag>
<doc>Verifies that element ``locator`` is found on the current page.</doc>
<status status="PASS" start="2025-03-13T18:47:28.050720" elapsed="0.021579"/>
</kw>
<kw name="Clear Element Text" owner="SeleniumLibrary">
<arg>${locator}</arg>
<doc>Clears the value of the text-input-element identified by ``locator``.</doc>
<status status="PASS" start="2025-03-13T18:47:28.072489" elapsed="0.036440"/>
</kw>
<kw name="Press Keys" owner="SeleniumLibrary">
<msg time="2025-03-13T18:47:28.109507" level="INFO">Sending key(s) ('Ahmed',) to //div/input[@class = "widget-combobox-input"] element.</msg>
<msg time="2025-03-13T18:47:28.400961" level="INFO">Sending keys Ahmed</msg>
<arg>${locator}</arg>
<arg>${text}</arg>
<doc>Simulates the user pressing key(s) to an element or on the active browser.</doc>
<status status="PASS" start="2025-03-13T18:47:28.109134" elapsed="0.345671"/>
</kw>
<arg>${new_project_owner_input}</arg>
<arg>${Owner}</arg>
<tag>DONE</tag>
<doc>Simulates the user pressing key(s) to an element or on the active browser.</doc>
<status status="PASS" start="2025-03-13T18:47:28.042160" elapsed="0.412781"/>
</kw>
<kw name="Press Key" owner="SeleniumLibrary">
<arg>${new_project_owner_input}</arg>
<arg>\\13</arg>
<doc>Simulates user pressing key on element identified by ``locator``.</doc>
<status status="PASS" start="2025-03-13T18:47:28.455148" elapsed="0.051418"/>
</kw>
<kw name="Capture Page Screenshot" owner="SeleniumLibrary">
<msg time="2025-03-13T18:47:28.642097" level="INFO" html="true">&lt;/td&gt;&lt;/tr&gt;&lt;tr&gt;&lt;td colspan="3"&gt;&lt;a href="selenium-screenshot-14.png"&gt;&lt;img src="selenium-screenshot-14.png" width="800px"&gt;&lt;/a&gt;</msg>
<doc>Takes a screenshot of the current page and embeds it into a log file.</doc>
<status status="PASS" start="2025-03-13T18:47:28.506790" elapsed="0.135462"/>
</kw>
<tag>DONE</tag>
<doc>Enter all the credentials in New Project Page</doc>
<status status="PASS" start="2025-03-13T18:47:25.512719" elapsed="3.129671"/>
</kw>
<kw name="Enter a New Project ID &quot;990&quot; from New Project Page and Save Changes" owner="medium_level_keywords" source_name="Enter a New Project ID &quot;${ID}&quot; from New Project Page and Save Changes">
<kw name="Click On Locator" owner="low_level_keywords">
<kw name="Wait For Locator" owner="low_level_keywords">
<kw name="Wait Until Element Is Visible" owner="SeleniumLibrary">
<arg>${locator}</arg>
<arg>timeout=${timeout}</arg>
<doc>Waits until the element ``locator`` is visible.</doc>
<status status="PASS" start="2025-03-13T18:47:28.652931" elapsed="0.019231"/>
</kw>
<arg>${locator}</arg>
<tag>DONE</tag>
<doc>Verifies that element ``locator`` is found on the current page.</doc>
<status status="PASS" start="2025-03-13T18:47:28.652586" elapsed="0.019680"/>
</kw>
<kw name="Click Element" owner="SeleniumLibrary">
<msg time="2025-03-13T18:47:28.672643" level="INFO">Clicking element '//div[@class = "mx-name-textBox4 mx-textbox form-group no-columns"]/input'.</msg>
<arg>${locator}</arg>
<doc>Click the element identified by ``locator``.</doc>
<status status="PASS" start="2025-03-13T18:47:28.672440" elapsed="0.069074"/>
</kw>
<arg>${new_project_id}</arg>
<tag>DONE</tag>
<doc>Click the element identified by ``locator``.</doc>
<status status="PASS" start="2025-03-13T18:47:28.646857" elapsed="0.094788"/>
</kw>
<kw name="Send Keys To Locator" owner="low_level_keywords">
<kw name="Wait For Locator" owner="low_level_keywords">
<kw name="Wait Until Element Is Visible" owner="SeleniumLibrary">
<arg>${locator}</arg>
<arg>timeout=${timeout}</arg>
<doc>Waits until the element ``locator`` is visible.</doc>
<status status="PASS" start="2025-03-13T18:47:28.758127" elapsed="0.017518"/>
</kw>
<arg>${locator}</arg>
<tag>DONE</tag>
<doc>Verifies that element ``locator`` is found on the current page.</doc>
<status status="PASS" start="2025-03-13T18:47:28.757850" elapsed="0.017917"/>
</kw>
<kw name="Clear Element Text" owner="SeleniumLibrary">
<arg>${locator}</arg>
<doc>Clears the value of the text-input-element identified by ``locator``.</doc>
<status status="PASS" start="2025-03-13T18:47:28.775939" elapsed="0.031216"/>
</kw>
<kw name="Press Keys" owner="SeleniumLibrary">
<msg time="2025-03-13T18:47:28.807720" level="INFO">Sending key(s) ('990',) to //div[@class = "mx-name-textBox4 mx-textbox form-group no-columns"]/input element.</msg>
<msg time="2025-03-13T18:47:29.140079" level="INFO">Sending keys 990</msg>
<arg>${locator}</arg>
<arg>${text}</arg>
<doc>Simulates the user pressing key(s) to an element or on the active browser.</doc>
<status status="PASS" start="2025-03-13T18:47:28.807361" elapsed="0.391864"/>
</kw>
<arg>${new_project_id}</arg>
<arg>${ID}</arg>
<tag>DONE</tag>
<doc>Simulates the user pressing key(s) to an element or on the active browser.</doc>
<status status="PASS" start="2025-03-13T18:47:28.752404" elapsed="0.446950"/>
</kw>
<kw name="Capture Page Screenshot" owner="SeleniumLibrary">
<msg time="2025-03-13T18:47:29.363576" level="INFO" html="true">&lt;/td&gt;&lt;/tr&gt;&lt;tr&gt;&lt;td colspan="3"&gt;&lt;a href="selenium-screenshot-15.png"&gt;&lt;img src="selenium-screenshot-15.png" width="800px"&gt;&lt;/a&gt;</msg>
<doc>Takes a screenshot of the current page and embeds it into a log file.</doc>
<status status="PASS" start="2025-03-13T18:47:29.199552" elapsed="0.164134"/>
</kw>
<kw name="Click On Locator" owner="low_level_keywords">
<kw name="Wait For Locator" owner="low_level_keywords">
<kw name="Wait Until Element Is Visible" owner="SeleniumLibrary">
<arg>${locator}</arg>
<arg>timeout=${timeout}</arg>
<doc>Waits until the element ``locator`` is visible.</doc>
<status status="PASS" start="2025-03-13T18:47:29.372480" elapsed="0.017217"/>
</kw>
<arg>${locator}</arg>
<tag>DONE</tag>
<doc>Verifies that element ``locator`` is found on the current page.</doc>
<status status="PASS" start="2025-03-13T18:47:29.372187" elapsed="0.017634"/>
</kw>
<kw name="Click Element" owner="SeleniumLibrary">
<msg time="2025-03-13T18:47:29.390289" level="INFO">Clicking element '//button[text() = "Save"]'.</msg>
<arg>${locator}</arg>
<doc>Click the element identified by ``locator``.</doc>
<status status="PASS" start="2025-03-13T18:47:29.389997" elapsed="0.058008"/>
</kw>
<arg>${new_project_save}</arg>
<tag>DONE</tag>
<doc>Click the element identified by ``locator``.</doc>
<status status="PASS" start="2025-03-13T18:47:29.366676" elapsed="0.081435"/>
</kw>
<kw name="Wait For Locator" owner="low_level_keywords">
<kw name="Wait Until Element Is Visible" owner="SeleniumLibrary">
<arg>${locator}</arg>
<arg>timeout=${timeout}</arg>
<doc>Waits until the element ``locator`` is visible.</doc>
<status status="PASS" start="2025-03-13T18:47:29.453713" elapsed="0.016544"/>
</kw>
<arg>${new_project_button}</arg>
<tag>DONE</tag>
<doc>Verifies that element ``locator`` is found on the current page.</doc>
<status status="PASS" start="2025-03-13T18:47:29.453411" elapsed="0.016952"/>
</kw>
<kw name="Capture Page Screenshot" owner="SeleniumLibrary">
<msg time="2025-03-13T18:47:29.644425" level="INFO" html="true">&lt;/td&gt;&lt;/tr&gt;&lt;tr&gt;&lt;td colspan="3"&gt;&lt;a href="selenium-screenshot-16.png"&gt;&lt;img src="selenium-screenshot-16.png" width="800px"&gt;&lt;/a&gt;</msg>
<doc>Takes a screenshot of the current page and embeds it into a log file.</doc>
<status status="PASS" start="2025-03-13T18:47:29.470558" elapsed="0.174010"/>
</kw>
<tag>DONE</tag>
<doc>Enter a New Project ID from New Project Page and Save Changes</doc>
<status status="PASS" start="2025-03-13T18:47:28.642843" elapsed="1.001861"/>
</kw>
<kw name="Refresh Feed" owner="medium_level_keywords">
<kw name="Reload Page" owner="SeleniumLibrary">
<doc>Simulates user reloading page.</doc>
<status status="PASS" start="2025-03-13T18:47:29.645347" elapsed="0.389423"/>
</kw>
<kw name="Wait For Locator" owner="low_level_keywords">
<kw name="Wait Until Element Is Visible" owner="SeleniumLibrary">
<arg>${locator}</arg>
<arg>timeout=${timeout}</arg>
<doc>Waits until the element ``locator`` is visible.</doc>
<status status="PASS" start="2025-03-13T18:47:30.051824" elapsed="1.651381"/>
</kw>
<arg>${sf_logo}</arg>
<tag>DONE</tag>
<doc>Verifies that element ``locator`` is found on the current page.</doc>
<status status="PASS" start="2025-03-13T18:47:30.051375" elapsed="1.651948"/>
</kw>
<kw name="Capture Page Screenshot" owner="SeleniumLibrary">
<msg time="2025-03-13T18:47:31.825050" level="INFO" html="true">&lt;/td&gt;&lt;/tr&gt;&lt;tr&gt;&lt;td colspan="3"&gt;&lt;a href="selenium-screenshot-17.png"&gt;&lt;img src="selenium-screenshot-17.png" width="800px"&gt;&lt;/a&gt;</msg>
<doc>Takes a screenshot of the current page and embeds it into a log file.</doc>
<status status="PASS" start="2025-03-13T18:47:31.703503" elapsed="0.121691"/>
</kw>
<tag>DONE</tag>
<doc>Refresh Feed</doc>
<status status="PASS" start="2025-03-13T18:47:29.645076" elapsed="2.180283"/>
</kw>
<kw name="Access Bezzomate" owner="db_keywords">
<kw name="Press Keys" owner="SeleniumLibrary">
<msg time="2025-03-13T18:47:31.826392" level="INFO">Sending key(s) ('ALT+B',) to page.</msg>
<msg time="2025-03-13T18:47:31.826459" level="INFO">Pressing special key ALT down.</msg>
<msg time="2025-03-13T18:47:31.826492" level="INFO">Sending key B</msg>
<msg time="2025-03-13T18:47:31.826520" level="INFO">Releasing special key ALT.</msg>
<arg>None</arg>
<arg>ALT+B</arg>
<doc>Simulates the user pressing key(s) to an element or on the active browser.</doc>
<status status="PASS" start="2025-03-13T18:47:31.826104" elapsed="0.008125"/>
</kw>
<kw name="Sleep" owner="BuiltIn">
<msg time="2025-03-13T18:47:34.835584" level="INFO">Slept 3 seconds.</msg>
<arg>3s</arg>
<doc>Pauses the test executed for the given time.</doc>
<status status="PASS" start="2025-03-13T18:47:31.834450" elapsed="3.001498"/>
</kw>
<kw name="Capture Page Screenshot" owner="SeleniumLibrary">
<msg time="2025-03-13T18:47:34.971240" level="INFO" html="true">&lt;/td&gt;&lt;/tr&gt;&lt;tr&gt;&lt;td colspan="3"&gt;&lt;a href="selenium-screenshot-18.png"&gt;&lt;img src="selenium-screenshot-18.png" width="800px"&gt;&lt;/a&gt;</msg>
<doc>Takes a screenshot of the current page and embeds it into a log file.</doc>
<status status="PASS" start="2025-03-13T18:47:34.836800" elapsed="0.134636"/>
</kw>
<tag>DONE</tag>
<doc>Access Bezzomate</doc>
<status status="PASS" start="2025-03-13T18:47:31.825799" elapsed="3.145779"/>
</kw>
<kw name="Navigate to the Category &quot;State&quot; from Bezzomate" owner="db_keywords" source_name="Navigate to the Category &quot;${Category}&quot; from Bezzomate">
<kw name="Wait For Composed Locator" owner="low_level_keywords">
<kw name="Evaluate" owner="BuiltIn">
<msg time="2025-03-13T18:47:34.978007" level="INFO">${composed} = //div[contains(text(), "State")]</msg>
<var>${composed}</var>
<arg>'${locator}' % '${text}'</arg>
<doc>Evaluates the given expression in Python and returns the result.</doc>
<status status="PASS" start="2025-03-13T18:47:34.977792" elapsed="0.000246"/>
</kw>
<kw name="Wait For Locator" owner="low_level_keywords">
<kw name="Wait Until Element Is Visible" owner="SeleniumLibrary">
<msg time="2025-03-13T18:47:54.884538" level="WARN">Retrying (Retry(total=2, connect=None, read=None, redirect=None, status=None)) after connection broken by 'ConnectionResetError(10054, 'An existing connection was forcibly closed by the remote host', None, 10054, None)': /session/f66ba020ae0c6f831f52e4eded428dd5/screenshot</msg>
<errors>
<msg time="2025-03-13T18:47:54.884538" level="WARN">Retrying (Retry(total=2, connect=None, read=None, redirect=None, status=None)) after connection broken by 'ConnectionResetError(10054, 'An existing connection was forcibly closed by the remote host', None, 10054, None)': /session/f66ba020ae0c6f831f52e4eded428dd5/screenshot</msg>
<msg time="2025-03-13T18:47:56.931315" level="ERROR">Execution stopped by user.</msg>
</errors>
</robot>
